2025-03-16 09:33:50.233 [info] [main] Log level: Info
2025-03-16 09:33:50.233 [info] [main] Validating found git in: "git"
2025-03-16 09:33:50.233 [info] [main] Using git "2.43.0" from "git"
2025-03-16 09:33:50.233 [info] [Model][doInitialScan] Initial repository scan started
2025-03-16 09:33:50.233 [info] > git rev-parse --show-toplevel [23ms]
2025-03-16 09:33:50.233 [info] > git rev-parse --git-dir --git-common-dir [5ms]
2025-03-16 09:33:50.233 [info] [Model][openRepository] Opened repository: /workspace/project
2025-03-16 09:33:50.233 [info] > git config --get commit.template [4ms]
2025-03-16 09:33:50.233 [info] > git rev-parse --show-toplevel [2ms]
2025-03-16 09:33:50.233 [info] > git rev-parse --show-toplevel [90ms]
2025-03-16 09:33:50.233 [info] [Model][doInitialScan] Initial repository scan completed - repositories (1), closed repositories (0), parent repositories (0), unsafe repositories (0)
2025-03-16 09:33:50.233 [info] > git for-each-ref --format=%(refname)%00%(upstream:short)%00%(objectname)%00%(upstream:track)%00%(upstream:remotename)%00%(upstream:remoteref) refs/heads/main refs/remotes/main [93ms]
2025-03-16 09:33:50.233 [warning] [Git][revParse] Unable to read file: ENOENT: no such file or directory, open '/workspace/project/.git/refs/remotes/origin/main'
2025-03-16 09:33:50.233 [info] > git rev-parse refs/remotes/origin/main [25ms]
2025-03-16 09:33:50.233 [info] > git status -z -uall [5ms]
2025-03-16 09:33:50.233 [info] > git for-each-ref --sort -committerdate --format %(refname) %(objectname) %(*objectname) [2ms]
2025-03-16 09:33:50.233 [info] > git for-each-ref --format=%(refname)%00%(upstream:short)%00%(objectname)%00%(upstream:track)%00%(upstream:remotename)%00%(upstream:remoteref) refs/heads/main refs/remotes/main [6ms]
2025-03-16 09:33:50.233 [info] > git config --get commit.template [8ms]
2025-03-16 09:33:50.233 [info] > git config --get --local branch.main.vscode-merge-base [4ms]
2025-03-16 09:33:50.233 [info] > git for-each-ref --format=%(refname)%00%(upstream:short)%00%(objectname)%00%(upstream:track)%00%(upstream:remotename)%00%(upstream:remoteref) refs/heads/origin/main refs/remotes/origin/main [4ms]
2025-03-16 09:33:50.233 [info] > git for-each-ref --format=%(refname)%00%(upstream:short)%00%(objectname)%00%(upstream:track)%00%(upstream:remotename)%00%(upstream:remoteref) refs/heads/main refs/remotes/main [11ms]
2025-03-16 09:33:50.233 [warning] [Git][revParse] Unable to read file: ENOENT: no such file or directory, open '/workspace/project/.git/refs/remotes/origin/main'
2025-03-16 09:33:50.234 [info] > git rev-parse refs/remotes/origin/main [2ms]
2025-03-16 09:33:50.240 [info] > git merge-base refs/heads/main refs/remotes/origin/main [13ms]
2025-03-16 09:33:50.244 [info] > git status -z -uall [7ms]
2025-03-16 09:33:50.244 [info] > git for-each-ref --sort -committerdate --format %(refname) %(objectname) %(*objectname) [4ms]
2025-03-16 09:33:50.255 [info] > git diff --name-status -z --diff-filter=ADMR 84988b9eb3c1f6ec24770309af32c32e6f4b25f8...refs/remotes/origin/main [12ms]
2025-03-16 09:33:50.255 [info] > git merge-base refs/heads/main refs/remotes/origin/main [5ms]
2025-03-16 09:33:50.261 [info] > git diff --name-status -z --diff-filter=ADMR 84988b9eb3c1f6ec24770309af32c32e6f4b25f8...refs/remotes/origin/main [2ms]
2025-03-16 09:33:50.737 [info] > git check-ignore -v -z --stdin [2ms]
2025-03-16 09:33:52.889 [info] > git config --get --local branch.main.github-pr-owner-number [1ms]
2025-03-16 09:33:52.889 [warning] [Git][config] git config failed: Failed to execute git
2025-03-16 09:33:59.271 [info] > git config --get commit.template [5ms]
2025-03-16 09:33:59.275 [info] > git for-each-ref --format=%(refname)%00%(upstream:short)%00%(objectname)%00%(upstream:track)%00%(upstream:remotename)%00%(upstream:remoteref) refs/heads/main refs/remotes/main [5ms]
2025-03-16 09:33:59.278 [warning] [Git][revParse] Unable to read file: ENOENT: no such file or directory, open '/workspace/project/.git/refs/remotes/origin/main'
2025-03-16 09:33:59.280 [info] > git rev-parse refs/remotes/origin/main [2ms]
2025-03-16 09:33:59.286 [info] > git status -z -uall [4ms]
2025-03-16 09:33:59.288 [info] > git for-each-ref --sort -committerdate --format %(refname) %(objectname) %(*objectname) [3ms]
2025-03-16 09:35:06.239 [info] > git config --get commit.template [5ms]
2025-03-16 09:35:06.243 [info] > git for-each-ref --format=%(refname)%00%(upstream:short)%00%(objectname)%00%(upstream:track)%00%(upstream:remotename)%00%(upstream:remoteref) refs/heads/main refs/remotes/main [6ms]
2025-03-16 09:35:06.247 [warning] [Git][revParse] Unable to read file: ENOENT: no such file or directory, open '/workspace/project/.git/refs/remotes/origin/main'
2025-03-16 09:35:06.248 [info] > git rev-parse refs/remotes/origin/main [1ms]
2025-03-16 09:35:06.257 [info] > git status -z -uall [4ms]
2025-03-16 09:35:06.259 [info] > git for-each-ref --sort -committerdate --format %(refname) %(objectname) %(*objectname) [2ms]
2025-03-16 09:35:13.790 [info] > git config --get commit.template [6ms]
2025-03-16 09:35:13.793 [info] > git for-each-ref --format=%(refname)%00%(upstream:short)%00%(objectname)%00%(upstream:track)%00%(upstream:remotename)%00%(upstream:remoteref) refs/heads/main refs/remotes/main [5ms]
2025-03-16 09:35:13.797 [warning] [Git][revParse] Unable to read file: ENOENT: no such file or directory, open '/workspace/project/.git/refs/remotes/origin/main'
2025-03-16 09:35:13.798 [info] > git rev-parse refs/remotes/origin/main [1ms]
2025-03-16 09:35:13.806 [info] > git status -z -uall [4ms]
2025-03-16 09:35:13.808 [info] > git for-each-ref --sort -committerdate --format %(refname) %(objectname) %(*objectname) [2ms]
2025-03-16 09:35:39.317 [info] > git config --get commit.template [4ms]
2025-03-16 09:35:39.322 [info] > git for-each-ref --format=%(refname)%00%(upstream:short)%00%(objectname)%00%(upstream:track)%00%(upstream:remotename)%00%(upstream:remoteref) refs/heads/main refs/remotes/main [5ms]
2025-03-16 09:35:39.325 [warning] [Git][revParse] Unable to read file: ENOENT: no such file or directory, open '/workspace/project/.git/refs/remotes/origin/main'
2025-03-16 09:35:39.327 [info] > git rev-parse refs/remotes/origin/main [2ms]
2025-03-16 09:35:39.334 [info] > git status -z -uall [4ms]
2025-03-16 09:35:39.336 [info] > git for-each-ref --sort -committerdate --format %(refname) %(objectname) %(*objectname) [2ms]
2025-03-16 09:35:39.349 [info] > git merge-base refs/heads/main refs/remotes/origin/main [5ms]
2025-03-16 09:35:39.356 [info] > git diff --name-status -z --diff-filter=ADMR 84988b9eb3c1f6ec24770309af32c32e6f4b25f8...refs/remotes/origin/main [2ms]
2025-03-16 09:35:39.509 [info] > git config --get --local branch.main.github-pr-owner-number [1ms]
2025-03-16 09:35:39.509 [warning] [Git][config] git config failed: Failed to execute git
2025-03-16 09:35:57.387 [info] > git config --get commit.template [4ms]
2025-03-16 09:35:57.392 [info] > git for-each-ref --format=%(refname)%00%(upstream:short)%00%(objectname)%00%(upstream:track)%00%(upstream:remotename)%00%(upstream:remoteref) refs/heads/main refs/remotes/main [5ms]
2025-03-16 09:35:57.396 [warning] [Git][revParse] Unable to read file: ENOENT: no such file or directory, open '/workspace/project/.git/refs/remotes/origin/main'
2025-03-16 09:35:57.397 [info] > git rev-parse refs/remotes/origin/main [2ms]
2025-03-16 09:35:57.405 [info] > git status -z -uall [5ms]
2025-03-16 09:35:57.407 [info] > git for-each-ref --sort -committerdate --format %(refname) %(objectname) %(*objectname) [3ms]
2025-03-16 09:35:57.420 [info] > git merge-base refs/heads/main refs/remotes/origin/main [6ms]
2025-03-16 09:35:57.425 [info] > git diff --name-status -z --diff-filter=ADMR 84988b9eb3c1f6ec24770309af32c32e6f4b25f8...refs/remotes/origin/main [1ms]
2025-03-16 09:35:57.591 [info] > git config --get --local branch.main.github-pr-owner-number [1ms]
2025-03-16 09:35:57.591 [warning] [Git][config] git config failed: Failed to execute git
2025-03-16 09:36:05.096 [info] > git config --get commit.template [5ms]
2025-03-16 09:36:05.101 [info] > git for-each-ref --format=%(refname)%00%(upstream:short)%00%(objectname)%00%(upstream:track)%00%(upstream:remotename)%00%(upstream:remoteref) refs/heads/main refs/remotes/main [6ms]
2025-03-16 09:36:05.105 [warning] [Git][revParse] Unable to read file: ENOENT: no such file or directory, open '/workspace/project/.git/refs/remotes/origin/main'
2025-03-16 09:36:05.107 [info] > git rev-parse refs/remotes/origin/main [1ms]
2025-03-16 09:36:05.114 [info] > git status -z -uall [4ms]
2025-03-16 09:36:05.116 [info] > git for-each-ref --sort -committerdate --format %(refname) %(objectname) %(*objectname) [2ms]
2025-03-16 09:37:08.785 [info] > git config --get commit.template [4ms]
2025-03-16 09:37:08.790 [info] > git for-each-ref --format=%(refname)%00%(upstream:short)%00%(objectname)%00%(upstream:track)%00%(upstream:remotename)%00%(upstream:remoteref) refs/heads/main refs/remotes/main [5ms]
2025-03-16 09:37:08.794 [warning] [Git][revParse] Unable to read file: ENOENT: no such file or directory, open '/workspace/project/.git/refs/remotes/origin/main'
2025-03-16 09:37:08.796 [info] > git rev-parse refs/remotes/origin/main [1ms]
2025-03-16 09:37:08.804 [info] > git status -z -uall [5ms]
2025-03-16 09:37:08.805 [info] > git for-each-ref --sort -committerdate --format %(refname) %(objectname) %(*objectname) [3ms]
2025-03-16 09:37:25.563 [info] > git config --get commit.template [4ms]
2025-03-16 09:37:25.569 [info] > git for-each-ref --format=%(refname)%00%(upstream:short)%00%(objectname)%00%(upstream:track)%00%(upstream:remotename)%00%(upstream:remoteref) refs/heads/main refs/remotes/main [6ms]
2025-03-16 09:37:25.572 [warning] [Git][revParse] Unable to read file: ENOENT: no such file or directory, open '/workspace/project/.git/refs/remotes/origin/main'
2025-03-16 09:37:25.574 [info] > git rev-parse refs/remotes/origin/main [2ms]
2025-03-16 09:37:25.582 [info] > git status -z -uall [5ms]
2025-03-16 09:37:25.584 [info] > git for-each-ref --sort -committerdate --format %(refname) %(objectname) %(*objectname) [3ms]
2025-03-16 09:37:30.598 [info] > git config --get commit.template [5ms]
2025-03-16 09:37:30.603 [info] > git for-each-ref --format=%(refname)%00%(upstream:short)%00%(objectname)%00%(upstream:track)%00%(upstream:remotename)%00%(upstream:remoteref) refs/heads/main refs/remotes/main [5ms]
2025-03-16 09:37:30.607 [warning] [Git][revParse] Unable to read file: ENOENT: no such file or directory, open '/workspace/project/.git/refs/remotes/origin/main'
2025-03-16 09:37:30.609 [info] > git rev-parse refs/remotes/origin/main [1ms]
2025-03-16 09:37:30.616 [info] > git status -z -uall [4ms]
2025-03-16 09:37:30.618 [info] > git for-each-ref --sort -committerdate --format %(refname) %(objectname) %(*objectname) [2ms]
2025-03-16 09:37:35.631 [info] > git config --get commit.template [5ms]
2025-03-16 09:37:35.635 [info] > git for-each-ref --format=%(refname)%00%(upstream:short)%00%(objectname)%00%(upstream:track)%00%(upstream:remotename)%00%(upstream:remoteref) refs/heads/main refs/remotes/main [5ms]
2025-03-16 09:37:35.639 [warning] [Git][revParse] Unable to read file: ENOENT: no such file or directory, open '/workspace/project/.git/refs/remotes/origin/main'
2025-03-16 09:37:35.641 [info] > git rev-parse refs/remotes/origin/main [2ms]
2025-03-16 09:37:35.649 [info] > git status -z -uall [4ms]
2025-03-16 09:37:35.651 [info] > git for-each-ref --sort -committerdate --format %(refname) %(objectname) %(*objectname) [2ms]
2025-03-16 09:37:40.663 [info] > git config --get commit.template [4ms]
2025-03-16 09:37:40.668 [info] > git for-each-ref --format=%(refname)%00%(upstream:short)%00%(objectname)%00%(upstream:track)%00%(upstream:remotename)%00%(upstream:remoteref) refs/heads/main refs/remotes/main [5ms]
2025-03-16 09:37:40.671 [warning] [Git][revParse] Unable to read file: ENOENT: no such file or directory, open '/workspace/project/.git/refs/remotes/origin/main'
2025-03-16 09:37:40.673 [info] > git rev-parse refs/remotes/origin/main [2ms]
2025-03-16 09:37:40.680 [info] > git status -z -uall [4ms]
2025-03-16 09:37:40.682 [info] > git for-each-ref --sort -committerdate --format %(refname) %(objectname) %(*objectname) [2ms]
2025-03-16 09:37:45.696 [info] > git config --get commit.template [5ms]
2025-03-16 09:37:45.701 [info] > git for-each-ref --format=%(refname)%00%(upstream:short)%00%(objectname)%00%(upstream:track)%00%(upstream:remotename)%00%(upstream:remoteref) refs/heads/main refs/remotes/main [6ms]
2025-03-16 09:37:45.705 [warning] [Git][revParse] Unable to read file: ENOENT: no such file or directory, open '/workspace/project/.git/refs/remotes/origin/main'
2025-03-16 09:37:45.706 [info] > git rev-parse refs/remotes/origin/main [1ms]
2025-03-16 09:37:45.714 [info] > git status -z -uall [4ms]
2025-03-16 09:37:45.716 [info] > git for-each-ref --sort -committerdate --format %(refname) %(objectname) %(*objectname) [2ms]
2025-03-16 09:37:50.729 [info] > git config --get commit.template [4ms]
2025-03-16 09:37:50.734 [info] > git for-each-ref --format=%(refname)%00%(upstream:short)%00%(objectname)%00%(upstream:track)%00%(upstream:remotename)%00%(upstream:remoteref) refs/heads/main refs/remotes/main [6ms]
2025-03-16 09:37:50.738 [warning] [Git][revParse] Unable to read file: ENOENT: no such file or directory, open '/workspace/project/.git/refs/remotes/origin/main'
2025-03-16 09:37:50.739 [info] > git rev-parse refs/remotes/origin/main [1ms]
2025-03-16 09:37:50.748 [info] > git status -z -uall [4ms]
2025-03-16 09:37:50.751 [info] > git for-each-ref --sort -committerdate --format %(refname) %(objectname) %(*objectname) [2ms]
2025-03-16 09:37:50.764 [info] > git merge-base refs/heads/main refs/remotes/origin/main [6ms]
2025-03-16 09:37:50.770 [info] > git diff --name-status -z --diff-filter=ADMR 84988b9eb3c1f6ec24770309af32c32e6f4b25f8...refs/remotes/origin/main [2ms]
2025-03-16 09:37:50.922 [info] > git config --get --local branch.main.github-pr-owner-number [1ms]
2025-03-16 09:37:50.922 [warning] [Git][config] git config failed: Failed to execute git
2025-03-16 09:38:06.691 [info] > git config --get commit.template [4ms]
2025-03-16 09:38:06.696 [info] > git for-each-ref --format=%(refname)%00%(upstream:short)%00%(objectname)%00%(upstream:track)%00%(upstream:remotename)%00%(upstream:remoteref) refs/heads/main refs/remotes/main [6ms]
2025-03-16 09:38:06.699 [warning] [Git][revParse] Unable to read file: ENOENT: no such file or directory, open '/workspace/project/.git/refs/remotes/origin/main'
2025-03-16 09:38:06.700 [info] > git rev-parse refs/remotes/origin/main [1ms]
2025-03-16 09:38:06.707 [info] > git status -z -uall [4ms]
2025-03-16 09:38:06.709 [info] > git for-each-ref --sort -committerdate --format %(refname) %(objectname) %(*objectname) [2ms]
2025-03-16 09:38:13.349 [info] > git config --get commit.template [5ms]
2025-03-16 09:38:13.354 [info] > git for-each-ref --format=%(refname)%00%(upstream:short)%00%(objectname)%00%(upstream:track)%00%(upstream:remotename)%00%(upstream:remoteref) refs/heads/main refs/remotes/main [5ms]
2025-03-16 09:38:13.358 [warning] [Git][revParse] Unable to read file: ENOENT: no such file or directory, open '/workspace/project/.git/refs/remotes/origin/main'
2025-03-16 09:38:13.360 [info] > git rev-parse refs/remotes/origin/main [1ms]
2025-03-16 09:38:13.367 [info] > git status -z -uall [4ms]
2025-03-16 09:38:13.369 [info] > git for-each-ref --sort -committerdate --format %(refname) %(objectname) %(*objectname) [2ms]
2025-03-16 09:38:18.383 [info] > git config --get commit.template [5ms]
2025-03-16 09:38:18.388 [info] > git for-each-ref --format=%(refname)%00%(upstream:short)%00%(objectname)%00%(upstream:track)%00%(upstream:remotename)%00%(upstream:remoteref) refs/heads/main refs/remotes/main [6ms]
2025-03-16 09:38:18.391 [warning] [Git][revParse] Unable to read file: ENOENT: no such file or directory, open '/workspace/project/.git/refs/remotes/origin/main'
2025-03-16 09:38:18.393 [info] > git rev-parse refs/remotes/origin/main [2ms]
2025-03-16 09:38:18.401 [info] > git status -z -uall [4ms]
2025-03-16 09:38:18.403 [info] > git for-each-ref --sort -committerdate --format %(refname) %(objectname) %(*objectname) [2ms]
2025-03-16 09:38:33.277 [info] > git config --get commit.template [5ms]
2025-03-16 09:38:33.282 [info] > git for-each-ref --format=%(refname)%00%(upstream:short)%00%(objectname)%00%(upstream:track)%00%(upstream:remotename)%00%(upstream:remoteref) refs/heads/main refs/remotes/main [6ms]
2025-03-16 09:38:33.286 [warning] [Git][revParse] Unable to read file: ENOENT: no such file or directory, open '/workspace/project/.git/refs/remotes/origin/main'
2025-03-16 09:38:33.288 [info] > git rev-parse refs/remotes/origin/main [2ms]
2025-03-16 09:38:33.295 [info] > git status -z -uall [4ms]
2025-03-16 09:38:33.298 [info] > git for-each-ref --sort -committerdate --format %(refname) %(objectname) %(*objectname) [2ms]
2025-03-16 09:38:38.310 [info] > git config --get commit.template [4ms]
2025-03-16 09:38:38.315 [info] > git for-each-ref --format=%(refname)%00%(upstream:short)%00%(objectname)%00%(upstream:track)%00%(upstream:remotename)%00%(upstream:remoteref) refs/heads/main refs/remotes/main [5ms]
2025-03-16 09:38:38.319 [warning] [Git][revParse] Unable to read file: ENOENT: no such file or directory, open '/workspace/project/.git/refs/remotes/origin/main'
2025-03-16 09:38:38.320 [info] > git rev-parse refs/remotes/origin/main [1ms]
2025-03-16 09:38:38.328 [info] > git status -z -uall [4ms]
2025-03-16 09:38:38.330 [info] > git for-each-ref --sort -committerdate --format %(refname) %(objectname) %(*objectname) [2ms]
2025-03-16 09:38:43.342 [info] > git config --get commit.template [5ms]
2025-03-16 09:38:43.346 [info] > git for-each-ref --format=%(refname)%00%(upstream:short)%00%(objectname)%00%(upstream:track)%00%(upstream:remotename)%00%(upstream:remoteref) refs/heads/main refs/remotes/main [6ms]
2025-03-16 09:38:43.349 [warning] [Git][revParse] Unable to read file: ENOENT: no such file or directory, open '/workspace/project/.git/refs/remotes/origin/main'
2025-03-16 09:38:43.350 [info] > git rev-parse refs/remotes/origin/main [1ms]
2025-03-16 09:38:43.357 [info] > git status -z -uall [4ms]
2025-03-16 09:38:43.359 [info] > git for-each-ref --sort -committerdate --format %(refname) %(objectname) %(*objectname) [2ms]
2025-03-16 09:38:43.371 [info] > git merge-base refs/heads/main refs/remotes/origin/main [5ms]
2025-03-16 09:38:43.375 [info] > git diff --name-status -z --diff-filter=ADMR 84988b9eb3c1f6ec24770309af32c32e6f4b25f8...refs/remotes/origin/main [1ms]
2025-03-16 09:38:43.530 [info] > git config --get --local branch.main.github-pr-owner-number [1ms]
2025-03-16 09:38:43.531 [warning] [Git][config] git config failed: Failed to execute git
2025-03-16 09:38:48.375 [info] > git config --get commit.template [4ms]
2025-03-16 09:38:48.380 [info] > git for-each-ref --format=%(refname)%00%(upstream:short)%00%(objectname)%00%(upstream:track)%00%(upstream:remotename)%00%(upstream:remoteref) refs/heads/main refs/remotes/main [5ms]
2025-03-16 09:38:48.384 [warning] [Git][revParse] Unable to read file: ENOENT: no such file or directory, open '/workspace/project/.git/refs/remotes/origin/main'
2025-03-16 09:38:48.386 [info] > git rev-parse refs/remotes/origin/main [2ms]
2025-03-16 09:38:48.395 [info] > git status -z -uall [5ms]
2025-03-16 09:38:48.397 [info] > git for-each-ref --sort -committerdate --format %(refname) %(objectname) %(*objectname) [3ms]
2025-03-16 09:38:53.945 [info] > git config --get commit.template [5ms]
2025-03-16 09:38:53.950 [info] > git for-each-ref --format=%(refname)%00%(upstream:short)%00%(objectname)%00%(upstream:track)%00%(upstream:remotename)%00%(upstream:remoteref) refs/heads/main refs/remotes/main [6ms]
2025-03-16 09:38:53.953 [warning] [Git][revParse] Unable to read file: ENOENT: no such file or directory, open '/workspace/project/.git/refs/remotes/origin/main'
2025-03-16 09:38:53.955 [info] > git rev-parse refs/remotes/origin/main [2ms]
2025-03-16 09:38:53.961 [info] > git status -z -uall [4ms]
2025-03-16 09:38:53.963 [info] > git for-each-ref --sort -committerdate --format %(refname) %(objectname) %(*objectname) [2ms]
2025-03-16 09:38:58.975 [info] > git config --get commit.template [4ms]
2025-03-16 09:38:58.980 [info] > git for-each-ref --format=%(refname)%00%(upstream:short)%00%(objectname)%00%(upstream:track)%00%(upstream:remotename)%00%(upstream:remoteref) refs/heads/main refs/remotes/main [5ms]
2025-03-16 09:38:58.984 [warning] [Git][revParse] Unable to read file: ENOENT: no such file or directory, open '/workspace/project/.git/refs/remotes/origin/main'
2025-03-16 09:38:58.985 [info] > git rev-parse refs/remotes/origin/main [1ms]
2025-03-16 09:38:58.994 [info] > git status -z -uall [5ms]
2025-03-16 09:38:58.995 [info] > git for-each-ref --sort -committerdate --format %(refname) %(objectname) %(*objectname) [2ms]
2025-03-16 09:39:26.772 [info] > git config --get commit.template [4ms]
2025-03-16 09:39:26.776 [info] > git for-each-ref --format=%(refname)%00%(upstream:short)%00%(objectname)%00%(upstream:track)%00%(upstream:remotename)%00%(upstream:remoteref) refs/heads/main refs/remotes/main [5ms]
2025-03-16 09:39:26.780 [warning] [Git][revParse] Unable to read file: ENOENT: no such file or directory, open '/workspace/project/.git/refs/remotes/origin/main'
2025-03-16 09:39:26.781 [info] > git rev-parse refs/remotes/origin/main [1ms]
2025-03-16 09:39:26.788 [info] > git status -z -uall [4ms]
2025-03-16 09:39:26.789 [info] > git for-each-ref --sort -committerdate --format %(refname) %(objectname) %(*objectname) [2ms]
2025-03-16 09:39:31.802 [info] > git config --get commit.template [4ms]
2025-03-16 09:39:31.807 [info] > git for-each-ref --format=%(refname)%00%(upstream:short)%00%(objectname)%00%(upstream:track)%00%(upstream:remotename)%00%(upstream:remoteref) refs/heads/main refs/remotes/main [5ms]
2025-03-16 09:39:31.811 [warning] [Git][revParse] Unable to read file: ENOENT: no such file or directory, open '/workspace/project/.git/refs/remotes/origin/main'
2025-03-16 09:39:31.812 [info] > git rev-parse refs/remotes/origin/main [1ms]
2025-03-16 09:39:31.821 [info] > git status -z -uall [5ms]
2025-03-16 09:39:31.823 [info] > git for-each-ref --sort -committerdate --format %(refname) %(objectname) %(*objectname) [3ms]
2025-03-16 09:39:44.486 [info] > git config --get commit.template [5ms]
2025-03-16 09:39:44.492 [info] > git for-each-ref --format=%(refname)%00%(upstream:short)%00%(objectname)%00%(upstream:track)%00%(upstream:remotename)%00%(upstream:remoteref) refs/heads/main refs/remotes/main [5ms]
2025-03-16 09:39:44.495 [warning] [Git][revParse] Unable to read file: ENOENT: no such file or directory, open '/workspace/project/.git/refs/remotes/origin/main'
2025-03-16 09:39:44.497 [info] > git rev-parse refs/remotes/origin/main [2ms]
2025-03-16 09:39:44.505 [info] > git status -z -uall [4ms]
2025-03-16 09:39:44.507 [info] > git for-each-ref --sort -committerdate --format %(refname) %(objectname) %(*objectname) [2ms]
2025-03-16 09:39:44.520 [info] > git merge-base refs/heads/main refs/remotes/origin/main [5ms]
2025-03-16 09:39:44.526 [info] > git diff --name-status -z --diff-filter=ADMR 84988b9eb3c1f6ec24770309af32c32e6f4b25f8...refs/remotes/origin/main [2ms]
2025-03-16 09:39:44.680 [info] > git config --get --local branch.main.github-pr-owner-number [2ms]
2025-03-16 09:39:44.680 [warning] [Git][config] git config failed: Failed to execute git
2025-03-16 09:39:49.527 [info] > git config --get commit.template [6ms]
2025-03-16 09:39:49.533 [info] > git for-each-ref --format=%(refname)%00%(upstream:short)%00%(objectname)%00%(upstream:track)%00%(upstream:remotename)%00%(upstream:remoteref) refs/heads/main refs/remotes/main [6ms]
2025-03-16 09:39:49.537 [warning] [Git][revParse] Unable to read file: ENOENT: no such file or directory, open '/workspace/project/.git/refs/remotes/origin/main'
2025-03-16 09:39:49.539 [info] > git rev-parse refs/remotes/origin/main [1ms]
2025-03-16 09:39:49.548 [info] > git status -z -uall [5ms]
2025-03-16 09:39:49.551 [info] > git for-each-ref --sort -committerdate --format %(refname) %(objectname) %(*objectname) [3ms]
2025-03-16 09:39:54.564 [info] > git config --get commit.template [4ms]
2025-03-16 09:39:54.569 [info] > git for-each-ref --format=%(refname)%00%(upstream:short)%00%(objectname)%00%(upstream:track)%00%(upstream:remotename)%00%(upstream:remoteref) refs/heads/main refs/remotes/main [5ms]
2025-03-16 09:39:54.573 [warning] [Git][revParse] Unable to read file: ENOENT: no such file or directory, open '/workspace/project/.git/refs/remotes/origin/main'
2025-03-16 09:39:54.574 [info] > git rev-parse refs/remotes/origin/main [1ms]
2025-03-16 09:39:54.582 [info] > git status -z -uall [4ms]
2025-03-16 09:39:54.584 [info] > git for-each-ref --sort -committerdate --format %(refname) %(objectname) %(*objectname) [3ms]
2025-03-16 09:39:59.596 [info] > git config --get commit.template [4ms]
2025-03-16 09:39:59.601 [info] > git for-each-ref --format=%(refname)%00%(upstream:short)%00%(objectname)%00%(upstream:track)%00%(upstream:remotename)%00%(upstream:remoteref) refs/heads/main refs/remotes/main [6ms]
2025-03-16 09:39:59.604 [warning] [Git][revParse] Unable to read file: ENOENT: no such file or directory, open '/workspace/project/.git/refs/remotes/origin/main'
2025-03-16 09:39:59.606 [info] > git rev-parse refs/remotes/origin/main [2ms]
2025-03-16 09:39:59.612 [info] > git status -z -uall [4ms]
2025-03-16 09:39:59.614 [info] > git for-each-ref --sort -committerdate --format %(refname) %(objectname) %(*objectname) [2ms]
2025-03-16 09:40:04.627 [info] > git config --get commit.template [4ms]
2025-03-16 09:40:04.632 [info] > git for-each-ref --format=%(refname)%00%(upstream:short)%00%(objectname)%00%(upstream:track)%00%(upstream:remotename)%00%(upstream:remoteref) refs/heads/main refs/remotes/main [6ms]
2025-03-16 09:40:04.636 [warning] [Git][revParse] Unable to read file: ENOENT: no such file or directory, open '/workspace/project/.git/refs/remotes/origin/main'
2025-03-16 09:40:04.637 [info] > git rev-parse refs/remotes/origin/main [1ms]
2025-03-16 09:40:04.645 [info] > git status -z -uall [4ms]
2025-03-16 09:40:04.647 [info] > git for-each-ref --sort -committerdate --format %(refname) %(objectname) %(*objectname) [2ms]
2025-03-16 09:40:09.658 [info] > git config --get commit.template [4ms]
2025-03-16 09:40:09.664 [info] > git for-each-ref --format=%(refname)%00%(upstream:short)%00%(objectname)%00%(upstream:track)%00%(upstream:remotename)%00%(upstream:remoteref) refs/heads/main refs/remotes/main [6ms]
2025-03-16 09:40:09.667 [warning] [Git][revParse] Unable to read file: ENOENT: no such file or directory, open '/workspace/project/.git/refs/remotes/origin/main'
2025-03-16 09:40:09.669 [info] > git rev-parse refs/remotes/origin/main [2ms]
2025-03-16 09:40:09.676 [info] > git status -z -uall [4ms]
2025-03-16 09:40:09.679 [info] > git for-each-ref --sort -committerdate --format %(refname) %(objectname) %(*objectname) [3ms]
2025-03-16 09:40:15.179 [info] > git config --get commit.template [5ms]
2025-03-16 09:40:15.184 [info] > git for-each-ref --format=%(refname)%00%(upstream:short)%00%(objectname)%00%(upstream:track)%00%(upstream:remotename)%00%(upstream:remoteref) refs/heads/main refs/remotes/main [6ms]
2025-03-16 09:40:15.189 [warning] [Git][revParse] Unable to read file: ENOENT: no such file or directory, open '/workspace/project/.git/refs/remotes/origin/main'
2025-03-16 09:40:15.190 [info] > git rev-parse refs/remotes/origin/main [1ms]
2025-03-16 09:40:15.198 [info] > git status -z -uall [4ms]
2025-03-16 09:40:15.200 [info] > git for-each-ref --sort -committerdate --format %(refname) %(objectname) %(*objectname) [2ms]
2025-03-16 09:40:20.465 [info] > git config --get commit.template [5ms]
2025-03-16 09:40:20.470 [info] > git for-each-ref --format=%(refname)%00%(upstream:short)%00%(objectname)%00%(upstream:track)%00%(upstream:remotename)%00%(upstream:remoteref) refs/heads/main refs/remotes/main [6ms]
2025-03-16 09:40:20.474 [warning] [Git][revParse] Unable to read file: ENOENT: no such file or directory, open '/workspace/project/.git/refs/remotes/origin/main'
2025-03-16 09:40:20.475 [info] > git rev-parse refs/remotes/origin/main [1ms]
2025-03-16 09:40:20.483 [info] > git status -z -uall [4ms]
2025-03-16 09:40:20.485 [info] > git for-each-ref --sort -committerdate --format %(refname) %(objectname) %(*objectname) [2ms]
2025-03-16 09:40:26.690 [info] > git config --get commit.template [4ms]
2025-03-16 09:40:26.695 [info] > git for-each-ref --format=%(refname)%00%(upstream:short)%00%(objectname)%00%(upstream:track)%00%(upstream:remotename)%00%(upstream:remoteref) refs/heads/main refs/remotes/main [6ms]
2025-03-16 09:40:26.698 [warning] [Git][revParse] Unable to read file: ENOENT: no such file or directory, open '/workspace/project/.git/refs/remotes/origin/main'
2025-03-16 09:40:26.700 [info] > git rev-parse refs/remotes/origin/main [2ms]
2025-03-16 09:40:26.707 [info] > git status -z -uall [4ms]
2025-03-16 09:40:26.709 [info] > git for-each-ref --sort -committerdate --format %(refname) %(objectname) %(*objectname) [2ms]
2025-03-16 09:40:33.384 [info] > git config --get commit.template [3ms]
2025-03-16 09:40:33.389 [info] > git for-each-ref --format=%(refname)%00%(upstream:short)%00%(objectname)%00%(upstream:track)%00%(upstream:remotename)%00%(upstream:remoteref) refs/heads/main refs/remotes/main [6ms]
2025-03-16 09:40:33.392 [warning] [Git][revParse] Unable to read file: ENOENT: no such file or directory, open '/workspace/project/.git/refs/remotes/origin/main'
2025-03-16 09:40:33.394 [info] > git rev-parse refs/remotes/origin/main [2ms]
2025-03-16 09:40:33.402 [info] > git status -z -uall [4ms]
2025-03-16 09:40:33.404 [info] > git for-each-ref --sort -committerdate --format %(refname) %(objectname) %(*objectname) [3ms]
2025-03-16 09:40:33.416 [info] > git merge-base refs/heads/main refs/remotes/origin/main [5ms]
2025-03-16 09:40:33.422 [info] > git diff --name-status -z --diff-filter=ADMR 84988b9eb3c1f6ec24770309af32c32e6f4b25f8...refs/remotes/origin/main [2ms]
2025-03-16 09:40:33.577 [info] > git config --get --local branch.main.github-pr-owner-number [1ms]
2025-03-16 09:40:33.577 [warning] [Git][config] git config failed: Failed to execute git
2025-03-16 09:43:22.616 [info] > git config --get commit.template [4ms]
2025-03-16 09:43:22.620 [info] > git for-each-ref --format=%(refname)%00%(upstream:short)%00%(objectname)%00%(upstream:track)%00%(upstream:remotename)%00%(upstream:remoteref) refs/heads/main refs/remotes/main [5ms]
2025-03-16 09:43:22.624 [warning] [Git][revParse] Unable to read file: ENOENT: no such file or directory, open '/workspace/project/.git/refs/remotes/origin/main'
2025-03-16 09:43:22.626 [info] > git rev-parse refs/remotes/origin/main [2ms]
2025-03-16 09:43:22.634 [info] > git status -z -uall [5ms]
2025-03-16 09:43:22.637 [info] > git for-each-ref --sort -committerdate --format %(refname) %(objectname) %(*objectname) [3ms]
2025-03-16 09:43:22.649 [info] > git merge-base refs/heads/main refs/remotes/origin/main [5ms]
2025-03-16 09:43:22.655 [info] > git diff --name-status -z --diff-filter=ADMR 84988b9eb3c1f6ec24770309af32c32e6f4b25f8...refs/remotes/origin/main [1ms]
2025-03-16 09:43:22.810 [info] > git config --get --local branch.main.github-pr-owner-number [1ms]
2025-03-16 09:43:22.810 [warning] [Git][config] git config failed: Failed to execute git
2025-03-16 09:43:27.653 [info] > git config --get commit.template [4ms]
2025-03-16 09:43:27.658 [info] > git for-each-ref --format=%(refname)%00%(upstream:short)%00%(objectname)%00%(upstream:track)%00%(upstream:remotename)%00%(upstream:remoteref) refs/heads/main refs/remotes/main [6ms]
2025-03-16 09:43:27.661 [warning] [Git][revParse] Unable to read file: ENOENT: no such file or directory, open '/workspace/project/.git/refs/remotes/origin/main'
2025-03-16 09:43:27.662 [info] > git rev-parse refs/remotes/origin/main [1ms]
2025-03-16 09:43:27.670 [info] > git status -z -uall [5ms]
2025-03-16 09:43:27.672 [info] > git for-each-ref --sort -committerdate --format %(refname) %(objectname) %(*objectname) [3ms]
2025-03-16 09:43:42.227 [info] > git config --get commit.template [5ms]
2025-03-16 09:43:42.233 [info] > git for-each-ref --format=%(refname)%00%(upstream:short)%00%(objectname)%00%(upstream:track)%00%(upstream:remotename)%00%(upstream:remoteref) refs/heads/main refs/remotes/main [6ms]
2025-03-16 09:43:42.236 [warning] [Git][revParse] Unable to read file: ENOENT: no such file or directory, open '/workspace/project/.git/refs/remotes/origin/main'
2025-03-16 09:43:42.238 [info] > git rev-parse refs/remotes/origin/main [2ms]
2025-03-16 09:43:42.246 [info] > git status -z -uall [4ms]
2025-03-16 09:43:42.248 [info] > git for-each-ref --sort -committerdate --format %(refname) %(objectname) %(*objectname) [2ms]
2025-03-16 09:43:47.260 [info] > git config --get commit.template [4ms]
2025-03-16 09:43:47.265 [info] > git for-each-ref --format=%(refname)%00%(upstream:short)%00%(objectname)%00%(upstream:track)%00%(upstream:remotename)%00%(upstream:remoteref) refs/heads/main refs/remotes/main [6ms]
2025-03-16 09:43:47.269 [warning] [Git][revParse] Unable to read file: ENOENT: no such file or directory, open '/workspace/project/.git/refs/remotes/origin/main'
2025-03-16 09:43:47.270 [info] > git rev-parse refs/remotes/origin/main [2ms]
2025-03-16 09:43:47.278 [info] > git status -z -uall [4ms]
2025-03-16 09:43:47.280 [info] > git for-each-ref --sort -committerdate --format %(refname) %(objectname) %(*objectname) [2ms]
2025-03-16 09:43:52.291 [info] > git config --get commit.template [3ms]
2025-03-16 09:43:52.297 [info] > git for-each-ref --format=%(refname)%00%(upstream:short)%00%(objectname)%00%(upstream:track)%00%(upstream:remotename)%00%(upstream:remoteref) refs/heads/main refs/remotes/main [5ms]
2025-03-16 09:43:52.300 [warning] [Git][revParse] Unable to read file: ENOENT: no such file or directory, open '/workspace/project/.git/refs/remotes/origin/main'
2025-03-16 09:43:52.301 [info] > git rev-parse refs/remotes/origin/main [1ms]
2025-03-16 09:43:52.309 [info] > git status -z -uall [4ms]
2025-03-16 09:43:52.310 [info] > git for-each-ref --sort -committerdate --format %(refname) %(objectname) %(*objectname) [2ms]
2025-03-16 09:43:57.322 [info] > git config --get commit.template [4ms]
2025-03-16 09:43:57.327 [info] > git for-each-ref --format=%(refname)%00%(upstream:short)%00%(objectname)%00%(upstream:track)%00%(upstream:remotename)%00%(upstream:remoteref) refs/heads/main refs/remotes/main [5ms]
2025-03-16 09:43:57.330 [warning] [Git][revParse] Unable to read file: ENOENT: no such file or directory, open '/workspace/project/.git/refs/remotes/origin/main'
2025-03-16 09:43:57.332 [info] > git rev-parse refs/remotes/origin/main [1ms]
2025-03-16 09:43:57.338 [info] > git status -z -uall [3ms]
2025-03-16 09:43:57.340 [info] > git for-each-ref --sort -committerdate --format %(refname) %(objectname) %(*objectname) [2ms]
2025-03-16 09:44:04.955 [info] > git config --get commit.template [4ms]
2025-03-16 09:44:04.960 [info] > git for-each-ref --format=%(refname)%00%(upstream:short)%00%(objectname)%00%(upstream:track)%00%(upstream:remotename)%00%(upstream:remoteref) refs/heads/main refs/remotes/main [5ms]
2025-03-16 09:44:04.963 [warning] [Git][revParse] Unable to read file: ENOENT: no such file or directory, open '/workspace/project/.git/refs/remotes/origin/main'
2025-03-16 09:44:04.965 [info] > git rev-parse refs/remotes/origin/main [2ms]
2025-03-16 09:44:04.972 [info] > git status -z -uall [4ms]
2025-03-16 09:44:04.974 [info] > git for-each-ref --sort -committerdate --format %(refname) %(objectname) %(*objectname) [2ms]
2025-03-16 09:44:16.739 [info] > git config --get commit.template [4ms]
2025-03-16 09:44:16.745 [info] > git for-each-ref --format=%(refname)%00%(upstream:short)%00%(objectname)%00%(upstream:track)%00%(upstream:remotename)%00%(upstream:remoteref) refs/heads/main refs/remotes/main [6ms]
2025-03-16 09:44:16.748 [warning] [Git][revParse] Unable to read file: ENOENT: no such file or directory, open '/workspace/project/.git/refs/remotes/origin/main'
2025-03-16 09:44:16.750 [info] > git rev-parse refs/remotes/origin/main [2ms]
2025-03-16 09:44:16.758 [info] > git status -z -uall [5ms]
2025-03-16 09:44:16.760 [info] > git for-each-ref --sort -committerdate --format %(refname) %(objectname) %(*objectname) [2ms]
2025-03-16 09:44:22.379 [info] > git config --get commit.template [5ms]
2025-03-16 09:44:22.384 [info] > git for-each-ref --format=%(refname)%00%(upstream:short)%00%(objectname)%00%(upstream:track)%00%(upstream:remotename)%00%(upstream:remoteref) refs/heads/main refs/remotes/main [5ms]
2025-03-16 09:44:22.388 [warning] [Git][revParse] Unable to read file: ENOENT: no such file or directory, open '/workspace/project/.git/refs/remotes/origin/main'
2025-03-16 09:44:22.390 [info] > git rev-parse refs/remotes/origin/main [1ms]
2025-03-16 09:44:22.397 [info] > git status -z -uall [4ms]
2025-03-16 09:44:22.399 [info] > git for-each-ref --sort -committerdate --format %(refname) %(objectname) %(*objectname) [2ms]
2025-03-16 09:44:28.392 [info] > git config --get commit.template [4ms]
2025-03-16 09:44:28.398 [info] > git for-each-ref --format=%(refname)%00%(upstream:short)%00%(objectname)%00%(upstream:track)%00%(upstream:remotename)%00%(upstream:remoteref) refs/heads/main refs/remotes/main [5ms]
2025-03-16 09:44:28.401 [warning] [Git][revParse] Unable to read file: ENOENT: no such file or directory, open '/workspace/project/.git/refs/remotes/origin/main'
2025-03-16 09:44:28.403 [info] > git rev-parse refs/remotes/origin/main [1ms]
2025-03-16 09:44:28.412 [info] > git status -z -uall [5ms]
2025-03-16 09:44:28.413 [info] > git for-each-ref --sort -committerdate --format %(refname) %(objectname) %(*objectname) [3ms]
2025-03-16 09:45:16.479 [info] > git config --get commit.template [5ms]
2025-03-16 09:45:16.484 [info] > git for-each-ref --format=%(refname)%00%(upstream:short)%00%(objectname)%00%(upstream:track)%00%(upstream:remotename)%00%(upstream:remoteref) refs/heads/main refs/remotes/main [6ms]
2025-03-16 09:45:16.487 [warning] [Git][revParse] Unable to read file: ENOENT: no such file or directory, open '/workspace/project/.git/refs/remotes/origin/main'
2025-03-16 09:45:16.488 [info] > git rev-parse refs/remotes/origin/main [1ms]
2025-03-16 09:45:16.495 [info] > git status -z -uall [4ms]
2025-03-16 09:45:16.497 [info] > git for-each-ref --sort -committerdate --format %(refname) %(objectname) %(*objectname) [2ms]
2025-03-16 09:45:21.510 [info] > git config --get commit.template [5ms]
2025-03-16 09:45:21.515 [info] > git for-each-ref --format=%(refname)%00%(upstream:short)%00%(objectname)%00%(upstream:track)%00%(upstream:remotename)%00%(upstream:remoteref) refs/heads/main refs/remotes/main [5ms]
2025-03-16 09:45:21.519 [warning] [Git][revParse] Unable to read file: ENOENT: no such file or directory, open '/workspace/project/.git/refs/remotes/origin/main'
2025-03-16 09:45:21.520 [info] > git rev-parse refs/remotes/origin/main [1ms]
2025-03-16 09:45:21.528 [info] > git status -z -uall [4ms]
2025-03-16 09:45:21.530 [info] > git for-each-ref --sort -committerdate --format %(refname) %(objectname) %(*objectname) [2ms]
2025-03-16 09:45:31.504 [info] > git config --get commit.template [4ms]
2025-03-16 09:45:31.509 [info] > git for-each-ref --format=%(refname)%00%(upstream:short)%00%(objectname)%00%(upstream:track)%00%(upstream:remotename)%00%(upstream:remoteref) refs/heads/main refs/remotes/main [5ms]
2025-03-16 09:45:31.513 [warning] [Git][revParse] Unable to read file: ENOENT: no such file or directory, open '/workspace/project/.git/refs/remotes/origin/main'
2025-03-16 09:45:31.514 [info] > git rev-parse refs/remotes/origin/main [1ms]
2025-03-16 09:45:31.522 [info] > git status -z -uall [4ms]
2025-03-16 09:45:31.524 [info] > git for-each-ref --sort -committerdate --format %(refname) %(objectname) %(*objectname) [2ms]
2025-03-16 09:45:42.649 [info] > git config --get commit.template [4ms]
2025-03-16 09:45:42.655 [info] > git for-each-ref --format=%(refname)%00%(upstream:short)%00%(objectname)%00%(upstream:track)%00%(upstream:remotename)%00%(upstream:remoteref) refs/heads/main refs/remotes/main [6ms]
2025-03-16 09:45:42.658 [warning] [Git][revParse] Unable to read file: ENOENT: no such file or directory, open '/workspace/project/.git/refs/remotes/origin/main'
2025-03-16 09:45:42.659 [info] > git rev-parse refs/remotes/origin/main [1ms]
2025-03-16 09:45:42.666 [info] > git status -z -uall [3ms]
2025-03-16 09:45:42.668 [info] > git for-each-ref --sort -committerdate --format %(refname) %(objectname) %(*objectname) [2ms]
2025-03-16 09:45:52.880 [info] > git config --get commit.template [5ms]
2025-03-16 09:45:52.885 [info] > git for-each-ref --format=%(refname)%00%(upstream:short)%00%(objectname)%00%(upstream:track)%00%(upstream:remotename)%00%(upstream:remoteref) refs/heads/main refs/remotes/main [5ms]
2025-03-16 09:45:52.889 [warning] [Git][revParse] Unable to read file: ENOENT: no such file or directory, open '/workspace/project/.git/refs/remotes/origin/main'
2025-03-16 09:45:52.890 [info] > git rev-parse refs/remotes/origin/main [1ms]
2025-03-16 09:45:52.898 [info] > git status -z -uall [4ms]
2025-03-16 09:45:52.900 [info] > git for-each-ref --sort -committerdate --format %(refname) %(objectname) %(*objectname) [3ms]
2025-03-16 09:46:00.920 [info] > git config --get commit.template [4ms]
2025-03-16 09:46:00.926 [info] > git for-each-ref --format=%(refname)%00%(upstream:short)%00%(objectname)%00%(upstream:track)%00%(upstream:remotename)%00%(upstream:remoteref) refs/heads/main refs/remotes/main [6ms]
2025-03-16 09:46:00.929 [warning] [Git][revParse] Unable to read file: ENOENT: no such file or directory, open '/workspace/project/.git/refs/remotes/origin/main'
2025-03-16 09:46:00.931 [info] > git rev-parse refs/remotes/origin/main [2ms]
2025-03-16 09:46:00.938 [info] > git status -z -uall [4ms]
2025-03-16 09:46:00.940 [info] > git for-each-ref --sort -committerdate --format %(refname) %(objectname) %(*objectname) [2ms]
2025-03-16 09:46:05.953 [info] > git config --get commit.template [3ms]
2025-03-16 09:46:05.958 [info] > git for-each-ref --format=%(refname)%00%(upstream:short)%00%(objectname)%00%(upstream:track)%00%(upstream:remotename)%00%(upstream:remoteref) refs/heads/main refs/remotes/main [6ms]
2025-03-16 09:46:05.961 [warning] [Git][revParse] Unable to read file: ENOENT: no such file or directory, open '/workspace/project/.git/refs/remotes/origin/main'
2025-03-16 09:46:05.962 [info] > git rev-parse refs/remotes/origin/main [1ms]
2025-03-16 09:46:05.968 [info] > git status -z -uall [3ms]
2025-03-16 09:46:05.970 [info] > git for-each-ref --sort -committerdate --format %(refname) %(objectname) %(*objectname) [2ms]
2025-03-16 09:46:10.981 [info] > git config --get commit.template [3ms]
2025-03-16 09:46:10.986 [info] > git for-each-ref --format=%(refname)%00%(upstream:short)%00%(objectname)%00%(upstream:track)%00%(upstream:remotename)%00%(upstream:remoteref) refs/heads/main refs/remotes/main [5ms]
2025-03-16 09:46:10.989 [warning] [Git][revParse] Unable to read file: ENOENT: no such file or directory, open '/workspace/project/.git/refs/remotes/origin/main'
2025-03-16 09:46:10.990 [info] > git rev-parse refs/remotes/origin/main [1ms]
2025-03-16 09:46:10.997 [info] > git status -z -uall [4ms]
2025-03-16 09:46:11.000 [info] > git for-each-ref --sort -committerdate --format %(refname) %(objectname) %(*objectname) [2ms]
2025-03-16 09:46:16.276 [info] > git config --get commit.template [4ms]
2025-03-16 09:46:16.281 [info] > git for-each-ref --format=%(refname)%00%(upstream:short)%00%(objectname)%00%(upstream:track)%00%(upstream:remotename)%00%(upstream:remoteref) refs/heads/main refs/remotes/main [6ms]
2025-03-16 09:46:16.284 [warning] [Git][revParse] Unable to read file: ENOENT: no such file or directory, open '/workspace/project/.git/refs/remotes/origin/main'
2025-03-16 09:46:16.286 [info] > git rev-parse refs/remotes/origin/main [2ms]
2025-03-16 09:46:16.292 [info] > git status -z -uall [3ms]
2025-03-16 09:46:16.294 [info] > git for-each-ref --sort -committerdate --format %(refname) %(objectname) %(*objectname) [2ms]
2025-03-16 09:46:26.149 [info] > git config --get commit.template [5ms]
2025-03-16 09:46:26.154 [info] > git for-each-ref --format=%(refname)%00%(upstream:short)%00%(objectname)%00%(upstream:track)%00%(upstream:remotename)%00%(upstream:remoteref) refs/heads/main refs/remotes/main [6ms]
2025-03-16 09:46:26.158 [warning] [Git][revParse] Unable to read file: ENOENT: no such file or directory, open '/workspace/project/.git/refs/remotes/origin/main'
2025-03-16 09:46:26.160 [info] > git rev-parse refs/remotes/origin/main [2ms]
2025-03-16 09:46:26.168 [info] > git status -z -uall [5ms]
2025-03-16 09:46:26.169 [info] > git for-each-ref --sort -committerdate --format %(refname) %(objectname) %(*objectname) [2ms]
2025-03-16 09:46:38.762 [info] > git config --get commit.template [5ms]
2025-03-16 09:46:38.767 [info] > git for-each-ref --format=%(refname)%00%(upstream:short)%00%(objectname)%00%(upstream:track)%00%(upstream:remotename)%00%(upstream:remoteref) refs/heads/main refs/remotes/main [6ms]
2025-03-16 09:46:38.771 [warning] [Git][revParse] Unable to read file: ENOENT: no such file or directory, open '/workspace/project/.git/refs/remotes/origin/main'
2025-03-16 09:46:38.773 [info] > git rev-parse refs/remotes/origin/main [2ms]
2025-03-16 09:46:38.781 [info] > git status -z -uall [4ms]
2025-03-16 09:46:38.783 [info] > git for-each-ref --sort -committerdate --format %(refname) %(objectname) %(*objectname) [2ms]
2025-03-16 09:46:47.264 [info] > git config --get commit.template [5ms]
2025-03-16 09:46:47.269 [info] > git for-each-ref --format=%(refname)%00%(upstream:short)%00%(objectname)%00%(upstream:track)%00%(upstream:remotename)%00%(upstream:remoteref) refs/heads/main refs/remotes/main [6ms]
2025-03-16 09:46:47.274 [warning] [Git][revParse] Unable to read file: ENOENT: no such file or directory, open '/workspace/project/.git/refs/remotes/origin/main'
2025-03-16 09:46:47.275 [info] > git rev-parse refs/remotes/origin/main [1ms]
2025-03-16 09:46:47.284 [info] > git status -z -uall [5ms]
2025-03-16 09:46:47.286 [info] > git for-each-ref --sort -committerdate --format %(refname) %(objectname) %(*objectname) [2ms]
2025-03-16 09:46:52.547 [info] > git check-ignore -v -z --stdin [2ms]
2025-03-16 09:46:52.916 [info] > git config --get commit.template [4ms]
2025-03-16 09:46:52.921 [info] > git for-each-ref --format=%(refname)%00%(upstream:short)%00%(objectname)%00%(upstream:track)%00%(upstream:remotename)%00%(upstream:remoteref) refs/heads/main refs/remotes/main [6ms]
2025-03-16 09:46:52.925 [warning] [Git][revParse] Unable to read file: ENOENT: no such file or directory, open '/workspace/project/.git/refs/remotes/origin/main'
2025-03-16 09:46:52.926 [info] > git rev-parse refs/remotes/origin/main [1ms]
2025-03-16 09:46:52.933 [info] > git status -z -uall [4ms]
2025-03-16 09:46:52.935 [info] > git for-each-ref --sort -committerdate --format %(refname) %(objectname) %(*objectname) [2ms]
2025-03-16 09:46:52.948 [info] > git merge-base refs/heads/main refs/remotes/origin/main [5ms]
2025-03-16 09:46:52.953 [info] > git diff --name-status -z --diff-filter=ADMR 84988b9eb3c1f6ec24770309af32c32e6f4b25f8...refs/remotes/origin/main [1ms]
2025-03-16 09:46:53.107 [info] > git config --get --local branch.main.github-pr-owner-number [2ms]
2025-03-16 09:46:53.107 [warning] [Git][config] git config failed: Failed to execute git
2025-03-16 09:46:57.954 [info] > git config --get commit.template [6ms]
2025-03-16 09:46:57.959 [info] > git for-each-ref --format=%(refname)%00%(upstream:short)%00%(objectname)%00%(upstream:track)%00%(upstream:remotename)%00%(upstream:remoteref) refs/heads/main refs/remotes/main [5ms]
2025-03-16 09:46:57.964 [warning] [Git][revParse] Unable to read file: ENOENT: no such file or directory, open '/workspace/project/.git/refs/remotes/origin/main'
2025-03-16 09:46:57.965 [info] > git rev-parse refs/remotes/origin/main [1ms]
2025-03-16 09:46:57.976 [info] > git status -z -uall [6ms]
2025-03-16 09:46:57.978 [info] > git for-each-ref --sort -committerdate --format %(refname) %(objectname) %(*objectname) [3ms]
2025-03-16 09:46:57.994 [info] > git merge-base refs/heads/main refs/remotes/origin/main [6ms]
2025-03-16 09:46:58.001 [info] > git diff --name-status -z --diff-filter=ADMR 84988b9eb3c1f6ec24770309af32c32e6f4b25f8...refs/remotes/origin/main [2ms]
2025-03-16 09:46:58.153 [info] > git config --get --local branch.main.github-pr-owner-number [1ms]
2025-03-16 09:46:58.153 [warning] [Git][config] git config failed: Failed to execute git
2025-03-16 09:47:18.727 [info] > git config --get commit.template [4ms]
2025-03-16 09:47:18.732 [info] > git for-each-ref --format=%(refname)%00%(upstream:short)%00%(objectname)%00%(upstream:track)%00%(upstream:remotename)%00%(upstream:remoteref) refs/heads/main refs/remotes/main [5ms]
2025-03-16 09:47:18.736 [warning] [Git][revParse] Unable to read file: ENOENT: no such file or directory, open '/workspace/project/.git/refs/remotes/origin/main'
2025-03-16 09:47:18.738 [info] > git rev-parse refs/remotes/origin/main [2ms]
2025-03-16 09:47:18.746 [info] > git status -z -uall [5ms]
2025-03-16 09:47:18.747 [info] > git for-each-ref --sort -committerdate --format %(refname) %(objectname) %(*objectname) [3ms]
2025-03-16 09:47:27.394 [info] > git config --get commit.template [6ms]
2025-03-16 09:47:27.399 [info] > git for-each-ref --format=%(refname)%00%(upstream:short)%00%(objectname)%00%(upstream:track)%00%(upstream:remotename)%00%(upstream:remoteref) refs/heads/main refs/remotes/main [6ms]
2025-03-16 09:47:27.403 [warning] [Git][revParse] Unable to read file: ENOENT: no such file or directory, open '/workspace/project/.git/refs/remotes/origin/main'
2025-03-16 09:47:27.404 [info] > git rev-parse refs/remotes/origin/main [1ms]
2025-03-16 09:47:27.412 [info] > git status -z -uall [4ms]
2025-03-16 09:47:27.414 [info] > git for-each-ref --sort -committerdate --format %(refname) %(objectname) %(*objectname) [2ms]
2025-03-16 09:47:47.455 [info] > git config --get commit.template [7ms]
2025-03-16 09:47:47.462 [info] > git for-each-ref --format=%(refname)%00%(upstream:short)%00%(objectname)%00%(upstream:track)%00%(upstream:remotename)%00%(upstream:remoteref) refs/heads/main refs/remotes/main [8ms]
2025-03-16 09:47:47.468 [warning] [Git][revParse] Unable to read file: ENOENT: no such file or directory, open '/workspace/project/.git/refs/remotes/origin/main'
2025-03-16 09:47:47.470 [info] > git rev-parse refs/remotes/origin/main [2ms]
2025-03-16 09:47:47.482 [info] > git status -z -uall [7ms]
2025-03-16 09:47:47.485 [info] > git for-each-ref --sort -committerdate --format %(refname) %(objectname) %(*objectname) [4ms]
2025-03-16 09:47:47.512 [info] > git merge-base refs/heads/main refs/remotes/origin/main [13ms]
2025-03-16 09:47:47.521 [info] > git diff --name-status -z --diff-filter=ADMR 84988b9eb3c1f6ec24770309af32c32e6f4b25f8...refs/remotes/origin/main [3ms]
2025-03-16 09:47:47.666 [info] > git config --get --local branch.main.github-pr-owner-number [2ms]
2025-03-16 09:47:47.666 [warning] [Git][config] git config failed: Failed to execute git
2025-03-16 09:47:52.509 [info] > git config --get commit.template [4ms]
2025-03-16 09:47:52.515 [info] > git for-each-ref --format=%(refname)%00%(upstream:short)%00%(objectname)%00%(upstream:track)%00%(upstream:remotename)%00%(upstream:remoteref) refs/heads/main refs/remotes/main [6ms]
2025-03-16 09:47:52.518 [warning] [Git][revParse] Unable to read file: ENOENT: no such file or directory, open '/workspace/project/.git/refs/remotes/origin/main'
2025-03-16 09:47:52.520 [info] > git rev-parse refs/remotes/origin/main [2ms]
2025-03-16 09:47:52.528 [info] > git status -z -uall [5ms]
2025-03-16 09:47:52.530 [info] > git for-each-ref --sort -committerdate --format %(refname) %(objectname) %(*objectname) [3ms]
2025-03-16 09:47:52.544 [info] > git merge-base refs/heads/main refs/remotes/origin/main [6ms]
2025-03-16 09:47:52.549 [info] > git diff --name-status -z --diff-filter=ADMR 84988b9eb3c1f6ec24770309af32c32e6f4b25f8...refs/remotes/origin/main [2ms]
2025-03-16 09:47:52.708 [info] > git config --get --local branch.main.github-pr-owner-number [2ms]
2025-03-16 09:47:52.708 [warning] [Git][config] git config failed: Failed to execute git
2025-03-16 09:47:57.549 [info] > git config --get commit.template [5ms]
2025-03-16 09:47:57.554 [info] > git for-each-ref --format=%(refname)%00%(upstream:short)%00%(objectname)%00%(upstream:track)%00%(upstream:remotename)%00%(upstream:remoteref) refs/heads/main refs/remotes/main [6ms]
2025-03-16 09:47:57.558 [warning] [Git][revParse] Unable to read file: ENOENT: no such file or directory, open '/workspace/project/.git/refs/remotes/origin/main'
2025-03-16 09:47:57.560 [info] > git rev-parse refs/remotes/origin/main [2ms]
2025-03-16 09:47:57.568 [info] > git status -z -uall [4ms]
2025-03-16 09:47:57.571 [info] > git for-each-ref --sort -committerdate --format %(refname) %(objectname) %(*objectname) [3ms]
2025-03-16 09:48:02.584 [info] > git config --get commit.template [5ms]
2025-03-16 09:48:02.589 [info] > git for-each-ref --format=%(refname)%00%(upstream:short)%00%(objectname)%00%(upstream:track)%00%(upstream:remotename)%00%(upstream:remoteref) refs/heads/main refs/remotes/main [6ms]
2025-03-16 09:48:02.593 [warning] [Git][revParse] Unable to read file: ENOENT: no such file or directory, open '/workspace/project/.git/refs/remotes/origin/main'
2025-03-16 09:48:02.594 [info] > git rev-parse refs/remotes/origin/main [1ms]
2025-03-16 09:48:02.602 [info] > git status -z -uall [5ms]
2025-03-16 09:48:02.604 [info] > git for-each-ref --sort -committerdate --format %(refname) %(objectname) %(*objectname) [2ms]
2025-03-16 09:48:10.739 [info] > git config --get commit.template [6ms]
2025-03-16 09:48:10.744 [info] > git for-each-ref --format=%(refname)%00%(upstream:short)%00%(objectname)%00%(upstream:track)%00%(upstream:remotename)%00%(upstream:remoteref) refs/heads/main refs/remotes/main [6ms]
2025-03-16 09:48:10.749 [warning] [Git][revParse] Unable to read file: ENOENT: no such file or directory, open '/workspace/project/.git/refs/remotes/origin/main'
2025-03-16 09:48:10.751 [info] > git rev-parse refs/remotes/origin/main [2ms]
2025-03-16 09:48:10.760 [info] > git status -z -uall [4ms]
2025-03-16 09:48:10.763 [info] > git for-each-ref --sort -committerdate --format %(refname) %(objectname) %(*objectname) [3ms]
2025-03-16 09:48:15.776 [info] > git config --get commit.template [4ms]
2025-03-16 09:48:15.782 [info] > git for-each-ref --format=%(refname)%00%(upstream:short)%00%(objectname)%00%(upstream:track)%00%(upstream:remotename)%00%(upstream:remoteref) refs/heads/main refs/remotes/main [6ms]
2025-03-16 09:48:15.785 [warning] [Git][revParse] Unable to read file: ENOENT: no such file or directory, open '/workspace/project/.git/refs/remotes/origin/main'
2025-03-16 09:48:15.787 [info] > git rev-parse refs/remotes/origin/main [2ms]
2025-03-16 09:48:15.795 [info] > git status -z -uall [4ms]
2025-03-16 09:48:15.797 [info] > git for-each-ref --sort -committerdate --format %(refname) %(objectname) %(*objectname) [3ms]
2025-03-16 09:48:15.808 [info] > git merge-base refs/heads/main refs/remotes/origin/main [5ms]
2025-03-16 09:48:15.814 [info] > git diff --name-status -z --diff-filter=ADMR 84988b9eb3c1f6ec24770309af32c32e6f4b25f8...refs/remotes/origin/main [2ms]
2025-03-16 09:48:15.968 [info] > git config --get --local branch.main.github-pr-owner-number [2ms]
2025-03-16 09:48:15.968 [warning] [Git][config] git config failed: Failed to execute git
2025-03-16 09:48:22.182 [info] > git config --get commit.template [4ms]
2025-03-16 09:48:22.187 [info] > git for-each-ref --format=%(refname)%00%(upstream:short)%00%(objectname)%00%(upstream:track)%00%(upstream:remotename)%00%(upstream:remoteref) refs/heads/main refs/remotes/main [6ms]
2025-03-16 09:48:22.190 [warning] [Git][revParse] Unable to read file: ENOENT: no such file or directory, open '/workspace/project/.git/refs/remotes/origin/main'
2025-03-16 09:48:22.192 [info] > git rev-parse refs/remotes/origin/main [2ms]
2025-03-16 09:48:22.198 [info] > git status -z -uall [3ms]
2025-03-16 09:48:22.200 [info] > git for-each-ref --sort -committerdate --format %(refname) %(objectname) %(*objectname) [2ms]
2025-03-16 09:48:27.214 [info] > git config --get commit.template [4ms]
2025-03-16 09:48:27.219 [info] > git for-each-ref --format=%(refname)%00%(upstream:short)%00%(objectname)%00%(upstream:track)%00%(upstream:remotename)%00%(upstream:remoteref) refs/heads/main refs/remotes/main [5ms]
2025-03-16 09:48:27.223 [warning] [Git][revParse] Unable to read file: ENOENT: no such file or directory, open '/workspace/project/.git/refs/remotes/origin/main'
2025-03-16 09:48:27.225 [info] > git rev-parse refs/remotes/origin/main [2ms]
2025-03-16 09:48:27.234 [info] > git status -z -uall [5ms]
2025-03-16 09:48:27.235 [info] > git for-each-ref --sort -committerdate --format %(refname) %(objectname) %(*objectname) [2ms]
2025-03-16 09:48:32.247 [info] > git config --get commit.template [4ms]
2025-03-16 09:48:32.253 [info] > git for-each-ref --format=%(refname)%00%(upstream:short)%00%(objectname)%00%(upstream:track)%00%(upstream:remotename)%00%(upstream:remoteref) refs/heads/main refs/remotes/main [6ms]
2025-03-16 09:48:32.257 [warning] [Git][revParse] Unable to read file: ENOENT: no such file or directory, open '/workspace/project/.git/refs/remotes/origin/main'
2025-03-16 09:48:32.258 [info] > git rev-parse refs/remotes/origin/main [1ms]
2025-03-16 09:48:32.267 [info] > git status -z -uall [5ms]
2025-03-16 09:48:32.268 [info] > git for-each-ref --sort -committerdate --format %(refname) %(objectname) %(*objectname) [3ms]
2025-03-16 09:48:42.757 [info] > git config --get commit.template [4ms]
2025-03-16 09:48:42.763 [info] > git for-each-ref --format=%(refname)%00%(upstream:short)%00%(objectname)%00%(upstream:track)%00%(upstream:remotename)%00%(upstream:remoteref) refs/heads/main refs/remotes/main [6ms]
2025-03-16 09:48:42.766 [warning] [Git][revParse] Unable to read file: ENOENT: no such file or directory, open '/workspace/project/.git/refs/remotes/origin/main'
2025-03-16 09:48:42.767 [info] > git rev-parse refs/remotes/origin/main [1ms]
2025-03-16 09:48:42.775 [info] > git status -z -uall [4ms]
2025-03-16 09:48:42.776 [info] > git for-each-ref --sort -committerdate --format %(refname) %(objectname) %(*objectname) [2ms]
2025-03-16 09:48:56.875 [info] > git config --get commit.template [4ms]
2025-03-16 09:48:56.880 [info] > git for-each-ref --format=%(refname)%00%(upstream:short)%00%(objectname)%00%(upstream:track)%00%(upstream:remotename)%00%(upstream:remoteref) refs/heads/main refs/remotes/main [6ms]
2025-03-16 09:48:56.884 [warning] [Git][revParse] Unable to read file: ENOENT: no such file or directory, open '/workspace/project/.git/refs/remotes/origin/main'
2025-03-16 09:48:56.885 [info] > git rev-parse refs/remotes/origin/main [1ms]
2025-03-16 09:48:56.893 [info] > git status -z -uall [4ms]
2025-03-16 09:48:56.895 [info] > git for-each-ref --sort -committerdate --format %(refname) %(objectname) %(*objectname) [3ms]
2025-03-16 09:49:01.907 [info] > git config --get commit.template [5ms]
2025-03-16 09:49:01.912 [info] > git for-each-ref --format=%(refname)%00%(upstream:short)%00%(objectname)%00%(upstream:track)%00%(upstream:remotename)%00%(upstream:remoteref) refs/heads/main refs/remotes/main [6ms]
2025-03-16 09:49:01.917 [warning] [Git][revParse] Unable to read file: ENOENT: no such file or directory, open '/workspace/project/.git/refs/remotes/origin/main'
2025-03-16 09:49:01.919 [info] > git rev-parse refs/remotes/origin/main [2ms]
2025-03-16 09:49:01.927 [info] > git status -z -uall [4ms]
2025-03-16 09:49:01.929 [info] > git for-each-ref --sort -committerdate --format %(refname) %(objectname) %(*objectname) [2ms]
2025-03-16 09:49:06.941 [info] > git config --get commit.template [4ms]
2025-03-16 09:49:06.946 [info] > git for-each-ref --format=%(refname)%00%(upstream:short)%00%(objectname)%00%(upstream:track)%00%(upstream:remotename)%00%(upstream:remoteref) refs/heads/main refs/remotes/main [5ms]
2025-03-16 09:49:06.950 [warning] [Git][revParse] Unable to read file: ENOENT: no such file or directory, open '/workspace/project/.git/refs/remotes/origin/main'
2025-03-16 09:49:06.951 [info] > git rev-parse refs/remotes/origin/main [1ms]
2025-03-16 09:49:06.958 [info] > git status -z -uall [3ms]
2025-03-16 09:49:06.960 [info] > git for-each-ref --sort -committerdate --format %(refname) %(objectname) %(*objectname) [2ms]
2025-03-16 09:49:11.973 [info] > git config --get commit.template [5ms]
2025-03-16 09:49:11.978 [info] > git for-each-ref --format=%(refname)%00%(upstream:short)%00%(objectname)%00%(upstream:track)%00%(upstream:remotename)%00%(upstream:remoteref) refs/heads/main refs/remotes/main [6ms]
2025-03-16 09:49:11.982 [warning] [Git][revParse] Unable to read file: ENOENT: no such file or directory, open '/workspace/project/.git/refs/remotes/origin/main'
2025-03-16 09:49:11.983 [info] > git rev-parse refs/remotes/origin/main [1ms]
2025-03-16 09:49:11.992 [info] > git status -z -uall [5ms]
2025-03-16 09:49:11.993 [info] > git for-each-ref --sort -committerdate --format %(refname) %(objectname) %(*objectname) [3ms]
2025-03-16 09:49:12.006 [info] > git merge-base refs/heads/main refs/remotes/origin/main [6ms]
2025-03-16 09:49:12.011 [info] > git diff --name-status -z --diff-filter=ADMR 84988b9eb3c1f6ec24770309af32c32e6f4b25f8...refs/remotes/origin/main [2ms]
2025-03-16 09:49:12.165 [info] > git config --get --local branch.main.github-pr-owner-number [2ms]
2025-03-16 09:49:12.165 [warning] [Git][config] git config failed: Failed to execute git
2025-03-16 09:49:17.008 [info] > git config --get commit.template [3ms]
2025-03-16 09:49:17.014 [info] > git for-each-ref --format=%(refname)%00%(upstream:short)%00%(objectname)%00%(upstream:track)%00%(upstream:remotename)%00%(upstream:remoteref) refs/heads/main refs/remotes/main [6ms]
2025-03-16 09:49:17.017 [warning] [Git][revParse] Unable to read file: ENOENT: no such file or directory, open '/workspace/project/.git/refs/remotes/origin/main'
2025-03-16 09:49:17.018 [info] > git rev-parse refs/remotes/origin/main [1ms]
2025-03-16 09:49:17.025 [info] > git status -z -uall [4ms]
2025-03-16 09:49:17.027 [info] > git for-each-ref --sort -committerdate --format %(refname) %(objectname) %(*objectname) [3ms]
2025-03-16 09:49:22.038 [info] > git config --get commit.template [5ms]
2025-03-16 09:49:22.043 [info] > git for-each-ref --format=%(refname)%00%(upstream:short)%00%(objectname)%00%(upstream:track)%00%(upstream:remotename)%00%(upstream:remoteref) refs/heads/main refs/remotes/main [6ms]
2025-03-16 09:49:22.047 [warning] [Git][revParse] Unable to read file: ENOENT: no such file or directory, open '/workspace/project/.git/refs/remotes/origin/main'
2025-03-16 09:49:22.049 [info] > git rev-parse refs/remotes/origin/main [2ms]
2025-03-16 09:49:22.057 [info] > git status -z -uall [4ms]
2025-03-16 09:49:22.059 [info] > git for-each-ref --sort -committerdate --format %(refname) %(objectname) %(*objectname) [3ms]
2025-03-16 09:49:30.992 [info] > git config --get commit.template [4ms]
2025-03-16 09:49:30.998 [info] > git for-each-ref --format=%(refname)%00%(upstream:short)%00%(objectname)%00%(upstream:track)%00%(upstream:remotename)%00%(upstream:remoteref) refs/heads/main refs/remotes/main [6ms]
2025-03-16 09:49:31.001 [warning] [Git][revParse] Unable to read file: ENOENT: no such file or directory, open '/workspace/project/.git/refs/remotes/origin/main'
2025-03-16 09:49:31.002 [info] > git rev-parse refs/remotes/origin/main [1ms]
2025-03-16 09:49:31.010 [info] > git status -z -uall [4ms]
2025-03-16 09:49:31.012 [info] > git for-each-ref --sort -committerdate --format %(refname) %(objectname) %(*objectname) [3ms]
2025-03-16 09:49:38.885 [info] > git config --get commit.template [5ms]
2025-03-16 09:49:38.890 [info] > git for-each-ref --format=%(refname)%00%(upstream:short)%00%(objectname)%00%(upstream:track)%00%(upstream:remotename)%00%(upstream:remoteref) refs/heads/main refs/remotes/main [6ms]
2025-03-16 09:49:38.893 [warning] [Git][revParse] Unable to read file: ENOENT: no such file or directory, open '/workspace/project/.git/refs/remotes/origin/main'
2025-03-16 09:49:38.895 [info] > git rev-parse refs/remotes/origin/main [2ms]
2025-03-16 09:49:38.901 [info] > git status -z -uall [3ms]
2025-03-16 09:49:38.903 [info] > git for-each-ref --sort -committerdate --format %(refname) %(objectname) %(*objectname) [2ms]
2025-03-16 09:49:38.915 [info] > git merge-base refs/heads/main refs/remotes/origin/main [5ms]
2025-03-16 09:49:38.921 [info] > git diff --name-status -z --diff-filter=ADMR 84988b9eb3c1f6ec24770309af32c32e6f4b25f8...refs/remotes/origin/main [2ms]
2025-03-16 09:49:39.074 [info] > git config --get --local branch.main.github-pr-owner-number [1ms]
2025-03-16 09:49:39.075 [warning] [Git][config] git config failed: Failed to execute git
2025-03-16 09:49:43.919 [info] > git config --get commit.template [4ms]
2025-03-16 09:49:43.924 [info] > git for-each-ref --format=%(refname)%00%(upstream:short)%00%(objectname)%00%(upstream:track)%00%(upstream:remotename)%00%(upstream:remoteref) refs/heads/main refs/remotes/main [6ms]
2025-03-16 09:49:43.927 [warning] [Git][revParse] Unable to read file: ENOENT: no such file or directory, open '/workspace/project/.git/refs/remotes/origin/main'
2025-03-16 09:49:43.929 [info] > git rev-parse refs/remotes/origin/main [2ms]
2025-03-16 09:49:43.935 [info] > git status -z -uall [3ms]
2025-03-16 09:49:43.937 [info] > git for-each-ref --sort -committerdate --format %(refname) %(objectname) %(*objectname) [2ms]
2025-03-16 09:49:50.004 [info] > git config --get commit.template [5ms]
2025-03-16 09:49:50.010 [info] > git for-each-ref --format=%(refname)%00%(upstream:short)%00%(objectname)%00%(upstream:track)%00%(upstream:remotename)%00%(upstream:remoteref) refs/heads/main refs/remotes/main [7ms]
2025-03-16 09:49:50.014 [warning] [Git][revParse] Unable to read file: ENOENT: no such file or directory, open '/workspace/project/.git/refs/remotes/origin/main'
2025-03-16 09:49:50.016 [info] > git rev-parse refs/remotes/origin/main [2ms]
2025-03-16 09:49:50.024 [info] > git status -z -uall [4ms]
2025-03-16 09:49:50.026 [info] > git for-each-ref --sort -committerdate --format %(refname) %(objectname) %(*objectname) [2ms]
2025-03-16 09:49:50.039 [info] > git merge-base refs/heads/main refs/remotes/origin/main [6ms]
2025-03-16 09:49:50.045 [info] > git diff --name-status -z --diff-filter=ADMR 84988b9eb3c1f6ec24770309af32c32e6f4b25f8...refs/remotes/origin/main [2ms]
2025-03-16 09:49:50.198 [info] > git config --get --local branch.main.github-pr-owner-number [1ms]
2025-03-16 09:49:50.198 [warning] [Git][config] git config failed: Failed to execute git
2025-03-16 09:49:56.718 [info] > git config --get commit.template [4ms]
2025-03-16 09:49:56.724 [info] > git for-each-ref --format=%(refname)%00%(upstream:short)%00%(objectname)%00%(upstream:track)%00%(upstream:remotename)%00%(upstream:remoteref) refs/heads/main refs/remotes/main [6ms]
2025-03-16 09:49:56.728 [warning] [Git][revParse] Unable to read file: ENOENT: no such file or directory, open '/workspace/project/.git/refs/remotes/origin/main'
2025-03-16 09:49:56.729 [info] > git rev-parse refs/remotes/origin/main [1ms]
2025-03-16 09:49:56.738 [info] > git status -z -uall [5ms]
2025-03-16 09:49:56.740 [info] > git for-each-ref --sort -committerdate --format %(refname) %(objectname) %(*objectname) [3ms]
2025-03-16 09:49:56.753 [info] > git merge-base refs/heads/main refs/remotes/origin/main [5ms]
2025-03-16 09:49:56.759 [info] > git diff --name-status -z --diff-filter=ADMR 84988b9eb3c1f6ec24770309af32c32e6f4b25f8...refs/remotes/origin/main [2ms]
2025-03-16 09:49:56.912 [info] > git config --get --local branch.main.github-pr-owner-number [1ms]
2025-03-16 09:49:56.912 [warning] [Git][config] git config failed: Failed to execute git
2025-03-16 09:52:07.552 [info] > git config --get commit.template [4ms]
2025-03-16 09:52:07.557 [info] > git for-each-ref --format=%(refname)%00%(upstream:short)%00%(objectname)%00%(upstream:track)%00%(upstream:remotename)%00%(upstream:remoteref) refs/heads/main refs/remotes/main [6ms]
2025-03-16 09:52:07.561 [warning] [Git][revParse] Unable to read file: ENOENT: no such file or directory, open '/workspace/project/.git/refs/remotes/origin/main'
2025-03-16 09:52:07.563 [info] > git rev-parse refs/remotes/origin/main [2ms]
2025-03-16 09:52:07.571 [info] > git status -z -uall [5ms]
2025-03-16 09:52:07.574 [info] > git for-each-ref --sort -committerdate --format %(refname) %(objectname) %(*objectname) [3ms]
2025-03-16 09:52:07.587 [info] > git merge-base refs/heads/main refs/remotes/origin/main [6ms]
2025-03-16 09:52:07.593 [info] > git diff --name-status -z --diff-filter=ADMR 84988b9eb3c1f6ec24770309af32c32e6f4b25f8...refs/remotes/origin/main [2ms]
2025-03-16 09:52:07.749 [info] > git config --get --local branch.main.github-pr-owner-number [1ms]
2025-03-16 09:52:07.749 [warning] [Git][config] git config failed: Failed to execute git
2025-03-16 09:53:51.510 [info] > git config --get commit.template [5ms]
2025-03-16 09:53:51.515 [info] > git for-each-ref --format=%(refname)%00%(upstream:short)%00%(objectname)%00%(upstream:track)%00%(upstream:remotename)%00%(upstream:remoteref) refs/heads/main refs/remotes/main [6ms]
2025-03-16 09:53:51.519 [warning] [Git][revParse] Unable to read file: ENOENT: no such file or directory, open '/workspace/project/.git/refs/remotes/origin/main'
2025-03-16 09:53:51.521 [info] > git rev-parse refs/remotes/origin/main [1ms]
2025-03-16 09:53:51.528 [info] > git status -z -uall [4ms]
2025-03-16 09:53:51.530 [info] > git for-each-ref --sort -committerdate --format %(refname) %(objectname) %(*objectname) [2ms]
2025-03-16 09:53:51.542 [info] > git merge-base refs/heads/main refs/remotes/origin/main [5ms]
2025-03-16 09:53:51.547 [info] > git diff --name-status -z --diff-filter=ADMR 84988b9eb3c1f6ec24770309af32c32e6f4b25f8...refs/remotes/origin/main [2ms]
2025-03-16 09:53:51.702 [info] > git config --get --local branch.main.github-pr-owner-number [1ms]
2025-03-16 09:53:51.702 [warning] [Git][config] git config failed: Failed to execute git
2025-03-16 09:53:56.546 [info] > git config --get commit.template [5ms]
2025-03-16 09:53:56.551 [info] > git for-each-ref --format=%(refname)%00%(upstream:short)%00%(objectname)%00%(upstream:track)%00%(upstream:remotename)%00%(upstream:remoteref) refs/heads/main refs/remotes/main [6ms]
2025-03-16 09:53:56.555 [warning] [Git][revParse] Unable to read file: ENOENT: no such file or directory, open '/workspace/project/.git/refs/remotes/origin/main'
2025-03-16 09:53:56.556 [info] > git rev-parse refs/remotes/origin/main [1ms]
2025-03-16 09:53:56.566 [info] > git status -z -uall [5ms]
2025-03-16 09:53:56.568 [info] > git for-each-ref --sort -committerdate --format %(refname) %(objectname) %(*objectname) [2ms]
2025-03-16 09:53:56.581 [info] > git merge-base refs/heads/main refs/remotes/origin/main [6ms]
2025-03-16 09:53:56.586 [info] > git diff --name-status -z --diff-filter=ADMR 84988b9eb3c1f6ec24770309af32c32e6f4b25f8...refs/remotes/origin/main [1ms]
2025-03-16 09:53:56.738 [info] > git config --get --local branch.main.github-pr-owner-number [1ms]
2025-03-16 09:53:56.738 [warning] [Git][config] git config failed: Failed to execute git
2025-03-16 09:54:22.410 [info] > git config --get commit.template [5ms]
2025-03-16 09:54:22.415 [info] > git for-each-ref --format=%(refname)%00%(upstream:short)%00%(objectname)%00%(upstream:track)%00%(upstream:remotename)%00%(upstream:remoteref) refs/heads/main refs/remotes/main [6ms]
2025-03-16 09:54:22.418 [warning] [Git][revParse] Unable to read file: ENOENT: no such file or directory, open '/workspace/project/.git/refs/remotes/origin/main'
2025-03-16 09:54:22.420 [info] > git rev-parse refs/remotes/origin/main [2ms]
2025-03-16 09:54:22.427 [info] > git status -z -uall [4ms]
2025-03-16 09:54:22.429 [info] > git for-each-ref --sort -committerdate --format %(refname) %(objectname) %(*objectname) [2ms]
2025-03-16 09:54:40.116 [info] > git config --get commit.template [5ms]
2025-03-16 09:54:40.121 [info] > git for-each-ref --format=%(refname)%00%(upstream:short)%00%(objectname)%00%(upstream:track)%00%(upstream:remotename)%00%(upstream:remoteref) refs/heads/main refs/remotes/main [6ms]
2025-03-16 09:54:40.124 [warning] [Git][revParse] Unable to read file: ENOENT: no such file or directory, open '/workspace/project/.git/refs/remotes/origin/main'
2025-03-16 09:54:40.125 [info] > git rev-parse refs/remotes/origin/main [1ms]
2025-03-16 09:54:40.133 [info] > git status -z -uall [4ms]
2025-03-16 09:54:40.135 [info] > git for-each-ref --sort -committerdate --format %(refname) %(objectname) %(*objectname) [3ms]
2025-03-16 09:54:45.148 [info] > git config --get commit.template [5ms]
2025-03-16 09:54:45.154 [info] > git for-each-ref --format=%(refname)%00%(upstream:short)%00%(objectname)%00%(upstream:track)%00%(upstream:remotename)%00%(upstream:remoteref) refs/heads/main refs/remotes/main [6ms]
2025-03-16 09:54:45.158 [warning] [Git][revParse] Unable to read file: ENOENT: no such file or directory, open '/workspace/project/.git/refs/remotes/origin/main'
2025-03-16 09:54:45.160 [info] > git rev-parse refs/remotes/origin/main [2ms]
2025-03-16 09:54:45.168 [info] > git status -z -uall [4ms]
2025-03-16 09:54:45.170 [info] > git for-each-ref --sort -committerdate --format %(refname) %(objectname) %(*objectname) [3ms]
2025-03-16 09:54:56.026 [info] > git config --get commit.template [4ms]
2025-03-16 09:54:56.031 [info] > git for-each-ref --format=%(refname)%00%(upstream:short)%00%(objectname)%00%(upstream:track)%00%(upstream:remotename)%00%(upstream:remoteref) refs/heads/main refs/remotes/main [6ms]
2025-03-16 09:54:56.034 [warning] [Git][revParse] Unable to read file: ENOENT: no such file or directory, open '/workspace/project/.git/refs/remotes/origin/main'
2025-03-16 09:54:56.036 [info] > git rev-parse refs/remotes/origin/main [2ms]
2025-03-16 09:54:56.042 [info] > git status -z -uall [3ms]
2025-03-16 09:54:56.044 [info] > git for-each-ref --sort -committerdate --format %(refname) %(objectname) %(*objectname) [2ms]
2025-03-16 09:54:56.056 [info] > git merge-base refs/heads/main refs/remotes/origin/main [6ms]
2025-03-16 09:54:56.061 [info] > git diff --name-status -z --diff-filter=ADMR 84988b9eb3c1f6ec24770309af32c32e6f4b25f8...refs/remotes/origin/main [2ms]
2025-03-16 09:54:56.216 [info] > git config --get --local branch.main.github-pr-owner-number [1ms]
2025-03-16 09:54:56.216 [warning] [Git][config] git config failed: Failed to execute git
2025-03-16 09:55:01.060 [info] > git config --get commit.template [4ms]
2025-03-16 09:55:01.065 [info] > git for-each-ref --format=%(refname)%00%(upstream:short)%00%(objectname)%00%(upstream:track)%00%(upstream:remotename)%00%(upstream:remoteref) refs/heads/main refs/remotes/main [5ms]
2025-03-16 09:55:01.069 [warning] [Git][revParse] Unable to read file: ENOENT: no such file or directory, open '/workspace/project/.git/refs/remotes/origin/main'
2025-03-16 09:55:01.071 [info] > git rev-parse refs/remotes/origin/main [2ms]
2025-03-16 09:55:01.078 [info] > git status -z -uall [4ms]
2025-03-16 09:55:01.081 [info] > git for-each-ref --sort -committerdate --format %(refname) %(objectname) %(*objectname) [3ms]
2025-03-16 09:55:01.093 [info] > git merge-base refs/heads/main refs/remotes/origin/main [5ms]
2025-03-16 09:55:01.099 [info] > git diff --name-status -z --diff-filter=ADMR 84988b9eb3c1f6ec24770309af32c32e6f4b25f8...refs/remotes/origin/main [2ms]
2025-03-16 09:55:01.275 [info] > git config --get --local branch.main.github-pr-owner-number [1ms]
2025-03-16 09:55:01.275 [warning] [Git][config] git config failed: Failed to execute git
