2025-03-16 05:15:29.538 [info] Log level: Info
2025-03-16 05:15:29.538 [info] VSCODE_MACHINE_ID: someValue.machineId
2025-03-16 05:15:29.538 [info] VSCODE_SESSION_ID: someValue.sessionId
2025-03-16 05:15:29.538 [info] VSCODE_VERSION: 1.97.2
2025-03-16 05:15:29.538 [info] VSCODE_APP_NAME: Gitpod Code
2025-03-16 05:15:29.538 [info] VSCODE_APP_HOST: Gitpod
2025-03-16 05:15:29.538 [info] VSCODE_UI_KIND: web
2025-03-16 05:15:29.538 [info] GITPOD_WORKSPACE_CONTEXT_URL: https://github.com/freeCodeCamp/learn-bash-scripting-by-building-five-programs
2025-03-16 05:15:29.538 [info] GITPOD_INSTANCE_ID: 0bf07217-3d9f-4d68-bf7c-8a7cf9c373e1
2025-03-16 05:15:29.538 [info] GITPOD_WORKSPACE_URL: https://freecodecam-learnbashsc-c6iao5vqmq4.ws-us118.gitpod.io
2025-03-16 05:15:29.538 [info] Gitpod Web 3953e81
2025-03-16 05:15:29.538 [info] Reading sessions from keychain...
2025-03-16 05:15:29.709 [info] Getting sessions for all scopes...
2025-03-16 05:15:29.709 [info] Getting sessions for all scopes...
2025-03-16 05:15:29.709 [info] Getting GitHub sessions for all scopes...
2025-03-16 05:15:29.709 [info] Getting sessions for function:accessCodeSyncStorage...
2025-03-16 05:15:29.709 [info] Got stored sessions!
2025-03-16 05:15:29.709 [info] Verified session with the following scopes: function:accessCodeSyncStorage function:closePort function:controlAdmission function:deleteEnvVar function:generateNewGitpodToken function:getDefaultWorkspaceImage function:getGitpodTokenScopes function:getIDToken function:getLoggedInUser function:getOpenPorts function:getSupportedWorkspaceClasses function:getTeams function:getToken function:getWorkspace function:getWorkspaceEnvVars function:getWorkspaceOwner function:getWorkspaceTimeout function:getWorkspaceUsers function:guessGitTokenScopes function:isWorkspaceOwner function:openPort function:sendHeartBeat function:setEnvVar function:setWorkspaceTimeout function:stopWorkspace function:takeSnapshot function:trackEvent function:updateGitStatus function:waitForSnapshot resource:contentBlob::*::create/get resource:envVar::*/**::update resource:envVar::*/*::update resource:envVar::freeCodeCamp/learn-bash-scripting-by-building-five-programs::create/get/update/delete resource:gitpodToken::*::create resource:snapshot::ws-freecodecam-learnbashsc-c6iao5vqmq4::create resource:token::*::get resource:userStorage::*::create/get/update resource:workspace::freecodecam-learnbashsc-c6iao5vqmq4::get/update resource:workspaceInstance::0bf07217-3d9f-4d68-bf7c-8a7cf9c373e1::get/update/delete
2025-03-16 05:15:29.710 [info] Got 1 verified sessions.
2025-03-16 05:15:29.710 [info] Got 1 sessions for all scopes...
2025-03-16 05:15:29.710 [info] Got 1 sessions for all scopes...
2025-03-16 05:15:29.710 [info] Got 1 sessions for function:accessCodeSyncStorage...
2025-03-16 05:15:29.996 [info] Got 1 GitHub sessions for all scopes...
2025-03-16 05:15:30.044 [info] Getting GitHub sessions for all scopes...
2025-03-16 05:15:30.044 [info] Getting sessions for all scopes...
2025-03-16 05:15:30.044 [info] Got 1 GitHub sessions for all scopes...
2025-03-16 05:15:30.044 [info] Got 1 sessions for all scopes...
2025-03-16 05:15:30.273 [info] Getting GitHub sessions for all scopes...
2025-03-16 05:15:30.273 [info] Got 1 GitHub sessions for all scopes...
2025-03-16 05:15:30.902 [info] Getting GitHub sessions for read:user,repo,user:email,workflow...
2025-03-16 05:15:30.902 [info] Got 0 GitHub sessions for read:user,repo,user:email,workflow...
2025-03-16 05:15:31.334 [info] Getting sessions for all scopes...
2025-03-16 05:15:31.334 [info] Getting GitHub sessions for all scopes...
2025-03-16 05:15:31.334 [info] Got 1 sessions for all scopes...
2025-03-16 05:15:31.334 [info] Got 1 GitHub sessions for all scopes...
2025-03-16 05:15:31.470 [info] Getting GitHub sessions for project,read:org,read:user,repo,user:email,workflow...
2025-03-16 05:15:31.471 [info] Got 0 GitHub sessions for project,read:org,read:user,repo,user:email,workflow...
2025-03-16 05:15:32.049 [info] Getting GitHub sessions for read:user,repo,user:email,workflow...
2025-03-16 05:15:32.049 [info] Got 0 GitHub sessions for read:user,repo,user:email,workflow...
2025-03-16 05:15:32.538 [info] Getting GitHub sessions for read:user,repo,user:email...
2025-03-16 05:15:32.538 [info] Got 0 GitHub sessions for read:user,repo,user:email...
2025-03-16 05:15:33.035 [info] Getting GitHub sessions for read:user,repo,user:email,workflow...
2025-03-16 05:15:33.035 [info] Got 0 GitHub sessions for read:user,repo,user:email,workflow...
