2025-03-13 11:52:10.559 [info] [main] Log level: Info
2025-03-13 11:52:10.559 [info] [main] Validating found git in: "git"
2025-03-13 11:52:10.559 [info] [main] Using git "2.43.0" from "git"
2025-03-13 11:52:10.559 [info] [Model][doInitialScan] Initial repository scan started
2025-03-13 11:52:10.559 [info] > git rev-parse --show-toplevel [2ms]
2025-03-13 11:52:10.559 [info] > git rev-parse --git-dir --git-common-dir [3ms]
2025-03-13 11:52:10.559 [info] [Model][openRepository] Opened repository: /workspace/project
2025-03-13 11:52:10.559 [info] > git config --get commit.template [100ms]
2025-03-13 11:52:10.559 [info] > git rev-parse --show-toplevel [98ms]
2025-03-13 11:52:10.559 [info] > git for-each-ref --format=%(refname)%00%(upstream:short)%00%(objectname)%00%(upstream:track)%00%(upstream:remotename)%00%(upstream:remoteref) refs/heads/main refs/remotes/main [37ms]
2025-03-13 11:52:10.559 [info] > git rev-parse --show-toplevel [33ms]
2025-03-13 11:52:10.559 [info] [Model][doInitialScan] Initial repository scan completed - repositories (1), closed repositories (0), parent repositories (0), unsafe repositories (0)
2025-03-13 11:52:10.559 [warning] [Git][revParse] Unable to read file: ENOENT: no such file or directory, open '/workspace/project/.git/refs/remotes/origin/main'
2025-03-13 11:52:10.559 [info] > git rev-parse refs/remotes/origin/main [3ms]
2025-03-13 11:52:10.559 [info] > git status -z -uall [7ms]
2025-03-13 11:52:10.559 [info] > git for-each-ref --sort -committerdate --format %(refname) %(objectname) %(*objectname) [4ms]
2025-03-13 11:52:10.559 [info] > git for-each-ref --format=%(refname)%00%(upstream:short)%00%(objectname)%00%(upstream:track)%00%(upstream:remotename)%00%(upstream:remoteref) refs/heads/main refs/remotes/main [10ms]
2025-03-13 11:52:10.559 [info] > git config --get commit.template [9ms]
2025-03-13 11:52:10.559 [info] > git for-each-ref --format=%(refname)%00%(upstream:short)%00%(objectname)%00%(upstream:track)%00%(upstream:remotename)%00%(upstream:remoteref) refs/heads/main refs/remotes/main [8ms]
2025-03-13 11:52:10.559 [info] > git config --get --local branch.main.vscode-merge-base [3ms]
2025-03-13 11:52:10.559 [warning] [Git][revParse] Unable to read file: ENOENT: no such file or directory, open '/workspace/project/.git/refs/remotes/origin/main'
2025-03-13 11:52:10.559 [info] > git for-each-ref --format=%(refname)%00%(upstream:short)%00%(objectname)%00%(upstream:track)%00%(upstream:remotename)%00%(upstream:remoteref) refs/heads/origin/main refs/remotes/origin/main [7ms]
2025-03-13 11:52:10.559 [info] > git rev-parse refs/remotes/origin/main [8ms]
2025-03-13 11:52:10.559 [info] > git status -z -uall [4ms]
2025-03-13 11:52:10.559 [info] > git merge-base refs/heads/main refs/remotes/origin/main [10ms]
2025-03-13 11:52:10.560 [info] > git for-each-ref --sort -committerdate --format %(refname) %(objectname) %(*objectname) [8ms]
2025-03-13 11:52:10.568 [info] > git diff --name-status -z --diff-filter=ADMR 84988b9eb3c1f6ec24770309af32c32e6f4b25f8...refs/remotes/origin/main [10ms]
2025-03-13 11:52:10.573 [info] > git merge-base refs/heads/main refs/remotes/origin/main [7ms]
2025-03-13 11:52:10.579 [info] > git diff --name-status -z --diff-filter=ADMR 84988b9eb3c1f6ec24770309af32c32e6f4b25f8...refs/remotes/origin/main [3ms]
2025-03-13 11:52:11.065 [info] > git check-ignore -v -z --stdin [1ms]
2025-03-13 11:52:11.672 [info] > git config --get commit.template [6ms]
2025-03-13 11:52:11.678 [info] > git for-each-ref --format=%(refname)%00%(upstream:short)%00%(objectname)%00%(upstream:track)%00%(upstream:remotename)%00%(upstream:remoteref) refs/heads/main refs/remotes/main [7ms]
2025-03-13 11:52:11.681 [warning] [Git][revParse] Unable to read file: ENOENT: no such file or directory, open '/workspace/project/.git/refs/remotes/origin/main'
2025-03-13 11:52:11.683 [info] > git rev-parse refs/remotes/origin/main [2ms]
2025-03-13 11:52:11.691 [info] > git status -z -uall [5ms]
2025-03-13 11:52:11.693 [info] > git for-each-ref --sort -committerdate --format %(refname) %(objectname) %(*objectname) [3ms]
2025-03-13 11:52:13.167 [info] > git config --get --local branch.main.github-pr-owner-number [6ms]
2025-03-13 11:52:13.167 [warning] [Git][config] git config failed: Failed to execute git
2025-03-13 11:52:17.180 [info] > git config --get commit.template [5ms]
2025-03-13 11:52:17.185 [info] > git for-each-ref --format=%(refname)%00%(upstream:short)%00%(objectname)%00%(upstream:track)%00%(upstream:remotename)%00%(upstream:remoteref) refs/heads/main refs/remotes/main [6ms]
2025-03-13 11:52:17.189 [warning] [Git][revParse] Unable to read file: ENOENT: no such file or directory, open '/workspace/project/.git/refs/remotes/origin/main'
2025-03-13 11:52:17.191 [info] > git rev-parse refs/remotes/origin/main [2ms]
2025-03-13 11:52:17.200 [info] > git status -z -uall [5ms]
2025-03-13 11:52:17.202 [info] > git for-each-ref --sort -committerdate --format %(refname) %(objectname) %(*objectname) [2ms]
2025-03-13 11:52:22.216 [info] > git config --get commit.template [5ms]
2025-03-13 11:52:22.222 [info] > git for-each-ref --format=%(refname)%00%(upstream:short)%00%(objectname)%00%(upstream:track)%00%(upstream:remotename)%00%(upstream:remoteref) refs/heads/main refs/remotes/main [6ms]
2025-03-13 11:52:22.225 [warning] [Git][revParse] Unable to read file: ENOENT: no such file or directory, open '/workspace/project/.git/refs/remotes/origin/main'
2025-03-13 11:52:22.227 [info] > git rev-parse refs/remotes/origin/main [2ms]
2025-03-13 11:52:22.235 [info] > git status -z -uall [5ms]
2025-03-13 11:52:22.237 [info] > git for-each-ref --sort -committerdate --format %(refname) %(objectname) %(*objectname) [3ms]
