2025-03-13 11:52:09.823 [info] Log level: Info
2025-03-13 11:52:09.835 [info] VSCODE_MACHINE_ID: someValue.machineId
2025-03-13 11:52:09.835 [info] VSCODE_SESSION_ID: someValue.sessionId
2025-03-13 11:52:09.835 [info] VSCODE_VERSION: 1.97.2
2025-03-13 11:52:09.835 [info] VSCODE_APP_NAME: Gitpod Code
2025-03-13 11:52:09.835 [info] VSCODE_APP_HOST: Gitpod
2025-03-13 11:52:09.835 [info] VSCODE_UI_KIND: web
2025-03-13 11:52:09.835 [info] GITPOD_WORKSPACE_CONTEXT_URL: https://github.com/freeCodeCamp/learn-bash-scripting-by-building-five-programs
2025-03-13 11:52:09.835 [info] GITPOD_INSTANCE_ID: db508c2d-b739-4f46-952e-a98e25214c11
2025-03-13 11:52:09.835 [info] GITPOD_WORKSPACE_URL: https://freecodecam-learnbashsc-c6iao5vqmq4.ws-us118.gitpod.io
2025-03-13 11:52:09.843 [info] Gitpod Web 3953e81
2025-03-13 11:52:09.843 [info] Reading sessions from keychain...
2025-03-13 11:52:10.015 [info] Getting sessions for all scopes...
2025-03-13 11:52:10.015 [info] Getting sessions for all scopes...
2025-03-13 11:52:10.015 [info] Getting GitHub sessions for all scopes...
2025-03-13 11:52:10.015 [info] Getting sessions for function:accessCodeSyncStorage...
2025-03-13 11:52:10.015 [info] Got stored sessions!
2025-03-13 11:52:10.015 [info] Verified session with the following scopes: function:accessCodeSyncStorage function:closePort function:controlAdmission function:deleteEnvVar function:generateNewGitpodToken function:getDefaultWorkspaceImage function:getGitpodTokenScopes function:getIDToken function:getLoggedInUser function:getOpenPorts function:getSupportedWorkspaceClasses function:getTeams function:getToken function:getWorkspace function:getWorkspaceEnvVars function:getWorkspaceOwner function:getWorkspaceTimeout function:getWorkspaceUsers function:guessGitTokenScopes function:isWorkspaceOwner function:openPort function:sendHeartBeat function:setEnvVar function:setWorkspaceTimeout function:stopWorkspace function:takeSnapshot function:trackEvent function:updateGitStatus function:waitForSnapshot resource:contentBlob::*::create/get resource:envVar::*/**::update resource:envVar::*/*::update resource:envVar::freeCodeCamp/learn-bash-scripting-by-building-five-programs::create/get/update/delete resource:gitpodToken::*::create resource:snapshot::ws-freecodecam-learnbashsc-c6iao5vqmq4::create resource:token::*::get resource:userStorage::*::create/get/update resource:workspace::freecodecam-learnbashsc-c6iao5vqmq4::get/update resource:workspaceInstance::db508c2d-b739-4f46-952e-a98e25214c11::get/update/delete
2025-03-13 11:52:10.016 [info] Got 1 verified sessions.
2025-03-13 11:52:10.016 [info] Got 1 sessions for all scopes...
2025-03-13 11:52:10.016 [info] Got 1 sessions for all scopes...
2025-03-13 11:52:10.016 [info] Got 1 sessions for function:accessCodeSyncStorage...
2025-03-13 11:52:10.280 [info] Getting GitHub sessions for all scopes...
2025-03-13 11:52:10.280 [info] Getting sessions for all scopes...
2025-03-13 11:52:10.280 [info] Got 1 sessions for all scopes...
2025-03-13 11:52:10.332 [info] Got 1 GitHub sessions for all scopes...
2025-03-13 11:52:10.332 [info] Got 1 GitHub sessions for all scopes...
2025-03-13 11:52:10.615 [info] Getting GitHub sessions for all scopes...
2025-03-13 11:52:10.615 [info] Got 1 GitHub sessions for all scopes...
2025-03-13 11:52:10.945 [info] Getting GitHub sessions for read:user,repo,user:email,workflow...
2025-03-13 11:52:10.945 [info] Got 0 GitHub sessions for read:user,repo,user:email,workflow...
2025-03-13 11:52:11.244 [info] Getting sessions for all scopes...
2025-03-13 11:52:11.244 [info] Getting GitHub sessions for all scopes...
2025-03-13 11:52:11.244 [info] Got 1 sessions for all scopes...
2025-03-13 11:52:11.244 [info] Got 1 GitHub sessions for all scopes...
2025-03-13 11:52:11.383 [info] Getting GitHub sessions for project,read:org,read:user,repo,user:email,workflow...
2025-03-13 11:52:11.383 [info] Got 0 GitHub sessions for project,read:org,read:user,repo,user:email,workflow...
2025-03-13 11:52:11.866 [info] Getting GitHub sessions for read:user,repo,user:email,workflow...
2025-03-13 11:52:11.866 [info] Got 0 GitHub sessions for read:user,repo,user:email,workflow...
2025-03-13 11:52:12.342 [info] Getting GitHub sessions for read:user,repo,user:email...
2025-03-13 11:52:12.342 [info] Got 0 GitHub sessions for read:user,repo,user:email...
2025-03-13 11:52:12.816 [info] Getting GitHub sessions for read:user,repo,user:email,workflow...
2025-03-13 11:52:12.816 [info] Got 0 GitHub sessions for read:user,repo,user:email,workflow...
