2025-03-03 12:23:00.118 [info] Log level: Info
2025-03-03 12:23:00.141 [info] VSCODE_MACHINE_ID: someValue.machineId
2025-03-03 12:23:00.141 [info] VSCODE_SESSION_ID: someValue.sessionId
2025-03-03 12:23:00.141 [info] VSCODE_VERSION: 1.97.2
2025-03-03 12:23:00.141 [info] VSCODE_APP_NAME: Gitpod Code
2025-03-03 12:23:00.141 [info] VSCODE_APP_HOST: Gitpod
2025-03-03 12:23:00.141 [info] VSCODE_UI_KIND: web
2025-03-03 12:23:00.141 [info] GITPOD_WORKSPACE_CONTEXT_URL: https://github.com/freeCodeCamp/learn-bash-scripting-by-building-five-programs
2025-03-03 12:23:00.141 [info] GITPOD_INSTANCE_ID: e0f88083-95f3-480d-b81d-5dc62a00ec71
2025-03-03 12:23:00.141 [info] GITPOD_WORKSPACE_URL: https://freecodecam-learnbashsc-c6iao5vqmq4.ws-us118.gitpod.io
2025-03-03 12:23:00.149 [info] Gitpod Web 3953e81
2025-03-03 12:23:00.149 [info] Reading sessions from keychain...
2025-03-03 12:23:00.333 [info] Getting sessions for all scopes...
2025-03-03 12:23:00.333 [info] Getting sessions for all scopes...
2025-03-03 12:23:00.333 [info] Getting GitHub sessions for all scopes...
2025-03-03 12:23:00.333 [info] Getting sessions for function:accessCodeSyncStorage...
2025-03-03 12:23:00.333 [info] Got stored sessions!
2025-03-03 12:23:00.333 [info] Verified session with the following scopes: function:accessCodeSyncStorage function:closePort function:controlAdmission function:deleteEnvVar function:generateNewGitpodToken function:getDefaultWorkspaceImage function:getGitpodTokenScopes function:getIDToken function:getLoggedInUser function:getOpenPorts function:getSupportedWorkspaceClasses function:getTeams function:getToken function:getWorkspace function:getWorkspaceEnvVars function:getWorkspaceOwner function:getWorkspaceTimeout function:getWorkspaceUsers function:guessGitTokenScopes function:isWorkspaceOwner function:openPort function:sendHeartBeat function:setEnvVar function:setWorkspaceTimeout function:stopWorkspace function:takeSnapshot function:trackEvent function:updateGitStatus function:waitForSnapshot resource:contentBlob::*::create/get resource:envVar::*/**::update resource:envVar::*/*::update resource:envVar::freeCodeCamp/learn-bash-scripting-by-building-five-programs::create/get/update/delete resource:gitpodToken::*::create resource:snapshot::ws-freecodecam-learnbashsc-c6iao5vqmq4::create resource:token::*::get resource:userStorage::*::create/get/update resource:workspace::freecodecam-learnbashsc-c6iao5vqmq4::get/update resource:workspaceInstance::e0f88083-95f3-480d-b81d-5dc62a00ec71::get/update/delete
2025-03-03 12:23:00.334 [info] Got 1 verified sessions.
2025-03-03 12:23:00.334 [info] Got 1 sessions for all scopes...
2025-03-03 12:23:00.334 [info] Got 1 sessions for all scopes...
2025-03-03 12:23:00.334 [info] Got 1 sessions for function:accessCodeSyncStorage...
2025-03-03 12:23:00.610 [info] Getting GitHub sessions for all scopes...
2025-03-03 12:23:00.610 [info] Getting sessions for all scopes...
2025-03-03 12:23:00.610 [info] Got 1 sessions for all scopes...
2025-03-03 12:23:00.879 [info] Got 1 GitHub sessions for all scopes...
2025-03-03 12:23:00.879 [info] Got 1 GitHub sessions for all scopes...
2025-03-03 12:23:01.084 [info] Getting GitHub sessions for all scopes...
2025-03-03 12:23:01.085 [info] Got 1 GitHub sessions for all scopes...
2025-03-03 12:23:01.417 [info] Getting GitHub sessions for read:user,repo,user:email,workflow...
2025-03-03 12:23:01.417 [info] Got 0 GitHub sessions for read:user,repo,user:email,workflow...
2025-03-03 12:23:01.794 [info] Getting GitHub sessions for project,read:org,read:user,repo,user:email,workflow...
2025-03-03 12:23:01.795 [info] Got 0 GitHub sessions for project,read:org,read:user,repo,user:email,workflow...
2025-03-03 12:23:02.275 [info] Getting GitHub sessions for read:user,repo,user:email,workflow...
2025-03-03 12:23:02.275 [info] Got 0 GitHub sessions for read:user,repo,user:email,workflow...
2025-03-03 12:23:02.763 [info] Getting GitHub sessions for read:user,repo,user:email...
2025-03-03 12:23:02.763 [info] Got 0 GitHub sessions for read:user,repo,user:email...
2025-03-03 12:23:03.260 [info] Getting GitHub sessions for read:user,repo,user:email,workflow...
2025-03-03 12:23:03.260 [info] Got 0 GitHub sessions for read:user,repo,user:email,workflow...
