2025-03-02 05:23:02.551 [warning] /home/gitpod/.ssh/config: ENOENT: no such file or directory, open '/home/gitpod/.ssh/config'
2025-03-02 05:23:02.552 [info] Activation> Extension version: 0.102.0
2025-03-02 05:23:04.739 [info] Looking for git repository
2025-03-02 05:23:04.739 [info] Found 0 repositories during activation
2025-03-02 05:23:04.739 [info] Git repository found, initializing review manager and pr tree view.
2025-03-02 05:23:04.743 [info] Registering git provider
2025-03-02 05:23:04.743 [info] Review+0> Validate state in progress
2025-03-02 05:23:04.743 [info] Review+0> Validating state...
2025-03-02 05:23:04.912 [info] Found GitHub remote for folder /workspace/project
2025-03-02 05:23:04.914 [info] Trying to use globalState for assignableUsers.
2025-03-02 05:23:04.921 [info] Review+0> No matching pull request metadata found locally for current branch main
2025-03-02 05:23:04.922 [info] Review+0> No matching pull request metadata found on GitHub for current branch main
2025-03-02 05:23:05.099 [info] GlobalState does not exist for assignableUsers.
2025-03-02 05:23:17.329 [info] Repo state for file:///workspace/project changed.
2025-03-02 05:23:17.329 [info] Repo file:///workspace/project has already been setup.
2025-03-02 05:23:50.464 [info] Review+0> Validate state in progress
2025-03-02 05:23:50.464 [info] Review+0> Validating state...
2025-03-02 05:23:50.637 [info] Found GitHub remote for folder /workspace/project
2025-03-02 05:23:50.638 [info] Using in-memory cached assignable users.
2025-03-02 05:23:50.647 [info] Review+0> No matching pull request metadata found locally for current branch main
2025-03-02 05:23:50.647 [info] Review+0> No matching pull request metadata found on GitHub for current branch main
2025-03-02 05:24:28.447 [info] Review+0> Validate state in progress
2025-03-02 05:24:28.447 [info] Review+0> Validating state...
2025-03-02 05:24:28.614 [info] Found GitHub remote for folder /workspace/project
2025-03-02 05:24:28.615 [info] Using in-memory cached assignable users.
2025-03-02 05:24:28.622 [info] Review+0> No matching pull request metadata found locally for current branch main
2025-03-02 05:24:28.622 [info] Review+0> No matching pull request metadata found on GitHub for current branch main
2025-03-02 05:29:05.969 [info] Review+0> Validate state in progress
2025-03-02 05:29:05.969 [info] Review+0> Validating state...
2025-03-02 05:29:06.139 [info] Found GitHub remote for folder /workspace/project
2025-03-02 05:29:06.139 [info] Using in-memory cached assignable users.
2025-03-02 05:29:06.146 [info] Review+0> No matching pull request metadata found locally for current branch main
2025-03-02 05:29:06.147 [info] Review+0> No matching pull request metadata found on GitHub for current branch main
2025-03-02 05:29:24.998 [info] Review+0> Validate state in progress
2025-03-02 05:29:24.998 [info] Review+0> Validating state...
2025-03-02 05:29:25.165 [info] Found GitHub remote for folder /workspace/project
2025-03-02 05:29:25.166 [info] Using in-memory cached assignable users.
2025-03-02 05:29:25.173 [info] Review+0> No matching pull request metadata found locally for current branch main
2025-03-02 05:29:25.173 [info] Review+0> No matching pull request metadata found on GitHub for current branch main
2025-03-02 05:29:39.557 [info] Review+0> Validate state in progress
2025-03-02 05:29:39.557 [info] Review+0> Validating state...
2025-03-02 05:29:39.724 [info] Found GitHub remote for folder /workspace/project
2025-03-02 05:29:39.724 [info] Using in-memory cached assignable users.
2025-03-02 05:29:39.730 [info] Review+0> No matching pull request metadata found locally for current branch main
2025-03-02 05:29:39.731 [info] Review+0> No matching pull request metadata found on GitHub for current branch main
2025-03-02 05:32:34.696 [info] Review+0> Validate state in progress
2025-03-02 05:32:34.697 [info] Review+0> Validating state...
2025-03-02 05:32:34.908 [info] Found GitHub remote for folder /workspace/project
2025-03-02 05:32:34.909 [info] Using in-memory cached assignable users.
2025-03-02 05:32:34.915 [info] Review+0> No matching pull request metadata found locally for current branch main
2025-03-02 05:32:34.915 [info] Review+0> No matching pull request metadata found on GitHub for current branch main
2025-03-02 05:33:02.035 [info] Review+0> Validate state in progress
2025-03-02 05:33:02.035 [info] Review+0> Validating state...
2025-03-02 05:33:02.204 [info] Found GitHub remote for folder /workspace/project
2025-03-02 05:33:02.205 [info] Using in-memory cached assignable users.
2025-03-02 05:33:02.213 [info] Review+0> No matching pull request metadata found locally for current branch main
2025-03-02 05:33:02.213 [info] Review+0> No matching pull request metadata found on GitHub for current branch main
