2025-03-02 05:23:02.084 [info] [main] Log level: Info
2025-03-02 05:23:02.084 [info] [main] Validating found git in: "git"
2025-03-02 05:23:02.084 [info] [main] Using git "2.43.0" from "git"
2025-03-02 05:23:02.084 [info] [Model][doInitialScan] Initial repository scan started
2025-03-02 05:23:02.084 [info] > git rev-parse --show-toplevel [2ms]
2025-03-02 05:23:02.084 [info] > git rev-parse --git-dir --git-common-dir [1ms]
2025-03-02 05:23:02.084 [info] [Model][openRepository] Opened repository: /workspace/project
2025-03-02 05:23:02.084 [info] > git config --get commit.template [3ms]
2025-03-02 05:23:02.084 [info] > git rev-parse --show-toplevel [128ms]
2025-03-02 05:23:02.084 [info] > git for-each-ref --format=%(refname)%00%(upstream:short)%00%(objectname)%00%(upstream:track)%00%(upstream:remotename)%00%(upstream:remoteref) refs/heads/main refs/remotes/main [9ms]
2025-03-02 05:23:02.084 [warning] [Git][revParse] Unable to read file: ENOENT: no such file or directory, open '/workspace/project/.git/refs/remotes/origin/main'
2025-03-02 05:23:02.084 [info] > git rev-parse refs/remotes/origin/main [27ms]
2025-03-02 05:23:02.084 [info] > git rev-parse --show-toplevel [39ms]
2025-03-02 05:23:02.084 [info] [Model][doInitialScan] Initial repository scan completed - repositories (1), closed repositories (0), parent repositories (0), unsafe repositories (0)
2025-03-02 05:23:02.084 [info] > git status -z -uall [6ms]
2025-03-02 05:23:02.084 [info] > git for-each-ref --sort -committerdate --format %(refname) %(objectname) %(*objectname) [6ms]
2025-03-02 05:23:02.084 [info] > git for-each-ref --format=%(refname)%00%(upstream:short)%00%(objectname)%00%(upstream:track)%00%(upstream:remotename)%00%(upstream:remoteref) refs/heads/main refs/remotes/main [6ms]
2025-03-02 05:23:02.084 [info] > git config --get commit.template [5ms]
2025-03-02 05:23:02.084 [info] > git config --get --local branch.main.vscode-merge-base [6ms]
2025-03-02 05:23:02.084 [info] > git for-each-ref --format=%(refname)%00%(upstream:short)%00%(objectname)%00%(upstream:track)%00%(upstream:remotename)%00%(upstream:remoteref) refs/heads/main refs/remotes/main [5ms]
2025-03-02 05:23:02.084 [warning] [Git][revParse] Unable to read file: ENOENT: no such file or directory, open '/workspace/project/.git/refs/remotes/origin/main'
2025-03-02 05:23:02.084 [info] > git for-each-ref --format=%(refname)%00%(upstream:short)%00%(objectname)%00%(upstream:track)%00%(upstream:remotename)%00%(upstream:remoteref) refs/heads/origin/main refs/remotes/origin/main [8ms]
2025-03-02 05:23:02.084 [info] > git rev-parse refs/remotes/origin/main [6ms]
2025-03-02 05:23:02.085 [info] > git status -z -uall [6ms]
2025-03-02 05:23:02.086 [info] > git merge-base refs/heads/main refs/remotes/origin/main [10ms]
2025-03-02 05:23:02.090 [info] > git for-each-ref --sort -committerdate --format %(refname) %(objectname) %(*objectname) [7ms]
2025-03-02 05:23:02.101 [info] > git diff --name-status -z --diff-filter=ADMR 84988b9eb3c1f6ec24770309af32c32e6f4b25f8...refs/remotes/origin/main [12ms]
2025-03-02 05:23:02.105 [info] > git merge-base refs/heads/main refs/remotes/origin/main [5ms]
2025-03-02 05:23:02.111 [info] > git diff --name-status -z --diff-filter=ADMR 84988b9eb3c1f6ec24770309af32c32e6f4b25f8...refs/remotes/origin/main [3ms]
2025-03-02 05:23:02.590 [info] > git check-ignore -v -z --stdin [2ms]
2025-03-02 05:23:04.921 [info] > git config --get --local branch.main.github-pr-owner-number [2ms]
2025-03-02 05:23:04.921 [warning] [Git][config] git config failed: Failed to execute git
2025-03-02 05:23:17.308 [info] > git config --get commit.template [4ms]
2025-03-02 05:23:17.311 [info] > git for-each-ref --format=%(refname)%00%(upstream:short)%00%(objectname)%00%(upstream:track)%00%(upstream:remotename)%00%(upstream:remoteref) refs/heads/main refs/remotes/main [4ms]
2025-03-02 05:23:17.314 [warning] [Git][revParse] Unable to read file: ENOENT: no such file or directory, open '/workspace/project/.git/refs/remotes/origin/main'
2025-03-02 05:23:17.316 [info] > git rev-parse refs/remotes/origin/main [2ms]
2025-03-02 05:23:17.322 [info] > git status -z -uall [3ms]
2025-03-02 05:23:17.325 [info] > git for-each-ref --sort -committerdate --format %(refname) %(objectname) %(*objectname) [2ms]
2025-03-02 05:23:50.444 [info] > git config --get commit.template [5ms]
2025-03-02 05:23:50.447 [info] > git for-each-ref --format=%(refname)%00%(upstream:short)%00%(objectname)%00%(upstream:track)%00%(upstream:remotename)%00%(upstream:remoteref) refs/heads/main refs/remotes/main [5ms]
2025-03-02 05:23:50.450 [warning] [Git][revParse] Unable to read file: ENOENT: no such file or directory, open '/workspace/project/.git/refs/remotes/origin/main'
2025-03-02 05:23:50.451 [info] > git rev-parse refs/remotes/origin/main [1ms]
2025-03-02 05:23:50.458 [info] > git status -z -uall [4ms]
2025-03-02 05:23:50.460 [info] > git for-each-ref --sort -committerdate --format %(refname) %(objectname) %(*objectname) [2ms]
2025-03-02 05:23:50.474 [info] > git merge-base refs/heads/main refs/remotes/origin/main [5ms]
2025-03-02 05:23:50.480 [info] > git diff --name-status -z --diff-filter=ADMR 84988b9eb3c1f6ec24770309af32c32e6f4b25f8...refs/remotes/origin/main [2ms]
2025-03-02 05:23:50.647 [info] > git config --get --local branch.main.github-pr-owner-number [4ms]
2025-03-02 05:23:50.647 [warning] [Git][config] git config failed: Failed to execute git
2025-03-02 05:23:55.482 [info] > git config --get commit.template [5ms]
2025-03-02 05:23:55.485 [info] > git for-each-ref --format=%(refname)%00%(upstream:short)%00%(objectname)%00%(upstream:track)%00%(upstream:remotename)%00%(upstream:remoteref) refs/heads/main refs/remotes/main [4ms]
2025-03-02 05:23:55.489 [warning] [Git][revParse] Unable to read file: ENOENT: no such file or directory, open '/workspace/project/.git/refs/remotes/origin/main'
2025-03-02 05:23:55.491 [info] > git rev-parse refs/remotes/origin/main [2ms]
2025-03-02 05:23:55.499 [info] > git status -z -uall [4ms]
2025-03-02 05:23:55.501 [info] > git for-each-ref --sort -committerdate --format %(refname) %(objectname) %(*objectname) [2ms]
2025-03-02 05:24:28.418 [info] > git config --get commit.template [5ms]
2025-03-02 05:24:28.424 [info] > git for-each-ref --format=%(refname)%00%(upstream:short)%00%(objectname)%00%(upstream:track)%00%(upstream:remotename)%00%(upstream:remoteref) refs/heads/main refs/remotes/main [7ms]
2025-03-02 05:24:28.428 [warning] [Git][revParse] Unable to read file: ENOENT: no such file or directory, open '/workspace/project/.git/refs/remotes/origin/main'
2025-03-02 05:24:28.431 [info] > git rev-parse refs/remotes/origin/main [2ms]
2025-03-02 05:24:28.440 [info] > git status -z -uall [5ms]
2025-03-02 05:24:28.443 [info] > git for-each-ref --sort -committerdate --format %(refname) %(objectname) %(*objectname) [4ms]
2025-03-02 05:24:28.460 [info] > git merge-base refs/heads/main refs/remotes/origin/main [6ms]
2025-03-02 05:24:28.468 [info] > git diff --name-status -z --diff-filter=ADMR 84988b9eb3c1f6ec24770309af32c32e6f4b25f8...refs/remotes/origin/main [3ms]
2025-03-02 05:24:28.621 [info] > git config --get --local branch.main.github-pr-owner-number [2ms]
2025-03-02 05:24:28.621 [warning] [Git][config] git config failed: Failed to execute git
2025-03-02 05:29:05.944 [info] > git config --get commit.template [5ms]
2025-03-02 05:29:05.947 [info] > git for-each-ref --format=%(refname)%00%(upstream:short)%00%(objectname)%00%(upstream:track)%00%(upstream:remotename)%00%(upstream:remoteref) refs/heads/main refs/remotes/main [5ms]
2025-03-02 05:29:05.951 [warning] [Git][revParse] Unable to read file: ENOENT: no such file or directory, open '/workspace/project/.git/refs/remotes/origin/main'
2025-03-02 05:29:05.953 [info] > git rev-parse refs/remotes/origin/main [1ms]
2025-03-02 05:29:05.962 [info] > git status -z -uall [5ms]
2025-03-02 05:29:05.965 [info] > git for-each-ref --sort -committerdate --format %(refname) %(objectname) %(*objectname) [3ms]
2025-03-02 05:29:05.984 [info] > git merge-base refs/heads/main refs/remotes/origin/main [6ms]
2025-03-02 05:29:05.992 [info] > git diff --name-status -z --diff-filter=ADMR 84988b9eb3c1f6ec24770309af32c32e6f4b25f8...refs/remotes/origin/main [3ms]
2025-03-02 05:29:06.146 [info] > git config --get --local branch.main.github-pr-owner-number [2ms]
2025-03-02 05:29:06.146 [warning] [Git][config] git config failed: Failed to execute git
2025-03-02 05:29:10.990 [info] > git config --get commit.template [5ms]
2025-03-02 05:29:10.997 [info] > git for-each-ref --format=%(refname)%00%(upstream:short)%00%(objectname)%00%(upstream:track)%00%(upstream:remotename)%00%(upstream:remoteref) refs/heads/main refs/remotes/main [8ms]
2025-03-02 05:29:11.003 [warning] [Git][revParse] Unable to read file: ENOENT: no such file or directory, open '/workspace/project/.git/refs/remotes/origin/main'
2025-03-02 05:29:11.006 [info] > git rev-parse refs/remotes/origin/main [3ms]
2025-03-02 05:29:11.017 [info] > git status -z -uall [7ms]
2025-03-02 05:29:11.019 [info] > git for-each-ref --sort -committerdate --format %(refname) %(objectname) %(*objectname) [4ms]
2025-03-02 05:29:24.972 [info] > git config --get commit.template [6ms]
2025-03-02 05:29:24.978 [info] > git for-each-ref --format=%(refname)%00%(upstream:short)%00%(objectname)%00%(upstream:track)%00%(upstream:remotename)%00%(upstream:remoteref) refs/heads/main refs/remotes/main [7ms]
2025-03-02 05:29:24.982 [warning] [Git][revParse] Unable to read file: ENOENT: no such file or directory, open '/workspace/project/.git/refs/remotes/origin/main'
2025-03-02 05:29:24.983 [info] > git rev-parse refs/remotes/origin/main [1ms]
2025-03-02 05:29:24.992 [info] > git status -z -uall [5ms]
2025-03-02 05:29:24.994 [info] > git for-each-ref --sort -committerdate --format %(refname) %(objectname) %(*objectname) [3ms]
2025-03-02 05:29:25.010 [info] > git merge-base refs/heads/main refs/remotes/origin/main [5ms]
2025-03-02 05:29:25.016 [info] > git diff --name-status -z --diff-filter=ADMR 84988b9eb3c1f6ec24770309af32c32e6f4b25f8...refs/remotes/origin/main [2ms]
2025-03-02 05:29:25.173 [info] > git config --get --local branch.main.github-pr-owner-number [2ms]
2025-03-02 05:29:25.173 [warning] [Git][config] git config failed: Failed to execute git
2025-03-02 05:29:39.529 [info] > git config --get commit.template [4ms]
2025-03-02 05:29:39.534 [info] > git for-each-ref --format=%(refname)%00%(upstream:short)%00%(objectname)%00%(upstream:track)%00%(upstream:remotename)%00%(upstream:remoteref) refs/heads/main refs/remotes/main [5ms]
2025-03-02 05:29:39.539 [warning] [Git][revParse] Unable to read file: ENOENT: no such file or directory, open '/workspace/project/.git/refs/remotes/origin/main'
2025-03-02 05:29:39.541 [info] > git rev-parse refs/remotes/origin/main [2ms]
2025-03-02 05:29:39.550 [info] > git status -z -uall [5ms]
2025-03-02 05:29:39.553 [info] > git for-each-ref --sort -committerdate --format %(refname) %(objectname) %(*objectname) [4ms]
2025-03-02 05:29:39.570 [info] > git merge-base refs/heads/main refs/remotes/origin/main [6ms]
2025-03-02 05:29:39.578 [info] > git diff --name-status -z --diff-filter=ADMR 84988b9eb3c1f6ec24770309af32c32e6f4b25f8...refs/remotes/origin/main [2ms]
2025-03-02 05:29:39.730 [info] > git config --get --local branch.main.github-pr-owner-number [2ms]
2025-03-02 05:29:39.730 [warning] [Git][config] git config failed: Failed to execute git
2025-03-02 05:31:52.018 [info] > git config --get commit.template [4ms]
2025-03-02 05:31:52.022 [info] > git for-each-ref --format=%(refname)%00%(upstream:short)%00%(objectname)%00%(upstream:track)%00%(upstream:remotename)%00%(upstream:remoteref) refs/heads/main refs/remotes/main [5ms]
2025-03-02 05:31:52.025 [warning] [Git][revParse] Unable to read file: ENOENT: no such file or directory, open '/workspace/project/.git/refs/remotes/origin/main'
2025-03-02 05:31:52.027 [info] > git rev-parse refs/remotes/origin/main [2ms]
2025-03-02 05:31:52.035 [info] > git status -z -uall [5ms]
2025-03-02 05:31:52.037 [info] > git for-each-ref --sort -committerdate --format %(refname) %(objectname) %(*objectname) [3ms]
2025-03-02 05:32:34.671 [info] > git config --get commit.template [4ms]
2025-03-02 05:32:34.676 [info] > git for-each-ref --format=%(refname)%00%(upstream:short)%00%(objectname)%00%(upstream:track)%00%(upstream:remotename)%00%(upstream:remoteref) refs/heads/main refs/remotes/main [6ms]
2025-03-02 05:32:34.680 [warning] [Git][revParse] Unable to read file: ENOENT: no such file or directory, open '/workspace/project/.git/refs/remotes/origin/main'
2025-03-02 05:32:34.681 [info] > git rev-parse refs/remotes/origin/main [1ms]
2025-03-02 05:32:34.690 [info] > git status -z -uall [5ms]
2025-03-02 05:32:34.692 [info] > git for-each-ref --sort -committerdate --format %(refname) %(objectname) %(*objectname) [3ms]
2025-03-02 05:32:34.707 [info] > git merge-base refs/heads/main refs/remotes/origin/main [5ms]
2025-03-02 05:32:34.712 [info] > git diff --name-status -z --diff-filter=ADMR 84988b9eb3c1f6ec24770309af32c32e6f4b25f8...refs/remotes/origin/main [2ms]
2025-03-02 05:32:34.915 [info] > git config --get --local branch.main.github-pr-owner-number [2ms]
2025-03-02 05:32:34.915 [warning] [Git][config] git config failed: Failed to execute git
2025-03-02 05:32:39.713 [info] > git config --get commit.template [5ms]
2025-03-02 05:32:39.718 [info] > git for-each-ref --format=%(refname)%00%(upstream:short)%00%(objectname)%00%(upstream:track)%00%(upstream:remotename)%00%(upstream:remoteref) refs/heads/main refs/remotes/main [6ms]
2025-03-02 05:32:39.722 [warning] [Git][revParse] Unable to read file: ENOENT: no such file or directory, open '/workspace/project/.git/refs/remotes/origin/main'
2025-03-02 05:32:39.723 [info] > git rev-parse refs/remotes/origin/main [2ms]
2025-03-02 05:32:39.733 [info] > git status -z -uall [5ms]
2025-03-02 05:32:39.735 [info] > git for-each-ref --sort -committerdate --format %(refname) %(objectname) %(*objectname) [3ms]
2025-03-02 05:32:46.955 [info] > git config --get commit.template [4ms]
2025-03-02 05:32:46.959 [info] > git for-each-ref --format=%(refname)%00%(upstream:short)%00%(objectname)%00%(upstream:track)%00%(upstream:remotename)%00%(upstream:remoteref) refs/heads/main refs/remotes/main [5ms]
2025-03-02 05:32:46.962 [warning] [Git][revParse] Unable to read file: ENOENT: no such file or directory, open '/workspace/project/.git/refs/remotes/origin/main'
2025-03-02 05:32:46.963 [info] > git rev-parse refs/remotes/origin/main [1ms]
2025-03-02 05:32:46.970 [info] > git status -z -uall [4ms]
2025-03-02 05:32:46.972 [info] > git for-each-ref --sort -committerdate --format %(refname) %(objectname) %(*objectname) [3ms]
2025-03-02 05:32:51.987 [info] > git config --get commit.template [5ms]
2025-03-02 05:32:51.991 [info] > git for-each-ref --format=%(refname)%00%(upstream:short)%00%(objectname)%00%(upstream:track)%00%(upstream:remotename)%00%(upstream:remoteref) refs/heads/main refs/remotes/main [5ms]
2025-03-02 05:32:51.995 [warning] [Git][revParse] Unable to read file: ENOENT: no such file or directory, open '/workspace/project/.git/refs/remotes/origin/main'
2025-03-02 05:32:51.996 [info] > git rev-parse refs/remotes/origin/main [1ms]
2025-03-02 05:32:52.004 [info] > git status -z -uall [4ms]
2025-03-02 05:32:52.007 [info] > git for-each-ref --sort -committerdate --format %(refname) %(objectname) %(*objectname) [3ms]
2025-03-02 05:33:02.009 [info] > git config --get commit.template [5ms]
2025-03-02 05:33:02.014 [info] > git for-each-ref --format=%(refname)%00%(upstream:short)%00%(objectname)%00%(upstream:track)%00%(upstream:remotename)%00%(upstream:remoteref) refs/heads/main refs/remotes/main [6ms]
2025-03-02 05:33:02.018 [warning] [Git][revParse] Unable to read file: ENOENT: no such file or directory, open '/workspace/project/.git/refs/remotes/origin/main'
2025-03-02 05:33:02.020 [info] > git rev-parse refs/remotes/origin/main [2ms]
2025-03-02 05:33:02.029 [info] > git status -z -uall [4ms]
2025-03-02 05:33:02.032 [info] > git for-each-ref --sort -committerdate --format %(refname) %(objectname) %(*objectname) [3ms]
2025-03-02 05:33:02.047 [info] > git merge-base refs/heads/main refs/remotes/origin/main [6ms]
2025-03-02 05:33:02.053 [info] > git diff --name-status -z --diff-filter=ADMR 84988b9eb3c1f6ec24770309af32c32e6f4b25f8...refs/remotes/origin/main [2ms]
2025-03-02 05:33:02.212 [info] > git config --get --local branch.main.github-pr-owner-number [2ms]
2025-03-02 05:33:02.212 [warning] [Git][config] git config failed: Failed to execute git
2025-03-02 05:33:18.197 [info] > git config --get commit.template [6ms]
2025-03-02 05:33:18.202 [info] > git for-each-ref --format=%(refname)%00%(upstream:short)%00%(objectname)%00%(upstream:track)%00%(upstream:remotename)%00%(upstream:remoteref) refs/heads/main refs/remotes/main [6ms]
2025-03-02 05:33:18.207 [warning] [Git][revParse] Unable to read file: ENOENT: no such file or directory, open '/workspace/project/.git/refs/remotes/origin/main'
2025-03-02 05:33:18.209 [info] > git rev-parse refs/remotes/origin/main [2ms]
2025-03-02 05:33:18.221 [info] > git status -z -uall [6ms]
2025-03-02 05:33:18.222 [info] > git for-each-ref --sort -committerdate --format %(refname) %(objectname) %(*objectname) [3ms]
2025-03-02 05:33:30.227 [info] > git config --get commit.template [5ms]
2025-03-02 05:33:30.233 [info] > git for-each-ref --format=%(refname)%00%(upstream:short)%00%(objectname)%00%(upstream:track)%00%(upstream:remotename)%00%(upstream:remoteref) refs/heads/main refs/remotes/main [7ms]
2025-03-02 05:33:30.237 [warning] [Git][revParse] Unable to read file: ENOENT: no such file or directory, open '/workspace/project/.git/refs/remotes/origin/main'
2025-03-02 05:33:30.239 [info] > git rev-parse refs/remotes/origin/main [2ms]
2025-03-02 05:33:30.250 [info] > git status -z -uall [5ms]
2025-03-02 05:33:30.252 [info] > git for-each-ref --sort -committerdate --format %(refname) %(objectname) %(*objectname) [3ms]
