2025-02-26 12:28:30.440 [warning] /home/gitpod/.ssh/config: ENOENT: no such file or directory, open '/home/gitpod/.ssh/config'
2025-02-26 12:28:30.440 [info] Activation> Extension version: 0.102.0
2025-02-26 12:28:32.669 [info] Looking for git repository
2025-02-26 12:28:32.669 [info] Found 0 repositories during activation
2025-02-26 12:28:32.669 [info] Git repository found, initializing review manager and pr tree view.
2025-02-26 12:28:32.673 [info] Registering git provider
2025-02-26 12:28:32.674 [info] Review+0> Validate state in progress
2025-02-26 12:28:32.674 [info] Review+0> Validating state...
2025-02-26 12:28:32.853 [info] Found GitHub remote for folder /workspace/project
2025-02-26 12:28:32.855 [info] Trying to use globalState for assignableUsers.
2025-02-26 12:28:32.862 [info] Review+0> No matching pull request metadata found locally for current branch main
2025-02-26 12:28:32.863 [info] Review+0> No matching pull request metadata found on GitHub for current branch main
2025-02-26 12:28:33.028 [info] GlobalState does not exist for assignableUsers.
2025-02-26 12:28:40.212 [info] Review+0> Validate state in progress
2025-02-26 12:28:40.212 [info] Review+0> Validating state...
2025-02-26 12:28:40.213 [info] Repo state for file:///workspace/project changed.
2025-02-26 12:28:40.213 [info] Repo file:///workspace/project has already been setup.
2025-02-26 12:28:40.436 [info] Found GitHub remote for folder /workspace/project
2025-02-26 12:28:40.437 [info] Using in-memory cached assignable users.
2025-02-26 12:28:40.444 [info] Review+0> No matching pull request metadata found locally for current branch main
2025-02-26 12:28:40.444 [info] Review+0> No matching pull request metadata found on GitHub for current branch main
2025-02-26 12:28:45.249 [info] Review+0> Validate state in progress
2025-02-26 12:28:45.249 [info] Review+0> Validating state...
2025-02-26 12:28:45.424 [info] Found GitHub remote for folder /workspace/project
2025-02-26 12:28:45.424 [info] Using in-memory cached assignable users.
2025-02-26 12:28:45.432 [info] Review+0> No matching pull request metadata found locally for current branch main
2025-02-26 12:28:45.432 [info] Review+0> No matching pull request metadata found on GitHub for current branch main
2025-02-26 12:28:59.329 [info] Review+0> Validate state in progress
2025-02-26 12:28:59.329 [info] Review+0> Validating state...
2025-02-26 12:28:59.495 [info] Found GitHub remote for folder /workspace/project
2025-02-26 12:28:59.496 [info] Using in-memory cached assignable users.
2025-02-26 12:28:59.503 [info] Review+0> No matching pull request metadata found locally for current branch main
2025-02-26 12:28:59.503 [info] Review+0> No matching pull request metadata found on GitHub for current branch main
2025-02-26 12:29:28.355 [info] Review+0> Validate state in progress
2025-02-26 12:29:28.355 [info] Review+0> Validating state...
2025-02-26 12:29:28.522 [info] Found GitHub remote for folder /workspace/project
2025-02-26 12:29:28.522 [info] Using in-memory cached assignable users.
2025-02-26 12:29:28.529 [info] Review+0> No matching pull request metadata found locally for current branch main
2025-02-26 12:29:28.529 [info] Review+0> No matching pull request metadata found on GitHub for current branch main
2025-02-26 12:29:50.982 [info] Review+0> Validate state in progress
2025-02-26 12:29:50.982 [info] Review+0> Validating state...
2025-02-26 12:29:51.153 [info] Found GitHub remote for folder /workspace/project
2025-02-26 12:29:51.153 [info] Using in-memory cached assignable users.
2025-02-26 12:29:51.160 [info] Review+0> No matching pull request metadata found locally for current branch main
2025-02-26 12:29:51.160 [info] Review+0> No matching pull request metadata found on GitHub for current branch main
2025-02-26 12:30:01.463 [info] Review+0> Validate state in progress
2025-02-26 12:30:01.463 [info] Review+0> Validating state...
2025-02-26 12:30:01.629 [info] Found GitHub remote for folder /workspace/project
2025-02-26 12:30:01.629 [info] Using in-memory cached assignable users.
2025-02-26 12:30:01.637 [info] Review+0> No matching pull request metadata found locally for current branch main
2025-02-26 12:30:01.637 [info] Review+0> No matching pull request metadata found on GitHub for current branch main
2025-02-26 12:30:11.531 [info] Review+0> Validate state in progress
2025-02-26 12:30:11.531 [info] Review+0> Validating state...
2025-02-26 12:30:11.699 [info] Found GitHub remote for folder /workspace/project
2025-02-26 12:30:11.700 [info] Using in-memory cached assignable users.
2025-02-26 12:30:11.706 [info] Review+0> No matching pull request metadata found locally for current branch main
2025-02-26 12:30:11.706 [info] Review+0> No matching pull request metadata found on GitHub for current branch main
2025-02-26 12:30:29.267 [info] Review+0> Validate state in progress
2025-02-26 12:30:29.267 [info] Review+0> Validating state...
2025-02-26 12:30:29.434 [info] Found GitHub remote for folder /workspace/project
2025-02-26 12:30:29.435 [info] Using in-memory cached assignable users.
2025-02-26 12:30:29.442 [info] Review+0> No matching pull request metadata found locally for current branch main
2025-02-26 12:30:29.442 [info] Review+0> No matching pull request metadata found on GitHub for current branch main
2025-02-26 12:30:40.432 [info] Review+0> Validate state in progress
2025-02-26 12:30:40.432 [info] Review+0> Validating state...
2025-02-26 12:30:40.597 [info] Found GitHub remote for folder /workspace/project
2025-02-26 12:30:40.598 [info] Using in-memory cached assignable users.
2025-02-26 12:30:40.604 [info] Review+0> No matching pull request metadata found locally for current branch main
2025-02-26 12:30:40.604 [info] Review+0> No matching pull request metadata found on GitHub for current branch main
2025-02-26 12:31:16.716 [info] Review+0> Validate state in progress
2025-02-26 12:31:16.716 [info] Review+0> Validating state...
2025-02-26 12:31:16.881 [info] Found GitHub remote for folder /workspace/project
2025-02-26 12:31:16.881 [info] Using in-memory cached assignable users.
2025-02-26 12:31:16.888 [info] Review+0> No matching pull request metadata found locally for current branch main
2025-02-26 12:31:16.888 [info] Review+0> No matching pull request metadata found on GitHub for current branch main
2025-02-26 12:31:28.283 [info] Review+0> Validate state in progress
2025-02-26 12:31:28.283 [info] Review+0> Validating state...
2025-02-26 12:31:28.450 [info] Found GitHub remote for folder /workspace/project
2025-02-26 12:31:28.451 [info] Using in-memory cached assignable users.
2025-02-26 12:31:28.458 [info] Review+0> No matching pull request metadata found locally for current branch main
2025-02-26 12:31:28.458 [info] Review+0> No matching pull request metadata found on GitHub for current branch main
2025-02-26 12:32:19.430 [info] Review+0> Validate state in progress
2025-02-26 12:32:19.430 [info] Review+0> Validating state...
2025-02-26 12:32:19.599 [info] Found GitHub remote for folder /workspace/project
2025-02-26 12:32:19.600 [info] Using in-memory cached assignable users.
2025-02-26 12:32:19.606 [info] Review+0> No matching pull request metadata found locally for current branch main
2025-02-26 12:32:19.606 [info] Review+0> No matching pull request metadata found on GitHub for current branch main
2025-02-26 12:32:48.228 [info] Review+0> Validate state in progress
2025-02-26 12:32:48.228 [info] Review+0> Validating state...
2025-02-26 12:32:48.426 [info] Found GitHub remote for folder /workspace/project
2025-02-26 12:32:48.426 [info] Using in-memory cached assignable users.
2025-02-26 12:32:48.433 [info] Review+0> No matching pull request metadata found locally for current branch main
2025-02-26 12:32:48.433 [info] Review+0> No matching pull request metadata found on GitHub for current branch main
2025-02-26 12:32:53.265 [info] Review+0> Validate state in progress
2025-02-26 12:32:53.265 [info] Review+0> Validating state...
2025-02-26 12:32:53.430 [info] Found GitHub remote for folder /workspace/project
2025-02-26 12:32:53.430 [info] Using in-memory cached assignable users.
2025-02-26 12:32:53.436 [info] Review+0> No matching pull request metadata found locally for current branch main
2025-02-26 12:32:53.436 [info] Review+0> No matching pull request metadata found on GitHub for current branch main
2025-02-26 12:32:58.304 [info] Review+0> Validate state in progress
2025-02-26 12:32:58.304 [info] Review+0> Validating state...
2025-02-26 12:32:58.469 [info] Found GitHub remote for folder /workspace/project
2025-02-26 12:32:58.469 [info] Using in-memory cached assignable users.
2025-02-26 12:32:58.475 [info] Review+0> No matching pull request metadata found locally for current branch main
2025-02-26 12:32:58.475 [info] Review+0> No matching pull request metadata found on GitHub for current branch main
2025-02-26 12:33:08.282 [info] Review+0> Validate state in progress
2025-02-26 12:33:08.282 [info] Review+0> Validating state...
2025-02-26 12:33:08.452 [info] Found GitHub remote for folder /workspace/project
2025-02-26 12:33:08.452 [info] Using in-memory cached assignable users.
2025-02-26 12:33:08.458 [info] Review+0> No matching pull request metadata found locally for current branch main
2025-02-26 12:33:08.458 [info] Review+0> No matching pull request metadata found on GitHub for current branch main
2025-02-26 12:33:40.782 [info] Review+0> Validate state in progress
2025-02-26 12:33:40.782 [info] Review+0> Validating state...
2025-02-26 12:33:40.950 [info] Found GitHub remote for folder /workspace/project
2025-02-26 12:33:40.950 [info] Using in-memory cached assignable users.
2025-02-26 12:33:40.957 [info] Review+0> No matching pull request metadata found locally for current branch main
2025-02-26 12:33:40.957 [info] Review+0> No matching pull request metadata found on GitHub for current branch main
2025-02-26 12:33:45.817 [info] Review+0> Validate state in progress
2025-02-26 12:33:45.817 [info] Review+0> Validating state...
2025-02-26 12:33:45.982 [info] Found GitHub remote for folder /workspace/project
2025-02-26 12:33:45.982 [info] Using in-memory cached assignable users.
2025-02-26 12:33:45.988 [info] Review+0> No matching pull request metadata found locally for current branch main
2025-02-26 12:33:45.989 [info] Review+0> No matching pull request metadata found on GitHub for current branch main
2025-02-26 12:33:55.885 [info] Review+0> Validate state in progress
2025-02-26 12:33:55.885 [info] Review+0> Validating state...
2025-02-26 12:33:56.049 [info] Found GitHub remote for folder /workspace/project
2025-02-26 12:33:56.050 [info] Using in-memory cached assignable users.
2025-02-26 12:33:56.056 [info] Review+0> No matching pull request metadata found locally for current branch main
2025-02-26 12:33:56.056 [info] Review+0> No matching pull request metadata found on GitHub for current branch main
2025-02-26 12:34:29.209 [info] Review+0> Validate state in progress
2025-02-26 12:34:29.209 [info] Review+0> Validating state...
2025-02-26 12:34:29.380 [info] Found GitHub remote for folder /workspace/project
2025-02-26 12:34:29.380 [info] Using in-memory cached assignable users.
2025-02-26 12:34:29.386 [info] Review+0> No matching pull request metadata found locally for current branch main
2025-02-26 12:34:29.386 [info] Review+0> No matching pull request metadata found on GitHub for current branch main
2025-02-26 12:34:48.278 [info] Review+0> Validate state in progress
2025-02-26 12:34:48.278 [info] Review+0> Validating state...
2025-02-26 12:34:48.443 [info] Found GitHub remote for folder /workspace/project
2025-02-26 12:34:48.443 [info] Using in-memory cached assignable users.
2025-02-26 12:34:48.450 [info] Review+0> No matching pull request metadata found locally for current branch main
2025-02-26 12:34:48.450 [info] Review+0> No matching pull request metadata found on GitHub for current branch main
2025-02-26 12:34:53.462 [info] Review+0> Validate state in progress
2025-02-26 12:34:53.462 [info] Review+0> Validating state...
2025-02-26 12:34:53.629 [info] Found GitHub remote for folder /workspace/project
2025-02-26 12:34:53.630 [info] Using in-memory cached assignable users.
2025-02-26 12:34:53.636 [info] Review+0> No matching pull request metadata found locally for current branch main
2025-02-26 12:34:53.636 [info] Review+0> No matching pull request metadata found on GitHub for current branch main
2025-02-26 12:35:23.232 [info] Review+0> Validate state in progress
2025-02-26 12:35:23.232 [info] Review+0> Validating state...
2025-02-26 12:35:23.398 [info] Found GitHub remote for folder /workspace/project
2025-02-26 12:35:23.399 [info] Using in-memory cached assignable users.
2025-02-26 12:35:23.406 [info] Review+0> No matching pull request metadata found locally for current branch main
2025-02-26 12:35:23.406 [info] Review+0> No matching pull request metadata found on GitHub for current branch main
2025-02-26 12:35:38.331 [info] Review+0> Validate state in progress
2025-02-26 12:35:38.331 [info] Review+0> Validating state...
2025-02-26 12:35:38.501 [info] Found GitHub remote for folder /workspace/project
2025-02-26 12:35:38.502 [info] Using in-memory cached assignable users.
2025-02-26 12:35:38.509 [info] Review+0> No matching pull request metadata found locally for current branch main
2025-02-26 12:35:38.509 [info] Review+0> No matching pull request metadata found on GitHub for current branch main
2025-02-26 12:35:48.406 [info] Review+0> Validate state in progress
2025-02-26 12:35:48.406 [info] Review+0> Validating state...
2025-02-26 12:35:48.572 [info] Found GitHub remote for folder /workspace/project
2025-02-26 12:35:48.573 [info] Using in-memory cached assignable users.
2025-02-26 12:35:48.580 [info] Review+0> No matching pull request metadata found locally for current branch main
2025-02-26 12:35:48.580 [info] Review+0> No matching pull request metadata found on GitHub for current branch main
2025-02-26 12:36:04.129 [info] Review+0> Validate state in progress
2025-02-26 12:36:04.129 [info] Review+0> Validating state...
2025-02-26 12:36:04.297 [info] Found GitHub remote for folder /workspace/project
2025-02-26 12:36:04.298 [info] Using in-memory cached assignable users.
2025-02-26 12:36:04.307 [info] Review+0> No matching pull request metadata found locally for current branch main
2025-02-26 12:36:04.307 [info] Review+0> No matching pull request metadata found on GitHub for current branch main
2025-02-26 12:36:38.302 [info] Review+0> Validate state in progress
2025-02-26 12:36:38.302 [info] Review+0> Validating state...
2025-02-26 12:36:38.471 [info] Found GitHub remote for folder /workspace/project
2025-02-26 12:36:38.471 [info] Using in-memory cached assignable users.
2025-02-26 12:36:38.477 [info] Review+0> No matching pull request metadata found locally for current branch main
2025-02-26 12:36:38.477 [info] Review+0> No matching pull request metadata found on GitHub for current branch main
2025-02-26 12:36:50.075 [info] Review+0> Validate state in progress
2025-02-26 12:36:50.075 [info] Review+0> Validating state...
2025-02-26 12:36:50.241 [info] Found GitHub remote for folder /workspace/project
2025-02-26 12:36:50.241 [info] Using in-memory cached assignable users.
2025-02-26 12:36:50.247 [info] Review+0> No matching pull request metadata found locally for current branch main
2025-02-26 12:36:50.247 [info] Review+0> No matching pull request metadata found on GitHub for current branch main
2025-02-26 12:37:05.174 [info] Review+0> Validate state in progress
2025-02-26 12:37:05.174 [info] Review+0> Validating state...
2025-02-26 12:37:05.338 [info] Found GitHub remote for folder /workspace/project
2025-02-26 12:37:05.339 [info] Using in-memory cached assignable users.
2025-02-26 12:37:05.345 [info] Review+0> No matching pull request metadata found locally for current branch main
2025-02-26 12:37:05.345 [info] Review+0> No matching pull request metadata found on GitHub for current branch main
2025-02-26 12:37:15.239 [info] Review+0> Validate state in progress
2025-02-26 12:37:15.239 [info] Review+0> Validating state...
2025-02-26 12:37:15.406 [info] Found GitHub remote for folder /workspace/project
2025-02-26 12:37:15.406 [info] Using in-memory cached assignable users.
2025-02-26 12:37:15.412 [info] Review+0> No matching pull request metadata found locally for current branch main
2025-02-26 12:37:15.413 [info] Review+0> No matching pull request metadata found on GitHub for current branch main
2025-02-26 12:37:40.879 [info] Review+0> Validate state in progress
2025-02-26 12:37:40.879 [info] Review+0> Validating state...
2025-02-26 12:37:41.046 [info] Found GitHub remote for folder /workspace/project
2025-02-26 12:37:41.047 [info] Using in-memory cached assignable users.
2025-02-26 12:37:41.053 [info] Review+0> No matching pull request metadata found locally for current branch main
2025-02-26 12:37:41.054 [info] Review+0> No matching pull request metadata found on GitHub for current branch main
2025-02-26 12:37:52.015 [info] Review+0> Validate state in progress
2025-02-26 12:37:52.015 [info] Review+0> Validating state...
2025-02-26 12:37:52.182 [info] Found GitHub remote for folder /workspace/project
2025-02-26 12:37:52.183 [info] Using in-memory cached assignable users.
2025-02-26 12:37:52.189 [info] Review+0> No matching pull request metadata found locally for current branch main
2025-02-26 12:37:52.189 [info] Review+0> No matching pull request metadata found on GitHub for current branch main
2025-02-26 12:38:09.596 [info] Review+0> Validate state in progress
2025-02-26 12:38:09.596 [info] Review+0> Validating state...
2025-02-26 12:38:09.762 [info] Found GitHub remote for folder /workspace/project
2025-02-26 12:38:09.763 [info] Using in-memory cached assignable users.
2025-02-26 12:38:09.769 [info] Review+0> No matching pull request metadata found locally for current branch main
2025-02-26 12:38:09.769 [info] Review+0> No matching pull request metadata found on GitHub for current branch main
2025-02-26 12:38:58.860 [info] Review+0> Validate state in progress
2025-02-26 12:38:58.860 [info] Review+0> Validating state...
2025-02-26 12:38:59.027 [info] Found GitHub remote for folder /workspace/project
2025-02-26 12:38:59.027 [info] Using in-memory cached assignable users.
2025-02-26 12:38:59.033 [info] Review+0> No matching pull request metadata found locally for current branch main
2025-02-26 12:38:59.033 [info] Review+0> No matching pull request metadata found on GitHub for current branch main
2025-02-26 12:39:42.113 [info] Review+0> Validate state in progress
2025-02-26 12:39:42.113 [info] Review+0> Validating state...
2025-02-26 12:39:42.279 [info] Found GitHub remote for folder /workspace/project
2025-02-26 12:39:42.279 [info] Using in-memory cached assignable users.
2025-02-26 12:39:42.286 [info] Review+0> No matching pull request metadata found locally for current branch main
2025-02-26 12:39:42.286 [info] Review+0> No matching pull request metadata found on GitHub for current branch main
2025-02-26 12:40:07.272 [info] Review+0> Validate state in progress
2025-02-26 12:40:07.272 [info] Review+0> Validating state...
2025-02-26 12:40:07.440 [info] Found GitHub remote for folder /workspace/project
2025-02-26 12:40:07.441 [info] Using in-memory cached assignable users.
2025-02-26 12:40:07.447 [info] Review+0> No matching pull request metadata found locally for current branch main
2025-02-26 12:40:07.447 [info] Review+0> No matching pull request metadata found on GitHub for current branch main
2025-02-26 12:40:28.792 [info] Review+0> Validate state in progress
2025-02-26 12:40:28.792 [info] Review+0> Validating state...
2025-02-26 12:40:28.958 [info] Found GitHub remote for folder /workspace/project
2025-02-26 12:40:28.959 [info] Using in-memory cached assignable users.
2025-02-26 12:40:28.965 [info] Review+0> No matching pull request metadata found locally for current branch main
2025-02-26 12:40:28.965 [info] Review+0> No matching pull request metadata found on GitHub for current branch main
2025-02-26 12:40:38.872 [info] Review+0> Validate state in progress
2025-02-26 12:40:38.872 [info] Review+0> Validating state...
2025-02-26 12:40:39.041 [info] Found GitHub remote for folder /workspace/project
2025-02-26 12:40:39.041 [info] Using in-memory cached assignable users.
2025-02-26 12:40:39.048 [info] Review+0> No matching pull request metadata found locally for current branch main
2025-02-26 12:40:39.048 [info] Review+0> No matching pull request metadata found on GitHub for current branch main
2025-02-26 12:41:11.231 [info] Review+0> Validate state in progress
2025-02-26 12:41:11.231 [info] Review+0> Validating state...
2025-02-26 12:41:11.400 [info] Found GitHub remote for folder /workspace/project
2025-02-26 12:41:11.401 [info] Using in-memory cached assignable users.
2025-02-26 12:41:11.408 [info] Review+0> No matching pull request metadata found locally for current branch main
2025-02-26 12:41:11.408 [info] Review+0> No matching pull request metadata found on GitHub for current branch main
2025-02-26 12:42:01.509 [info] Review+0> Validate state in progress
2025-02-26 12:42:01.509 [info] Review+0> Validating state...
2025-02-26 12:42:01.680 [info] Found GitHub remote for folder /workspace/project
2025-02-26 12:42:01.680 [info] Using in-memory cached assignable users.
2025-02-26 12:42:01.687 [info] Review+0> No matching pull request metadata found locally for current branch main
2025-02-26 12:42:01.687 [info] Review+0> No matching pull request metadata found on GitHub for current branch main
2025-02-26 12:42:11.580 [info] Review+0> Validate state in progress
2025-02-26 12:42:11.581 [info] Review+0> Validating state...
2025-02-26 12:42:11.747 [info] Found GitHub remote for folder /workspace/project
2025-02-26 12:42:11.748 [info] Using in-memory cached assignable users.
2025-02-26 12:42:11.754 [info] Review+0> No matching pull request metadata found locally for current branch main
2025-02-26 12:42:11.754 [info] Review+0> No matching pull request metadata found on GitHub for current branch main
2025-02-26 12:42:48.600 [info] Review+0> Validate state in progress
2025-02-26 12:42:48.600 [info] Review+0> Validating state...
2025-02-26 12:42:48.768 [info] Found GitHub remote for folder /workspace/project
2025-02-26 12:42:48.768 [info] Using in-memory cached assignable users.
2025-02-26 12:42:48.775 [info] Review+0> No matching pull request metadata found locally for current branch main
2025-02-26 12:42:48.775 [info] Review+0> No matching pull request metadata found on GitHub for current branch main
2025-02-26 12:56:34.250 [info] Review+0> Validate state in progress
2025-02-26 12:56:34.250 [info] Review+0> Validating state...
2025-02-26 12:56:34.418 [info] Found GitHub remote for folder /workspace/project
2025-02-26 12:56:34.419 [info] Using in-memory cached assignable users.
2025-02-26 12:56:34.425 [info] Review+0> No matching pull request metadata found locally for current branch main
2025-02-26 12:56:34.425 [info] Review+0> No matching pull request metadata found on GitHub for current branch main
2025-02-26 12:57:01.097 [info] Review+0> Validate state in progress
2025-02-26 12:57:01.097 [info] Review+0> Validating state...
2025-02-26 12:57:01.263 [info] Found GitHub remote for folder /workspace/project
2025-02-26 12:57:01.263 [info] Using in-memory cached assignable users.
2025-02-26 12:57:01.269 [info] Review+0> No matching pull request metadata found locally for current branch main
2025-02-26 12:57:01.270 [info] Review+0> No matching pull request metadata found on GitHub for current branch main
2025-02-26 12:57:11.846 [info] Review+0> Validate state in progress
2025-02-26 12:57:11.846 [info] Review+0> Validating state...
2025-02-26 12:57:12.014 [info] Found GitHub remote for folder /workspace/project
2025-02-26 12:57:12.015 [info] Using in-memory cached assignable users.
2025-02-26 12:57:12.022 [info] Review+0> No matching pull request metadata found locally for current branch main
2025-02-26 12:57:12.022 [info] Review+0> No matching pull request metadata found on GitHub for current branch main
2025-02-26 12:57:27.188 [info] Review+0> Validate state in progress
2025-02-26 12:57:27.188 [info] Review+0> Validating state...
2025-02-26 12:57:27.357 [info] Found GitHub remote for folder /workspace/project
2025-02-26 12:57:27.357 [info] Using in-memory cached assignable users.
2025-02-26 12:57:27.365 [info] Review+0> No matching pull request metadata found locally for current branch main
2025-02-26 12:57:27.365 [info] Review+0> No matching pull request metadata found on GitHub for current branch main
2025-02-26 12:57:50.858 [info] Review+0> Validate state in progress
2025-02-26 12:57:50.858 [info] Review+0> Validating state...
2025-02-26 12:57:51.031 [info] Found GitHub remote for folder /workspace/project
2025-02-26 12:57:51.032 [info] Using in-memory cached assignable users.
2025-02-26 12:57:51.046 [info] Review+0> No matching pull request metadata found locally for current branch main
2025-02-26 12:57:51.046 [info] Review+0> No matching pull request metadata found on GitHub for current branch main
2025-02-26 12:57:55.960 [info] Review+0> Validate state in progress
2025-02-26 12:57:55.960 [info] Review+0> Validating state...
2025-02-26 12:57:56.135 [info] Found GitHub remote for folder /workspace/project
2025-02-26 12:57:56.135 [info] Using in-memory cached assignable users.
2025-02-26 12:57:56.151 [info] Review+0> No matching pull request metadata found locally for current branch main
2025-02-26 12:57:56.152 [info] Review+0> No matching pull request metadata found on GitHub for current branch main
2025-02-26 12:58:01.032 [info] Review+0> Validate state in progress
2025-02-26 12:58:01.032 [info] Review+0> Validating state...
2025-02-26 12:58:01.202 [info] Found GitHub remote for folder /workspace/project
2025-02-26 12:58:01.203 [info] Using in-memory cached assignable users.
2025-02-26 12:58:01.215 [info] Review+0> No matching pull request metadata found locally for current branch main
2025-02-26 12:58:01.215 [info] Review+0> No matching pull request metadata found on GitHub for current branch main
2025-02-26 12:58:29.278 [info] Review+0> Validate state in progress
2025-02-26 12:58:29.278 [info] Review+0> Validating state...
2025-02-26 12:58:29.444 [info] Found GitHub remote for folder /workspace/project
2025-02-26 12:58:29.444 [info] Using in-memory cached assignable users.
2025-02-26 12:58:29.451 [info] Review+0> No matching pull request metadata found locally for current branch main
2025-02-26 12:58:29.451 [info] Review+0> No matching pull request metadata found on GitHub for current branch main
2025-02-26 12:58:46.798 [info] Review+0> Validate state in progress
2025-02-26 12:58:46.798 [info] Review+0> Validating state...
2025-02-26 12:58:46.966 [info] Found GitHub remote for folder /workspace/project
2025-02-26 12:58:46.966 [info] Using in-memory cached assignable users.
2025-02-26 12:58:46.976 [info] Review+0> No matching pull request metadata found locally for current branch main
2025-02-26 12:58:46.977 [info] Review+0> No matching pull request metadata found on GitHub for current branch main
2025-02-26 12:58:51.843 [info] Review+0> Validate state in progress
2025-02-26 12:58:51.843 [info] Review+0> Validating state...
2025-02-26 12:58:52.010 [info] Found GitHub remote for folder /workspace/project
2025-02-26 12:58:52.011 [info] Using in-memory cached assignable users.
2025-02-26 12:58:52.017 [info] Review+0> No matching pull request metadata found locally for current branch main
2025-02-26 12:58:52.017 [info] Review+0> No matching pull request metadata found on GitHub for current branch main
2025-02-26 12:59:15.982 [info] Review+0> Validate state in progress
2025-02-26 12:59:15.982 [info] Review+0> Validating state...
2025-02-26 12:59:16.150 [info] Found GitHub remote for folder /workspace/project
2025-02-26 12:59:16.150 [info] Using in-memory cached assignable users.
2025-02-26 12:59:16.156 [info] Review+0> No matching pull request metadata found locally for current branch main
2025-02-26 12:59:16.157 [info] Review+0> No matching pull request metadata found on GitHub for current branch main
2025-02-26 13:00:23.236 [info] Review+0> Validate state in progress
2025-02-26 13:00:23.236 [info] Review+0> Validating state...
2025-02-26 13:00:23.400 [info] Found GitHub remote for folder /workspace/project
2025-02-26 13:00:23.400 [info] Using in-memory cached assignable users.
2025-02-26 13:00:23.407 [info] Review+0> No matching pull request metadata found locally for current branch main
2025-02-26 13:00:23.407 [info] Review+0> No matching pull request metadata found on GitHub for current branch main
2025-02-26 13:00:33.905 [info] Review+0> Validate state in progress
2025-02-26 13:00:33.905 [info] Review+0> Validating state...
2025-02-26 13:00:34.074 [info] Found GitHub remote for folder /workspace/project
2025-02-26 13:00:34.075 [info] Using in-memory cached assignable users.
2025-02-26 13:00:34.082 [info] Review+0> No matching pull request metadata found locally for current branch main
2025-02-26 13:00:34.082 [info] Review+0> No matching pull request metadata found on GitHub for current branch main
2025-02-26 13:05:52.899 [info] Review+0> Validate state in progress
2025-02-26 13:05:52.899 [info] Review+0> Validating state...
2025-02-26 13:05:53.067 [info] Found GitHub remote for folder /workspace/project
2025-02-26 13:05:53.068 [info] Using in-memory cached assignable users.
2025-02-26 13:05:53.074 [info] Review+0> No matching pull request metadata found locally for current branch main
2025-02-26 13:05:53.074 [info] Review+0> No matching pull request metadata found on GitHub for current branch main
2025-02-26 13:06:39.973 [info] Review+0> Validate state in progress
2025-02-26 13:06:39.973 [info] Review+0> Validating state...
2025-02-26 13:06:40.139 [info] Found GitHub remote for folder /workspace/project
2025-02-26 13:06:40.139 [info] Using in-memory cached assignable users.
2025-02-26 13:06:40.145 [info] Review+0> No matching pull request metadata found locally for current branch main
2025-02-26 13:06:40.146 [info] Review+0> No matching pull request metadata found on GitHub for current branch main
2025-02-26 13:06:45.014 [info] Review+0> Validate state in progress
2025-02-26 13:06:45.014 [info] Review+0> Validating state...
2025-02-26 13:06:45.179 [info] Found GitHub remote for folder /workspace/project
2025-02-26 13:06:45.179 [info] Using in-memory cached assignable users.
2025-02-26 13:06:45.188 [info] Review+0> No matching pull request metadata found locally for current branch main
2025-02-26 13:06:45.188 [info] Review+0> No matching pull request metadata found on GitHub for current branch main
2025-02-26 13:06:59.147 [info] Review+0> Validate state in progress
2025-02-26 13:06:59.147 [info] Review+0> Validating state...
2025-02-26 13:06:59.313 [info] Found GitHub remote for folder /workspace/project
2025-02-26 13:06:59.314 [info] Using in-memory cached assignable users.
2025-02-26 13:06:59.320 [info] Review+0> No matching pull request metadata found locally for current branch main
2025-02-26 13:06:59.320 [info] Review+0> No matching pull request metadata found on GitHub for current branch main
2025-02-26 13:07:30.074 [info] Review+0> Validate state in progress
2025-02-26 13:07:30.074 [info] Review+0> Validating state...
2025-02-26 13:07:30.302 [info] Found GitHub remote for folder /workspace/project
2025-02-26 13:07:30.302 [info] Using in-memory cached assignable users.
2025-02-26 13:07:30.309 [info] Review+0> No matching pull request metadata found locally for current branch main
2025-02-26 13:07:30.309 [info] Review+0> No matching pull request metadata found on GitHub for current branch main
2025-02-26 13:21:17.008 [info] Review+0> Validate state in progress
2025-02-26 13:21:17.009 [info] Review+0> Validating state...
2025-02-26 13:21:17.178 [info] Found GitHub remote for folder /workspace/project
2025-02-26 13:21:17.178 [info] Using in-memory cached assignable users.
2025-02-26 13:21:17.185 [info] Review+0> No matching pull request metadata found locally for current branch main
2025-02-26 13:21:17.185 [info] Review+0> No matching pull request metadata found on GitHub for current branch main
2025-02-26 13:21:33.386 [info] Review+0> Validate state in progress
2025-02-26 13:21:33.386 [info] Review+0> Validating state...
2025-02-26 13:21:33.552 [info] Found GitHub remote for folder /workspace/project
2025-02-26 13:21:33.552 [info] Using in-memory cached assignable users.
2025-02-26 13:21:33.559 [info] Review+0> No matching pull request metadata found locally for current branch main
2025-02-26 13:21:33.559 [info] Review+0> No matching pull request metadata found on GitHub for current branch main
2025-02-26 13:21:53.010 [info] Review+0> Validate state in progress
2025-02-26 13:21:53.010 [info] Review+0> Validating state...
2025-02-26 13:21:53.180 [info] Found GitHub remote for folder /workspace/project
2025-02-26 13:21:53.180 [info] Using in-memory cached assignable users.
2025-02-26 13:21:53.186 [info] Review+0> No matching pull request metadata found locally for current branch main
2025-02-26 13:21:53.187 [info] Review+0> No matching pull request metadata found on GitHub for current branch main
2025-02-26 13:21:58.052 [info] Review+0> Validate state in progress
2025-02-26 13:21:58.052 [info] Review+0> Validating state...
2025-02-26 13:21:58.218 [info] Found GitHub remote for folder /workspace/project
2025-02-26 13:21:58.218 [info] Using in-memory cached assignable users.
2025-02-26 13:21:58.226 [info] Review+0> No matching pull request metadata found locally for current branch main
2025-02-26 13:21:58.226 [info] Review+0> No matching pull request metadata found on GitHub for current branch main
2025-02-26 13:22:13.170 [info] Review+0> Validate state in progress
2025-02-26 13:22:13.170 [info] Review+0> Validating state...
2025-02-26 13:22:13.337 [info] Found GitHub remote for folder /workspace/project
2025-02-26 13:22:13.338 [info] Using in-memory cached assignable users.
2025-02-26 13:22:13.344 [info] Review+0> No matching pull request metadata found locally for current branch main
2025-02-26 13:22:13.345 [info] Review+0> No matching pull request metadata found on GitHub for current branch main
2025-02-26 13:22:23.253 [info] Review+0> Validate state in progress
2025-02-26 13:22:23.253 [info] Review+0> Validating state...
2025-02-26 13:22:23.422 [info] Found GitHub remote for folder /workspace/project
2025-02-26 13:22:23.423 [info] Using in-memory cached assignable users.
2025-02-26 13:22:23.429 [info] Review+0> No matching pull request metadata found locally for current branch main
2025-02-26 13:22:23.429 [info] Review+0> No matching pull request metadata found on GitHub for current branch main
2025-02-26 13:26:03.281 [info] Review+0> Validate state in progress
2025-02-26 13:26:03.281 [info] Review+0> Validating state...
2025-02-26 13:26:03.446 [info] Found GitHub remote for folder /workspace/project
2025-02-26 13:26:03.446 [info] Using in-memory cached assignable users.
2025-02-26 13:26:03.452 [info] Review+0> No matching pull request metadata found locally for current branch main
2025-02-26 13:26:03.452 [info] Review+0> No matching pull request metadata found on GitHub for current branch main
2025-02-26 13:26:13.359 [info] Review+0> Validate state in progress
2025-02-26 13:26:13.359 [info] Review+0> Validating state...
2025-02-26 13:26:13.522 [info] Found GitHub remote for folder /workspace/project
2025-02-26 13:26:13.522 [info] Using in-memory cached assignable users.
2025-02-26 13:26:13.529 [info] Review+0> No matching pull request metadata found locally for current branch main
2025-02-26 13:26:13.529 [info] Review+0> No matching pull request metadata found on GitHub for current branch main
2025-02-26 13:26:23.426 [info] Review+0> Validate state in progress
2025-02-26 13:26:23.426 [info] Review+0> Validating state...
2025-02-26 13:26:23.588 [info] Found GitHub remote for folder /workspace/project
2025-02-26 13:26:23.589 [info] Using in-memory cached assignable users.
2025-02-26 13:26:23.595 [info] Review+0> No matching pull request metadata found locally for current branch main
2025-02-26 13:26:23.595 [info] Review+0> No matching pull request metadata found on GitHub for current branch main
