2025-03-09 23:46:09.074 [info] Log level: Info
2025-03-09 23:46:09.074 [info] VSCODE_MACHINE_ID: someValue.machineId
2025-03-09 23:46:09.074 [info] VSCODE_SESSION_ID: someValue.sessionId
2025-03-09 23:46:09.074 [info] VSCODE_VERSION: 1.97.2
2025-03-09 23:46:09.074 [info] VSCODE_APP_NAME: Gitpod Code
2025-03-09 23:46:09.074 [info] VSCODE_APP_HOST: Gitpod
2025-03-09 23:46:09.074 [info] VSCODE_UI_KIND: web
2025-03-09 23:46:09.074 [info] GITPOD_WORKSPACE_CONTEXT_URL: https://github.com/freeCodeCamp/learn-bash-scripting-by-building-five-programs
2025-03-09 23:46:09.074 [info] GITPOD_INSTANCE_ID: a53d1023-3729-4b15-8e29-e58e27cedc16
2025-03-09 23:46:09.074 [info] GITPOD_WORKSPACE_URL: https://freecodecam-learnbashsc-c6iao5vqmq4.ws-us118.gitpod.io
2025-03-09 23:46:09.074 [info] Gitpod Web 3953e81
2025-03-09 23:46:09.074 [info] Reading sessions from keychain...
2025-03-09 23:46:09.240 [info] Getting sessions for all scopes...
2025-03-09 23:46:09.240 [info] Getting sessions for all scopes...
2025-03-09 23:46:09.240 [info] Getting GitHub sessions for all scopes...
2025-03-09 23:46:09.240 [info] Getting sessions for function:accessCodeSyncStorage...
2025-03-09 23:46:09.240 [info] Got stored sessions!
2025-03-09 23:46:09.240 [info] Verified session with the following scopes: function:accessCodeSyncStorage function:closePort function:controlAdmission function:deleteEnvVar function:generateNewGitpodToken function:getDefaultWorkspaceImage function:getGitpodTokenScopes function:getIDToken function:getLoggedInUser function:getOpenPorts function:getSupportedWorkspaceClasses function:getTeams function:getToken function:getWorkspace function:getWorkspaceEnvVars function:getWorkspaceOwner function:getWorkspaceTimeout function:getWorkspaceUsers function:guessGitTokenScopes function:isWorkspaceOwner function:openPort function:sendHeartBeat function:setEnvVar function:setWorkspaceTimeout function:stopWorkspace function:takeSnapshot function:trackEvent function:updateGitStatus function:waitForSnapshot resource:contentBlob::*::create/get resource:envVar::*/**::update resource:envVar::*/*::update resource:envVar::freeCodeCamp/learn-bash-scripting-by-building-five-programs::create/get/update/delete resource:gitpodToken::*::create resource:snapshot::ws-freecodecam-learnbashsc-c6iao5vqmq4::create resource:token::*::get resource:userStorage::*::create/get/update resource:workspace::freecodecam-learnbashsc-c6iao5vqmq4::get/update resource:workspaceInstance::a53d1023-3729-4b15-8e29-e58e27cedc16::get/update/delete
2025-03-09 23:46:09.240 [info] Got 1 verified sessions.
2025-03-09 23:46:09.240 [info] Got 1 sessions for all scopes...
2025-03-09 23:46:09.240 [info] Got 1 sessions for all scopes...
2025-03-09 23:46:09.240 [info] Got 1 sessions for function:accessCodeSyncStorage...
2025-03-09 23:46:09.498 [info] Getting GitHub sessions for all scopes...
2025-03-09 23:46:09.498 [info] Getting sessions for all scopes...
2025-03-09 23:46:09.498 [info] Got 1 sessions for all scopes...
2025-03-09 23:46:09.662 [info] Got 1 GitHub sessions for all scopes...
2025-03-09 23:46:09.662 [info] Got 1 GitHub sessions for all scopes...
2025-03-09 23:46:09.862 [info] Getting GitHub sessions for all scopes...
2025-03-09 23:46:09.862 [info] Got 1 GitHub sessions for all scopes...
2025-03-09 23:46:10.163 [info] Getting GitHub sessions for read:user,repo,user:email,workflow...
2025-03-09 23:46:10.163 [info] Got 0 GitHub sessions for read:user,repo,user:email,workflow...
2025-03-09 23:46:10.612 [info] Getting GitHub sessions for project,read:org,read:user,repo,user:email,workflow...
2025-03-09 23:46:10.613 [info] Got 0 GitHub sessions for project,read:org,read:user,repo,user:email,workflow...
2025-03-09 23:46:10.966 [info] Getting sessions for all scopes...
2025-03-09 23:46:10.966 [info] Getting GitHub sessions for all scopes...
2025-03-09 23:46:10.972 [info] Got 1 sessions for all scopes...
2025-03-09 23:46:10.972 [info] Got 1 GitHub sessions for all scopes...
2025-03-09 23:46:11.136 [info] Getting GitHub sessions for read:user,repo,user:email,workflow...
2025-03-09 23:46:11.136 [info] Got 0 GitHub sessions for read:user,repo,user:email,workflow...
2025-03-09 23:46:11.639 [info] Getting GitHub sessions for read:user,repo,user:email...
2025-03-09 23:46:11.639 [info] Got 0 GitHub sessions for read:user,repo,user:email...
2025-03-09 23:46:12.119 [info] Getting GitHub sessions for read:user,repo,user:email,workflow...
2025-03-09 23:46:12.119 [info] Got 0 GitHub sessions for read:user,repo,user:email,workflow...
