2025-03-16 05:15:30.290 [info] [main] Log level: Info
2025-03-16 05:15:30.290 [info] [main] Validating found git in: "git"
2025-03-16 05:15:30.290 [info] [main] Using git "2.43.0" from "git"
2025-03-16 05:15:30.290 [info] [Model][doInitialScan] Initial repository scan started
2025-03-16 05:15:30.290 [info] > git rev-parse --show-toplevel [110ms]
2025-03-16 05:15:30.290 [info] > git rev-parse --git-dir --git-common-dir [29ms]
2025-03-16 05:15:30.290 [info] [Model][openRepository] Opened repository: /workspace/project
2025-03-16 05:15:30.290 [info] > git rev-parse --show-toplevel [4ms]
2025-03-16 05:15:30.290 [info] > git config --get commit.template [8ms]
2025-03-16 05:15:30.290 [info] > git rev-parse --show-toplevel [6ms]
2025-03-16 05:15:30.290 [info] [Model][doInitialScan] Initial repository scan completed - repositories (1), closed repositories (0), parent repositories (0), unsafe repositories (0)
2025-03-16 05:15:30.292 [info] > git for-each-ref --format=%(refname)%00%(upstream:short)%00%(objectname)%00%(upstream:track)%00%(upstream:remotename)%00%(upstream:remoteref) refs/heads/main refs/remotes/main [9ms]
2025-03-16 05:15:30.296 [warning] [Git][revParse] Unable to read file: ENOENT: no such file or directory, open '/workspace/project/.git/refs/remotes/origin/main'
2025-03-16 05:15:30.298 [info] > git rev-parse refs/remotes/origin/main [2ms]
2025-03-16 05:15:30.307 [info] > git status -z -uall [5ms]
2025-03-16 05:15:30.309 [info] > git for-each-ref --sort -committerdate --format %(refname) %(objectname) %(*objectname) [3ms]
2025-03-16 05:15:30.332 [info] > git for-each-ref --format=%(refname)%00%(upstream:short)%00%(objectname)%00%(upstream:track)%00%(upstream:remotename)%00%(upstream:remoteref) refs/heads/main refs/remotes/main [10ms]
2025-03-16 05:15:30.336 [info] > git config --get commit.template [8ms]
2025-03-16 05:15:30.337 [info] > git config --get --local branch.main.vscode-merge-base [2ms]
2025-03-16 05:15:30.341 [info] > git for-each-ref --format=%(refname)%00%(upstream:short)%00%(objectname)%00%(upstream:track)%00%(upstream:remotename)%00%(upstream:remoteref) refs/heads/main refs/remotes/main [10ms]
2025-03-16 05:15:30.344 [warning] [Git][revParse] Unable to read file: ENOENT: no such file or directory, open '/workspace/project/.git/refs/remotes/origin/main'
2025-03-16 05:15:30.344 [info] > git for-each-ref --format=%(refname)%00%(upstream:short)%00%(objectname)%00%(upstream:track)%00%(upstream:remotename)%00%(upstream:remoteref) refs/heads/origin/main refs/remotes/origin/main [4ms]
2025-03-16 05:15:30.349 [info] > git rev-parse refs/remotes/origin/main [5ms]
2025-03-16 05:15:30.359 [info] > git status -z -uall [7ms]
2025-03-16 05:15:30.359 [info] > git for-each-ref --sort -committerdate --format %(refname) %(objectname) %(*objectname) [4ms]
2025-03-16 05:15:30.367 [info] > git merge-base refs/heads/main refs/remotes/origin/main [18ms]
2025-03-16 05:15:30.371 [info] > git merge-base refs/heads/main refs/remotes/origin/main [5ms]
2025-03-16 05:15:30.376 [info] > git diff --name-status -z --diff-filter=ADMR 84988b9eb3c1f6ec24770309af32c32e6f4b25f8...refs/remotes/origin/main [6ms]
2025-03-16 05:15:30.377 [info] > git diff --name-status -z --diff-filter=ADMR 84988b9eb3c1f6ec24770309af32c32e6f4b25f8...refs/remotes/origin/main [2ms]
2025-03-16 05:15:30.894 [info] > git check-ignore -v -z --stdin [1ms]
2025-03-16 05:15:33.444 [info] > git config --get --local branch.main.github-pr-owner-number [2ms]
2025-03-16 05:15:33.444 [warning] [Git][config] git config failed: Failed to execute git
2025-03-16 05:15:41.649 [info] > git config --get commit.template [5ms]
2025-03-16 05:15:41.655 [info] > git for-each-ref --format=%(refname)%00%(upstream:short)%00%(objectname)%00%(upstream:track)%00%(upstream:remotename)%00%(upstream:remoteref) refs/heads/main refs/remotes/main [7ms]
2025-03-16 05:15:41.658 [warning] [Git][revParse] Unable to read file: ENOENT: no such file or directory, open '/workspace/project/.git/refs/remotes/origin/main'
2025-03-16 05:15:41.661 [info] > git rev-parse refs/remotes/origin/main [3ms]
2025-03-16 05:15:41.670 [info] > git status -z -uall [5ms]
2025-03-16 05:15:41.672 [info] > git for-each-ref --sort -committerdate --format %(refname) %(objectname) %(*objectname) [2ms]
