2025-03-11 10:47:40.841 [info] [main] Log level: Info
2025-03-11 10:47:40.841 [info] [main] Validating found git in: "git"
2025-03-11 10:47:40.841 [info] [main] Using git "2.43.0" from "git"
2025-03-11 10:47:40.841 [info] [Model][doInitialScan] Initial repository scan started
2025-03-11 10:47:40.841 [info] > git rev-parse --show-toplevel [2ms]
2025-03-11 10:47:40.841 [info] > git rev-parse --git-dir --git-common-dir [6ms]
2025-03-11 10:47:40.841 [info] [Model][openRepository] Opened repository: /workspace/project
2025-03-11 10:47:40.841 [info] > git config --get commit.template [5ms]
2025-03-11 10:47:40.841 [info] > git rev-parse --show-toplevel [2ms]
2025-03-11 10:47:40.841 [info] > git rev-parse --show-toplevel [30ms]
2025-03-11 10:47:40.841 [info] [Model][doInitialScan] Initial repository scan completed - repositories (1), closed repositories (0), parent repositories (0), unsafe repositories (0)
2025-03-11 10:47:40.841 [info] > git for-each-ref --format=%(refname)%00%(upstream:short)%00%(objectname)%00%(upstream:track)%00%(upstream:remotename)%00%(upstream:remoteref) refs/heads/main refs/remotes/main [35ms]
2025-03-11 10:47:40.841 [warning] [Git][revParse] Unable to read file: ENOENT: no such file or directory, open '/workspace/project/.git/refs/remotes/origin/main'
2025-03-11 10:47:40.841 [info] > git rev-parse refs/remotes/origin/main [3ms]
2025-03-11 10:47:40.841 [info] > git status -z -uall [6ms]
2025-03-11 10:47:40.841 [info] > git for-each-ref --sort -committerdate --format %(refname) %(objectname) %(*objectname) [3ms]
2025-03-11 10:47:40.841 [info] > git for-each-ref --format=%(refname)%00%(upstream:short)%00%(objectname)%00%(upstream:track)%00%(upstream:remotename)%00%(upstream:remoteref) refs/heads/main refs/remotes/main [8ms]
2025-03-11 10:47:40.841 [info] > git config --get --local branch.main.vscode-merge-base [5ms]
2025-03-11 10:47:40.841 [info] > git config --get commit.template [15ms]
2025-03-11 10:47:40.841 [info] > git for-each-ref --format=%(refname)%00%(upstream:short)%00%(objectname)%00%(upstream:track)%00%(upstream:remotename)%00%(upstream:remoteref) refs/heads/origin/main refs/remotes/origin/main [6ms]
2025-03-11 10:47:40.841 [info] > git for-each-ref --format=%(refname)%00%(upstream:short)%00%(objectname)%00%(upstream:track)%00%(upstream:remotename)%00%(upstream:remoteref) refs/heads/main refs/remotes/main [10ms]
2025-03-11 10:47:40.841 [warning] [Git][revParse] Unable to read file: ENOENT: no such file or directory, open '/workspace/project/.git/refs/remotes/origin/main'
2025-03-11 10:47:40.841 [info] > git merge-base refs/heads/main refs/remotes/origin/main [12ms]
2025-03-11 10:47:40.841 [info] > git rev-parse refs/remotes/origin/main [10ms]
2025-03-11 10:47:40.842 [info] > git status -z -uall [5ms]
2025-03-11 10:47:40.843 [info] > git diff --name-status -z --diff-filter=ADMR 84988b9eb3c1f6ec24770309af32c32e6f4b25f8...refs/remotes/origin/main [15ms]
2025-03-11 10:47:40.845 [info] > git for-each-ref --sort -committerdate --format %(refname) %(objectname) %(*objectname) [4ms]
2025-03-11 10:47:41.419 [info] > git check-ignore -v -z --stdin [5ms]
2025-03-11 10:47:43.517 [info] > git config --get --local branch.main.github-pr-owner-number [3ms]
2025-03-11 10:47:43.517 [warning] [Git][config] git config failed: Failed to execute git
