2025-03-16 09:33:50.616 [warning] /home/gitpod/.ssh/config: ENOENT: no such file or directory, open '/home/gitpod/.ssh/config'
2025-03-16 09:33:50.616 [info] [Activation] Extension version: 0.106.0
2025-03-16 09:33:52.709 [info] [Activation] Looking for git repository
2025-03-16 09:33:52.709 [info] [Activation] Found 0 repositories during activation
2025-03-16 09:33:52.709 [info] [Activation] Git repository found, initializing review manager and pr tree view.
2025-03-16 09:33:52.713 [info] [GitAPI] Registering git provider
2025-03-16 09:33:52.713 [info] [Review+0] Validate state in progress
2025-03-16 09:33:52.713 [info] [Review+0] Validating state...
2025-03-16 09:33:52.881 [info] [FolderRepositoryManager+0] Found GitHub remote for folder /workspace/project
2025-03-16 09:33:52.882 [info] [FolderRepositoryManager+0] Trying to use globalState for assignableUsers.
2025-03-16 09:33:52.889 [info] [Review+0] No matching pull request metadata found locally for current branch main
2025-03-16 09:33:52.890 [info] [Review+0] No matching pull request metadata found on GitHub for current branch main
2025-03-16 09:33:53.054 [info] [FolderRepositoryManager+0] GlobalState does not exist for assignableUsers.
2025-03-16 09:33:59.289 [info] [Activation] Repo state for file:///workspace/project changed.
2025-03-16 09:33:59.289 [info] [Activation] Repo file:///workspace/project has already been setup.
2025-03-16 09:35:39.340 [info] [Review+0] Validate state in progress
2025-03-16 09:35:39.340 [info] [Review+0] Validating state...
2025-03-16 09:35:39.504 [info] [FolderRepositoryManager+0] Found GitHub remote for folder /workspace/project
2025-03-16 09:35:39.504 [info] [FolderRepositoryManager+0] Using in-memory cached assignable users.
2025-03-16 09:35:39.510 [info] [Review+0] No matching pull request metadata found locally for current branch main
2025-03-16 09:35:39.510 [info] [Review+0] No matching pull request metadata found on GitHub for current branch main
2025-03-16 09:35:57.410 [info] [Review+0] Validate state in progress
2025-03-16 09:35:57.410 [info] [Review+0] Validating state...
2025-03-16 09:35:57.585 [info] [FolderRepositoryManager+0] Found GitHub remote for folder /workspace/project
2025-03-16 09:35:57.586 [info] [FolderRepositoryManager+0] Using in-memory cached assignable users.
2025-03-16 09:35:57.591 [info] [Review+0] No matching pull request metadata found locally for current branch main
2025-03-16 09:35:57.591 [info] [Review+0] No matching pull request metadata found on GitHub for current branch main
2025-03-16 09:37:50.753 [info] [Review+0] Validate state in progress
2025-03-16 09:37:50.753 [info] [Review+0] Validating state...
2025-03-16 09:37:50.916 [info] [FolderRepositoryManager+0] Found GitHub remote for folder /workspace/project
2025-03-16 09:37:50.917 [info] [FolderRepositoryManager+0] Using in-memory cached assignable users.
2025-03-16 09:37:50.923 [info] [Review+0] No matching pull request metadata found locally for current branch main
2025-03-16 09:37:50.923 [info] [Review+0] No matching pull request metadata found on GitHub for current branch main
2025-03-16 09:38:43.361 [info] [Review+0] Validate state in progress
2025-03-16 09:38:43.361 [info] [Review+0] Validating state...
2025-03-16 09:38:43.525 [info] [FolderRepositoryManager+0] Found GitHub remote for folder /workspace/project
2025-03-16 09:38:43.526 [info] [FolderRepositoryManager+0] Using in-memory cached assignable users.
2025-03-16 09:38:43.531 [info] [Review+0] No matching pull request metadata found locally for current branch main
2025-03-16 09:38:43.531 [info] [Review+0] No matching pull request metadata found on GitHub for current branch main
2025-03-16 09:39:44.510 [info] [Review+0] Validate state in progress
2025-03-16 09:39:44.510 [info] [Review+0] Validating state...
2025-03-16 09:39:44.674 [info] [FolderRepositoryManager+0] Found GitHub remote for folder /workspace/project
2025-03-16 09:39:44.674 [info] [FolderRepositoryManager+0] Using in-memory cached assignable users.
2025-03-16 09:39:44.680 [info] [Review+0] No matching pull request metadata found locally for current branch main
2025-03-16 09:39:44.680 [info] [Review+0] No matching pull request metadata found on GitHub for current branch main
2025-03-16 09:40:33.406 [info] [Review+0] Validate state in progress
2025-03-16 09:40:33.406 [info] [Review+0] Validating state...
2025-03-16 09:40:33.571 [info] [FolderRepositoryManager+0] Found GitHub remote for folder /workspace/project
2025-03-16 09:40:33.571 [info] [FolderRepositoryManager+0] Using in-memory cached assignable users.
2025-03-16 09:40:33.577 [info] [Review+0] No matching pull request metadata found locally for current branch main
2025-03-16 09:40:33.577 [info] [Review+0] No matching pull request metadata found on GitHub for current branch main
2025-03-16 09:43:22.638 [info] [Review+0] Validate state in progress
2025-03-16 09:43:22.638 [info] [Review+0] Validating state...
2025-03-16 09:43:22.805 [info] [FolderRepositoryManager+0] Found GitHub remote for folder /workspace/project
2025-03-16 09:43:22.805 [info] [FolderRepositoryManager+0] Using in-memory cached assignable users.
2025-03-16 09:43:22.810 [info] [Review+0] No matching pull request metadata found locally for current branch main
2025-03-16 09:43:22.810 [info] [Review+0] No matching pull request metadata found on GitHub for current branch main
2025-03-16 09:46:52.937 [info] [Review+0] Validate state in progress
2025-03-16 09:46:52.937 [info] [Review+0] Validating state...
2025-03-16 09:46:53.101 [info] [FolderRepositoryManager+0] Found GitHub remote for folder /workspace/project
2025-03-16 09:46:53.102 [info] [FolderRepositoryManager+0] Using in-memory cached assignable users.
2025-03-16 09:46:53.107 [info] [Review+0] No matching pull request metadata found locally for current branch main
2025-03-16 09:46:53.107 [info] [Review+0] No matching pull request metadata found on GitHub for current branch main
2025-03-16 09:46:57.980 [info] [Review+0] Validate state in progress
2025-03-16 09:46:57.980 [info] [Review+0] Validating state...
2025-03-16 09:46:58.146 [info] [FolderRepositoryManager+0] Found GitHub remote for folder /workspace/project
2025-03-16 09:46:58.147 [info] [FolderRepositoryManager+0] Using in-memory cached assignable users.
2025-03-16 09:46:58.154 [info] [Review+0] No matching pull request metadata found locally for current branch main
2025-03-16 09:46:58.154 [info] [Review+0] No matching pull request metadata found on GitHub for current branch main
2025-03-16 09:47:47.488 [info] [Review+0] Validate state in progress
2025-03-16 09:47:47.488 [info] [Review+0] Validating state...
2025-03-16 09:47:47.658 [info] [FolderRepositoryManager+0] Found GitHub remote for folder /workspace/project
2025-03-16 09:47:47.659 [info] [FolderRepositoryManager+0] Using in-memory cached assignable users.
2025-03-16 09:47:47.666 [info] [Review+0] No matching pull request metadata found locally for current branch main
2025-03-16 09:47:47.666 [info] [Review+0] No matching pull request metadata found on GitHub for current branch main
2025-03-16 09:47:52.532 [info] [Review+0] Validate state in progress
2025-03-16 09:47:52.532 [info] [Review+0] Validating state...
2025-03-16 09:47:52.702 [info] [FolderRepositoryManager+0] Found GitHub remote for folder /workspace/project
2025-03-16 09:47:52.702 [info] [FolderRepositoryManager+0] Using in-memory cached assignable users.
2025-03-16 09:47:52.708 [info] [Review+0] No matching pull request metadata found locally for current branch main
2025-03-16 09:47:52.708 [info] [Review+0] No matching pull request metadata found on GitHub for current branch main
2025-03-16 09:48:15.799 [info] [Review+0] Validate state in progress
2025-03-16 09:48:15.799 [info] [Review+0] Validating state...
2025-03-16 09:48:15.961 [info] [FolderRepositoryManager+0] Found GitHub remote for folder /workspace/project
2025-03-16 09:48:15.962 [info] [FolderRepositoryManager+0] Using in-memory cached assignable users.
2025-03-16 09:48:15.968 [info] [Review+0] No matching pull request metadata found locally for current branch main
2025-03-16 09:48:15.968 [info] [Review+0] No matching pull request metadata found on GitHub for current branch main
2025-03-16 09:49:11.994 [info] [Review+0] Validate state in progress
2025-03-16 09:49:11.994 [info] [Review+0] Validating state...
2025-03-16 09:49:12.158 [info] [FolderRepositoryManager+0] Found GitHub remote for folder /workspace/project
2025-03-16 09:49:12.158 [info] [FolderRepositoryManager+0] Using in-memory cached assignable users.
2025-03-16 09:49:12.165 [info] [Review+0] No matching pull request metadata found locally for current branch main
2025-03-16 09:49:12.165 [info] [Review+0] No matching pull request metadata found on GitHub for current branch main
2025-03-16 09:49:38.905 [info] [Review+0] Validate state in progress
2025-03-16 09:49:38.905 [info] [Review+0] Validating state...
2025-03-16 09:49:39.069 [info] [FolderRepositoryManager+0] Found GitHub remote for folder /workspace/project
2025-03-16 09:49:39.069 [info] [FolderRepositoryManager+0] Using in-memory cached assignable users.
2025-03-16 09:49:39.075 [info] [Review+0] No matching pull request metadata found locally for current branch main
2025-03-16 09:49:39.075 [info] [Review+0] No matching pull request metadata found on GitHub for current branch main
2025-03-16 09:49:50.028 [info] [Review+0] Validate state in progress
2025-03-16 09:49:50.028 [info] [Review+0] Validating state...
2025-03-16 09:49:50.193 [info] [FolderRepositoryManager+0] Found GitHub remote for folder /workspace/project
2025-03-16 09:49:50.193 [info] [FolderRepositoryManager+0] Using in-memory cached assignable users.
2025-03-16 09:49:50.199 [info] [Review+0] No matching pull request metadata found locally for current branch main
2025-03-16 09:49:50.199 [info] [Review+0] No matching pull request metadata found on GitHub for current branch main
2025-03-16 09:49:56.742 [info] [Review+0] Validate state in progress
2025-03-16 09:49:56.742 [info] [Review+0] Validating state...
2025-03-16 09:49:56.907 [info] [FolderRepositoryManager+0] Found GitHub remote for folder /workspace/project
2025-03-16 09:49:56.907 [info] [FolderRepositoryManager+0] Using in-memory cached assignable users.
2025-03-16 09:49:56.912 [info] [Review+0] No matching pull request metadata found locally for current branch main
2025-03-16 09:49:56.912 [info] [Review+0] No matching pull request metadata found on GitHub for current branch main
2025-03-16 09:52:07.576 [info] [Review+0] Validate state in progress
2025-03-16 09:52:07.576 [info] [Review+0] Validating state...
2025-03-16 09:52:07.743 [info] [FolderRepositoryManager+0] Found GitHub remote for folder /workspace/project
2025-03-16 09:52:07.743 [info] [FolderRepositoryManager+0] Using in-memory cached assignable users.
2025-03-16 09:52:07.749 [info] [Review+0] No matching pull request metadata found locally for current branch main
2025-03-16 09:52:07.749 [info] [Review+0] No matching pull request metadata found on GitHub for current branch main
2025-03-16 09:53:51.532 [info] [Review+0] Validate state in progress
2025-03-16 09:53:51.532 [info] [Review+0] Validating state...
2025-03-16 09:53:51.696 [info] [FolderRepositoryManager+0] Found GitHub remote for folder /workspace/project
2025-03-16 09:53:51.697 [info] [FolderRepositoryManager+0] Using in-memory cached assignable users.
2025-03-16 09:53:51.703 [info] [Review+0] No matching pull request metadata found locally for current branch main
2025-03-16 09:53:51.703 [info] [Review+0] No matching pull request metadata found on GitHub for current branch main
2025-03-16 09:53:56.569 [info] [Review+0] Validate state in progress
2025-03-16 09:53:56.570 [info] [Review+0] Validating state...
2025-03-16 09:53:56.733 [info] [FolderRepositoryManager+0] Found GitHub remote for folder /workspace/project
2025-03-16 09:53:56.733 [info] [FolderRepositoryManager+0] Using in-memory cached assignable users.
2025-03-16 09:53:56.738 [info] [Review+0] No matching pull request metadata found locally for current branch main
2025-03-16 09:53:56.739 [info] [Review+0] No matching pull request metadata found on GitHub for current branch main
2025-03-16 09:54:56.046 [info] [Review+0] Validate state in progress
2025-03-16 09:54:56.046 [info] [Review+0] Validating state...
2025-03-16 09:54:56.209 [info] [FolderRepositoryManager+0] Found GitHub remote for folder /workspace/project
2025-03-16 09:54:56.210 [info] [FolderRepositoryManager+0] Using in-memory cached assignable users.
2025-03-16 09:54:56.216 [info] [Review+0] No matching pull request metadata found locally for current branch main
2025-03-16 09:54:56.216 [info] [Review+0] No matching pull request metadata found on GitHub for current branch main
2025-03-16 09:55:01.083 [info] [Review+0] Validate state in progress
2025-03-16 09:55:01.083 [info] [Review+0] Validating state...
2025-03-16 09:55:01.270 [info] [FolderRepositoryManager+0] Found GitHub remote for folder /workspace/project
2025-03-16 09:55:01.270 [info] [FolderRepositoryManager+0] Using in-memory cached assignable users.
2025-03-16 09:55:01.275 [info] [Review+0] No matching pull request metadata found locally for current branch main
2025-03-16 09:55:01.275 [info] [Review+0] No matching pull request metadata found on GitHub for current branch main
