coderoad v0.19.4
STATE: "Setup.Startup"
ROUTE: "Setup.Startup": On level unknown, step unknown
EDITOR_STARTUP
Continuing tutorial from progress: level 544 step 544.1
LOAD_STORED_TUTORIAL
EDITOR_TUTORIAL_CONTINUE_CONFIG
Tutorial: Learn Bash Scripting by Building Five Programs (2.0.0)
Command: ./.freeCodeCamp/setup.sh
COMMAND_START
Calling command: ./.freeCodeCamp/setup.sh
EDITOR_LEVEL_ENTER
EDITOR_STEP_ENTER
STATE: "Tutorial.Level.Load"
ROUTE: "Tutorial.Level.Load": On level 544, step 544.1
STATE: "Tutorial.Level.Normal"
ROUTE: "Tutorial.Level.Normal": On level 544, step 544.1
Calling command: git log -n 1 --pretty=format:%s 08667189e830410e95089ae3c6e3fc4244c87de5
Calling command: git log -g --grep='544.1'
------------------- RUN TEST -------------------
START_TEST
COMMAND: npm run programmatic-test --reporter=mocha-tap-reporter
Calling command: npm run programmatic-test --reporter=mocha-tap-reporter
Command output: 
COMMAND_SUCCESS
Command: ./.freeCodeCamp/reset.sh
COMMAND_START
Calling command: ./.freeCodeCamp/reset.sh
Command output: 
COMMAND_SUCCESS
STATE: "Tutorial.Level.Normal"
ROUTE: "Tutorial.Level.Normal": On level 544, step 544.1
STATE: "Tutorial.Level.TestRunning"
ROUTE: "Tutorial.Level.TestRunning": On level 544, step 544.1
STATE: "Tutorial.Level.TestRunning"
ROUTE: "Tutorial.Level.TestRunning": On level 544, step 544.1
STATE: "Tutorial.Level.TestRunning"
ROUTE: "Tutorial.Level.TestRunning": On level 544, step 544.1
STATE: "Tutorial.Level.TestRunning"
ROUTE: "Tutorial.Level.TestRunning": On level 544, step 544.1
---------------- TEST RESULTS -----------------
TEST_FAIL
STATE: "Tutorial.Level.Normal"
ROUTE: "Tutorial.Level.Normal": On level 544, step 544.1
------------------- RUN TEST -------------------
START_TEST
COMMAND: npm run programmatic-test --reporter=mocha-tap-reporter
Calling command: npm run programmatic-test --reporter=mocha-tap-reporter
STATE: "Tutorial.Level.TestRunning"
ROUTE: "Tutorial.Level.TestRunning": On level 544, step 544.1
---------------- TEST RESULTS -----------------
Test pass position: {"stepId":"544.1","levelId":"544","complete":false}
TEST_PASS
updateStepPosition: {"type":"TEST_PASS","payload":{"position":{"stepId":"544.1","levelId":"544","complete":true}},"source":"coderoad"})
EDITOR_STEP_COMPLETE
Calling command: git commit -am 'Save progress: 544.1'
STATE: "Tutorial.Level.StepNext"
ROUTE: "Tutorial.Level.StepNext": Completed level 544, step 544.1
EDITOR_LEVEL_COMPLETE
STATE: "Tutorial.Level.LevelComplete"
ROUTE: "Tutorial.Level.LevelComplete": Completed level 544, step 544.1
Commit saved: [main 5cd9a43] Save progress: 544.1
 225 files changed, 34 insertions(+)
 mode change 100644 => 100755 .freeCodeCamp/.mocharc.json
 mode change 100644 => 100755 .freeCodeCamp/package-lock.json
 mode change 100644 => 100755 .freeCodeCamp/package.json
 mode change 100644 => 100755 .freeCodeCamp/test/10.test.js
 mode change 100644 => 100755 .freeCodeCamp/test/100.test.js
 mode change 100644 => 100755 .freeCodeCamp/test/1000.test.js
 mode change 100644 => 100755 .freeCodeCamp/test/1010.test.js
 mode change 100644 => 100755 .freeCodeCamp/test/1020.test.js
 mode change 100644 => 100755 .freeCodeCamp/test/1030.test.js
 mode change 100644 => 100755 .freeCodeCamp/test/1040.test.js
 mode change 100644 => 100755 .freeCodeCamp/test/1050.test.js
 mode change 100644 => 100755 .freeCodeCamp/test/1060.test.js
 mode change 100644 => 100755 .freeCodeCamp/test/1070.test.js
 mode change 100644 => 100755 .freeCodeCamp/test/1080.test.js
 mode change 100644 => 100755 .freeCodeCamp/test/1090.test.js
 mode change 100644 => 100755 .freeCodeCamp/test/110.test.js
 mode change 100644 => 100755 .freeCodeCamp/test/1100.test.js
 mode change 100644 => 100755 .freeCodeCamp/test/1110.test.js
 mode change 100644 => 100755 .freeCodeCamp/test/1120.test.js
 mode change 100644 => 100755 .freeCodeCamp/test/1130.test.js
 mode change 100644 => 100755 .freeCodeCamp/test/1140.test.js
 mode change 100644 => 100755 .freeCodeCamp/test/1150.test.js
 mode change 100644 => 100755 .freeCodeCamp/test/1160.test.js
 mode change 100644 => 100755 .freeCodeCamp/test/1170.test.js
 mode change 100644 => 100755 .freeCodeCamp/test/1180.test.js
 mode change 100644 => 100755 .freeCodeCamp/test/1190.test.js
 mode change 100644 => 100755 .freeCodeCamp/test/1200.test.js
 mode change 100644 => 100755 .freeCodeCamp/test/1210.test.js
 mode change 100644 => 100755 .freeCodeCamp/test/1220.test.js
 mode change 100644 => 100755 .freeCodeCamp/test/1230.test.js
 mode change 100644 => 100755 .freeCodeCamp/test/1240.test.js
 mode change 100644 => 100755 .freeCodeCamp/test/1250.test.js
 mode change 100644 => 100755 .freeCodeCamp/test/1260.test.js
 mode change 100644 => 100755 .freeCodeCamp/test/1270.test.js
 mode change 100644 => 100755 .freeCodeCamp/test/1280.test.js
 mode change 100644 => 100755 .freeCodeCamp/test/1290.test.js
 mode change 100644 => 100755 .freeCodeCamp/test/1300.test.js
 mode change 100644 => 100755 .freeCodeCamp/test/1310.test.js
 mode change 100644 => 100755 .freeCodeCamp/test/1320.test.js
 mode change 100644 => 100755 .freeCodeCamp/test/1330.test.js
 mode change 100644 => 100755 .freeCodeCamp/test/1340.test.js
 mode change 100644 => 100755 .freeCodeCamp/test/1350.test.js
 mode change 100644 => 100755 .freeCodeCamp/test/1360.test.js
 mode change 100644 => 100755 .freeCodeCamp/test/1370.test.js
 mode change 100644 => 100755 .freeCodeCamp/test/1380.test.js
 mode change 100644 => 100755 .freeCodeCamp/test/1385.test.js
 mode change 100644 => 100755 .freeCodeCamp/test/1390.test.js
 mode change 100644 => 100755 .freeCodeCamp/test/140.test.js
 mode change 100644 => 100755 .freeCodeCamp/test/1400.test.js
 mode change 100644 => 100755 .freeCodeCamp/test/1410.test.js
 mode change 100644 => 100755 .freeCodeCamp/test/1412.test.js
 mode change 100644 => 100755 .freeCodeCamp/test/1413.test.js
 mode change 100644 => 100755 .freeCodeCamp/test/1416.test.js
 mode change 100644 => 100755 .freeCodeCamp/test/1420.test.js
 mode change 100644 => 100755 .freeCodeCamp/test/1425.test.js
 mode change 100644 => 100755 .freeCodeCamp/test/1428.test.js
 mode change 100644 => 100755 .freeCodeCamp/test/1430.test.js
 mode change 100644 => 100755 .freeCodeCamp/test/1440.test.js
 mode change 100644 => 100755 .freeCodeCamp/test/1450.test.js
 mode change 100644 => 100755 .freeCodeCamp/test/1460.test.js
 mode change 100644 => 100755 .freeCodeCamp/test/1470.test.js
 mode change 100644 => 100755 .freeCodeCamp/test/1480.test.js
 mode change 100644 => 100755 .freeCodeCamp/test/1490.test.js
 mode change 100644 => 100755 .freeCodeCamp/test/150.test.js
 mode change 100644 => 100755 .freeCodeCamp/test/1500.test.js
 mode change 100644 => 100755 .freeCodeCamp/test/1510.test.js
 mode change 100644 => 100755 .freeCodeCamp/test/1520.test.js
 mode change 100644 => 100755 .freeCodeCamp/test/1530.test.js
 mode change 100644 => 100755 .freeCodeCamp/test/1540.test.js
 mode change 100644 => 100755 .freeCodeCamp/test/1550.test.js
 mode change 100644 => 100755 .freeCodeCamp/test/1560.test.js
 mode change 100644 => 100755 .freeCodeCamp/test/1570.test.js
 mode change 100644 => 100755 .freeCodeCamp/test/1580.test.js
 mode change 100644 => 100755 .freeCodeCamp/test/1590.test.js
 mode change 100644 => 100755 .freeCodeCamp/test/160.test.js
 mode change 100644 => 100755 .freeCodeCamp/test/1600.test.js
 mode change 100644 => 100755 .freeCodeCamp/test/1610.test.js
 mode change 100644 => 100755 .freeCodeCamp/test/170.test.js
 mode change 100644 => 100755 .freeCodeCamp/test/180.test.js
 mode change 100644 => 100755 .freeCodeCamp/test/190.test.js
 mode change 100644 => 100755 .freeCodeCamp/test/20.test.js
 mode change 100644 => 100755 .freeCodeCamp/test/200.test.js
 mode change 100644 => 100755 .freeCodeCamp/test/210.test.js
 mode change 100644 => 100755 .freeCodeCamp/test/220.test.js
 mode change 100644 => 100755 .freeCodeCamp/test/230.test.js
 mode change 100644 => 100755 .freeCodeCamp/test/240.test.js
 mode change 100644 => 100755 .freeCodeCamp/test/250.test.js
 mode change 100644 => 100755 .freeCodeCamp/test/260.test.js
 mode change 100644 => 100755 .freeCodeCamp/test/270.test.js
 mode change 100644 => 100755 .freeCodeCamp/test/280.test.js
 mode change 100644 => 100755 .freeCodeCamp/test/290.test.js
 mode change 100644 => 100755 .freeCodeCamp/test/30.test.js
 mode change 100644 => 100755 .freeCodeCamp/test/300.test.js
 mode change 100644 => 100755 .freeCodeCamp/test/310.test.js
 mode change 100644 => 100755 .freeCodeCamp/test/320.test.js
 mode change 100644 => 100755 .freeCodeCamp/test/323.test.js
 mode change 100644 => 100755 .freeCodeCamp/test/326.test.js
 mode change 100644 => 100755 .freeCodeCamp/test/330.test.js
 mode change 100644 => 100755 .freeCodeCamp/test/340.test.js
 mode change 100644 => 100755 .freeCodeCamp/test/345.test.js
 mode change 100644 => 100755 .freeCodeCamp/test/35.test.js
 mode change 100644 => 100755 .freeCodeCamp/test/350.test.js
 mode change 100644 => 100755 .freeCodeCamp/test/360.test.js
 mode change 100644 => 100755 .freeCodeCamp/test/363.test.js
 mode change 100644 => 100755 .freeCodeCamp/test/366.test.js
 mode change 100644 => 100755 .freeCodeCamp/test/370.test.js
 mode change 100644 => 100755 .freeCodeCamp/test/380.test.js
 mode change 100644 => 100755 .freeCodeCamp/test/390.test.js
 mode change 100644 => 100755 .freeCodeCamp/test/40.test.js
 mode change 100644 => 100755 .freeCodeCamp/test/400.test.js
 mode change 100644 => 100755 .freeCodeCamp/test/410.test.js
 mode change 100644 => 100755 .freeCodeCamp/test/420.test.js
 mode change 100644 => 100755 .freeCodeCamp/test/425.test.js
 mode change 100644 => 100755 .freeCodeCamp/test/430.test.js
 mode change 100644 => 100755 .freeCodeCamp/test/440.test.js
 mode change 100644 => 100755 .freeCodeCamp/test/450.test.js
 mode change 100644 => 100755 .freeCodeCamp/test/460.test.js
 mode change 100644 => 100755 .freeCodeCamp/test/470.test.js
 mode change 100644 => 100755 .freeCodeCamp/test/480.test.js
 mode change 100644 => 100755 .freeCodeCamp/test/490.test.js
 mode change 100644 => 100755 .freeCodeCamp/test/50.test.js
 mode change 100644 => 100755 .freeCodeCamp/test/500.test.js
 mode change 100644 => 100755 .freeCodeCamp/test/505.test.js
 mode change 100644 => 100755 .freeCodeCamp/test/510.test.js
 mode change 100644 => 100755 .freeCodeCamp/test/520.test.js
 mode change 100644 => 100755 .freeCodeCamp/test/530.test.js
 mode change 100644 => 100755 .freeCodeCamp/test/540.test.js
 mode change 100644 => 100755 .freeCodeCamp/test/542.test.js
 mode change 100644 => 100755 .freeCodeCamp/test/544.test.js
 mode change 100644 => 100755 .freeCodeCamp/test/546.test.js
 mode change 100644 => 100755 .freeCodeCamp/test/548.test.js
 mode change 100644 => 100755 .freeCodeCamp/test/550.test.js
 mode change 100644 => 100755 .freeCodeCamp/test/552.test.js
 mode change 100644 => 100755 .freeCodeCamp/test/554.test.js
 mode change 100644 => 100755 .freeCodeCamp/test/556.test.js
 mode change 100644 => 100755 .freeCodeCamp/test/558.test.js
 mode change 100644 => 100755 .freeCodeCamp/test/560.test.js
 mode change 100644 => 100755 .freeCodeCamp/test/562.test.js
 mode change 100644 => 100755 .freeCodeCamp/test/564.test.js
 mode change 100644 => 100755 .freeCodeCamp/test/566.test.js
 mode change 100644 => 100755 .freeCodeCamp/test/568.test.js
 mode change 100644 => 100755 .freeCodeCamp/test/570.test.js
 mode change 100644 => 100755 .freeCodeCamp/test/572.test.js
 mode change 100644 => 100755 .freeCodeCamp/test/574.test.js
 mode change 100644 => 100755 .freeCodeCamp/test/575.test.js
 mode change 100644 => 100755 .freeCodeCamp/test/576.test.js
 mode change 100644 => 100755 .freeCodeCamp/test/582.test.js
 mode change 100644 => 100755 .freeCodeCamp/test/584.test.js
 mode change 100644 => 100755 .freeCodeCamp/test/586.test.js
 mode change 100644 => 100755 .freeCodeCamp/test/588.test.js
 mode change 100644 => 100755 .freeCodeCamp/test/590.test.js
 mode change 100644 => 100755 .freeCodeCamp/test/60.test.js
 mode change 100644 => 100755 .freeCodeCamp/test/600.test.js
 mode change 100644 => 100755 .freeCodeCamp/test/610.test.js
 mode change 100644 => 100755 .freeCodeCamp/test/615.test.js
 mode change 100644 => 100755 .freeCodeCamp/test/620.test.js
 mode change 100644 => 100755 .freeCodeCamp/test/630.test.js
 mode change 100644 => 100755 .freeCodeCamp/test/640.test.js
 mode change 100644 => 100755 .freeCodeCamp/test/650.test.js
 mode change 100644 => 100755 .freeCodeCamp/test/660.test.js
 mode change 100644 => 100755 .freeCodeCamp/test/670.test.js
 mode change 100644 => 100755 .freeCodeCamp/test/675.test.js
 mode change 100644 => 100755 .freeCodeCamp/test/680.test.js
 mode change 100644 => 100755 .freeCodeCamp/test/690.test.js
 mode change 100644 => 100755 .freeCodeCamp/test/692.test.js
 mode change 100644 => 100755 .freeCodeCamp/test/694.test.js
 mode change 100644 => 100755 .freeCodeCamp/test/696.test.js
 mode change 100644 => 100755 .freeCodeCamp/test/698.test.js
 mode change 100644 => 100755 .freeCodeCamp/test/70.test.js
 mode change 100644 => 100755 .freeCodeCamp/test/700.test.js
 mode change 100644 => 100755 .freeCodeCamp/test/710.test.js
 mode change 100644 => 100755 .freeCodeCamp/test/730.test.js
 mode change 100644 => 100755 .freeCodeCamp/test/740.test.js
 mode change 100644 => 100755 .freeCodeCamp/test/750.test.js
 mode change 100644 => 100755 .freeCodeCamp/test/760.test.js
 mode change 100644 => 100755 .freeCodeCamp/test/770.test.js
 mode change 100644 => 100755 .freeCodeCamp/test/780.test.js
 mode change 100644 => 100755 .freeCodeCamp/test/790.test.js
 mode change 100644 => 100755 .freeCodeCamp/test/80.test.js
 mode change 100644 => 100755 .freeCodeCamp/test/800.test.js
 mode change 100644 => 100755 .freeCodeCamp/test/810.test.js
 mode change 100644 => 100755 .freeCodeCamp/test/815.test.js
 mode change 100644 => 100755 .freeCodeCamp/test/817.test.js
 mode change 100644 => 100755 .freeCodeCamp/test/818.test.js
 mode change 100644 => 100755 .freeCodeCamp/test/819.test.js
 mode change 100644 => 100755 .freeCodeCamp/test/820.test.js
 mode change 100644 => 100755 .freeCodeCamp/test/822.test.js
 mode change 100644 => 100755 .freeCodeCamp/test/824.test.js
 mode change 100644 => 100755 .freeCodeCamp/test/826.test.js
 mode change 100644 => 100755 .freeCodeCamp/test/828.test.js
 mode change 100644 => 100755 .freeCodeCamp/test/830.test.js
 mode change 100644 => 100755 .freeCodeCamp/test/835.test.js
 mode change 100644 => 100755 .freeCodeCamp/test/840.test.js
 mode change 100644 => 100755 .freeCodeCamp/test/881.test.js
 mode change 100644 => 100755 .freeCodeCamp/test/884.test.js
 mode change 100644 => 100755 .freeCodeCamp/test/887.test.js
 mode change 100644 => 100755 .freeCodeCamp/test/890.test.js
 mode change 100644 => 100755 .freeCodeCamp/test/891.test.js
 mode change 100644 => 100755 .freeCodeCamp/test/893.test.js
 mode change 100644 => 100755 .freeCodeCamp/test/896.test.js
 mode change 100644 => 100755 .freeCodeCamp/test/897.test.js
 mode change 100644 => 100755 .freeCodeCamp/test/899.test.js
 mode change 100644 => 100755 .freeCodeCamp/test/90.test.js
 mode change 100644 => 100755 .freeCodeCamp/test/902.test.js
 mode change 100644 => 100755 .freeCodeCamp/test/905.test.js
 mode change 100644 => 100755 .freeCodeCamp/test/908.test.js
 mode change 100644 => 100755 .freeCodeCamp/test/911.test.js
 mode change 100644 => 100755 .freeCodeCamp/test/912.test.js
 mode change 100644 => 100755 .freeCodeCamp/test/913.test.js
 mode change 100644 => 100755 .freeCodeCamp/test/914.test.js
 mode change 100644 => 100755 .freeCodeCamp/test/916.test.js
 mode change 100644 => 100755 .freeCodeCamp/test/918.test.js
 mode change 100644 => 100755 .freeCodeCamp/test/920.test.js
 mode change 100644 => 100755 .freeCodeCamp/test/928.test.js
 mode change 100644 => 100755 .freeCodeCamp/test/930.test.js
 mode change 100644 => 100755 .freeCodeCamp/test/940.test.js
 mode change 100644 => 100755 .freeCodeCamp/test/945.test.js
 mode change 100644 => 100755 .freeCodeCamp/test/950.test.js
 mode change 100644 => 100755 .freeCodeCamp/test/960.test.js
 mode change 100644 => 100755 .freeCodeCamp/test/970.test.js
 mode change 100644 => 100755 .freeCodeCamp/test/980.test.js
 mode change 100644 => 100755 .freeCodeCamp/test/990.test.js
 mode change 100644 => 100755 .freeCodeCamp/test/utils.js

KEY_PRESS_ENTER
STATE: "Tutorial.Level.LoadNext"
ROUTE: "Tutorial.Level.LoadNext": Completed level 544, step 544.1
EDITOR_SYNC_POSITION
EDITOR_LEVEL_ENTER
EDITOR_STEP_ENTER
STATE: "Tutorial.Level.Load"
ROUTE: "Tutorial.Level.Load": On level 546, step 546.1
STATE: "Tutorial.Level.Normal"
ROUTE: "Tutorial.Level.Normal": On level 546, step 546.1
Calling command: git log -n 1 --pretty=format:%s c06a25db53e789394a6ddb22c0f223c502f28764
Calling command: git log -g --grep='546.1'
Calling command: git cherry-pick -X theirs c06a25db53e789394a6ddb22c0f223c502f28764
------------------- RUN TEST -------------------
START_TEST
COMMAND: npm run programmatic-test --reporter=mocha-tap-reporter
Calling command: npm run programmatic-test --reporter=mocha-tap-reporter
STATE: "Tutorial.Level.TestRunning"
ROUTE: "Tutorial.Level.TestRunning": On level 546, step 546.1
---------------- TEST RESULTS -----------------
Test pass position: {"stepId":"546.1","levelId":"546","complete":false}
TEST_PASS
updateStepPosition: {"type":"TEST_PASS","payload":{"position":{"stepId":"546.1","levelId":"546","complete":true}},"source":"coderoad"})
EDITOR_STEP_COMPLETE
Calling command: git commit -am 'Save progress: 546.1'
STATE: "Tutorial.Level.StepNext"
ROUTE: "Tutorial.Level.StepNext": Completed level 546, step 546.1
EDITOR_LEVEL_COMPLETE
STATE: "Tutorial.Level.LevelComplete"
ROUTE: "Tutorial.Level.LevelComplete": Completed level 546, step 546.1
Commit saved: [main 48f3612] Save progress: 546.1
 2 files changed, 2 insertions(+)

EDITOR_SYNC_POSITION
EDITOR_LEVEL_ENTER
EDITOR_STEP_ENTER
STATE: "Tutorial.Level.Normal"
ROUTE: "Tutorial.Level.Normal": On level 548, step 548.1
Calling command: git log -n 1 --pretty=format:%s 829f403738dee7080c0c6713a8cead655f1a4ea3
Calling command: git log -g --grep='548.1'
Calling command: git cherry-pick -X theirs 829f403738dee7080c0c6713a8cead655f1a4ea3
------------------- RUN TEST -------------------
START_TEST
COMMAND: npm run programmatic-test --reporter=mocha-tap-reporter
Calling command: npm run programmatic-test --reporter=mocha-tap-reporter
STATE: "Tutorial.Level.TestRunning"
ROUTE: "Tutorial.Level.TestRunning": On level 548, step 548.1
---------------- TEST RESULTS -----------------
Test pass position: {"stepId":"548.1","levelId":"548","complete":false}
TEST_PASS
updateStepPosition: {"type":"TEST_PASS","payload":{"position":{"stepId":"548.1","levelId":"548","complete":true}},"source":"coderoad"})
EDITOR_STEP_COMPLETE
Calling command: git commit -am 'Save progress: 548.1'
STATE: "Tutorial.Level.StepNext"
ROUTE: "Tutorial.Level.StepNext": Completed level 548, step 548.1
EDITOR_LEVEL_COMPLETE
STATE: "Tutorial.Level.LevelComplete"
ROUTE: "Tutorial.Level.LevelComplete": Completed level 548, step 548.1
Commit saved: [main dc4c5eb] Save progress: 548.1
 2 files changed, 2 insertions(+)

EDITOR_SYNC_POSITION
EDITOR_LEVEL_ENTER
EDITOR_STEP_ENTER
STATE: "Tutorial.Level.Normal"
ROUTE: "Tutorial.Level.Normal": On level 550, step 550.1
Calling command: git log -n 1 --pretty=format:%s bc067a2b68e76d0ed4d5a15aacf17b7590c2f6c3
Calling command: git log -g --grep='550.1'
Calling command: git cherry-pick -X theirs bc067a2b68e76d0ed4d5a15aacf17b7590c2f6c3
------------------- RUN TEST -------------------
START_TEST
COMMAND: npm run programmatic-test --reporter=mocha-tap-reporter
Calling command: npm run programmatic-test --reporter=mocha-tap-reporter
STATE: "Tutorial.Level.TestRunning"
ROUTE: "Tutorial.Level.TestRunning": On level 550, step 550.1
---------------- TEST RESULTS -----------------
Test pass position: {"stepId":"550.1","levelId":"550","complete":false}
TEST_PASS
updateStepPosition: {"type":"TEST_PASS","payload":{"position":{"stepId":"550.1","levelId":"550","complete":true}},"source":"coderoad"})
EDITOR_STEP_COMPLETE
Calling command: git commit -am 'Save progress: 550.1'
STATE: "Tutorial.Level.StepNext"
ROUTE: "Tutorial.Level.StepNext": Completed level 550, step 550.1
EDITOR_LEVEL_COMPLETE
STATE: "Tutorial.Level.LevelComplete"
ROUTE: "Tutorial.Level.LevelComplete": Completed level 550, step 550.1
EDITOR_SYNC_POSITION
EDITOR_LEVEL_ENTER
EDITOR_STEP_ENTER
STATE: "Tutorial.Level.Normal"
ROUTE: "Tutorial.Level.Normal": On level 552, step 552.1
Calling command: git log -n 1 --pretty=format:%s b686a939bd425e40d9d0a653b39c3e2db7844ec3
Calling command: git log -g --grep='552.1'
Calling command: git cherry-pick -X theirs b686a939bd425e40d9d0a653b39c3e2db7844ec3
------------------- RUN TEST -------------------
START_TEST
COMMAND: npm run programmatic-test --reporter=mocha-tap-reporter
Calling command: npm run programmatic-test --reporter=mocha-tap-reporter
STATE: "Tutorial.Level.TestRunning"
ROUTE: "Tutorial.Level.TestRunning": On level 552, step 552.1
---------------- TEST RESULTS -----------------
TEST_FAIL
STATE: "Tutorial.Level.Normal"
ROUTE: "Tutorial.Level.Normal": On level 552, step 552.1
------------------- RUN TEST -------------------
START_TEST
COMMAND: npm run programmatic-test --reporter=mocha-tap-reporter
Calling command: npm run programmatic-test --reporter=mocha-tap-reporter
STATE: "Tutorial.Level.TestRunning"
ROUTE: "Tutorial.Level.TestRunning": On level 552, step 552.1
---------------- TEST RESULTS -----------------
Test pass position: {"stepId":"552.1","levelId":"552","complete":false}
TEST_PASS
updateStepPosition: {"type":"TEST_PASS","payload":{"position":{"stepId":"552.1","levelId":"552","complete":true}},"source":"coderoad"})
EDITOR_STEP_COMPLETE
Calling command: git commit -am 'Save progress: 552.1'
STATE: "Tutorial.Level.StepNext"
ROUTE: "Tutorial.Level.StepNext": Completed level 552, step 552.1
EDITOR_LEVEL_COMPLETE
STATE: "Tutorial.Level.LevelComplete"
ROUTE: "Tutorial.Level.LevelComplete": Completed level 552, step 552.1
Commit saved: [main 03ea1c2] Save progress: 552.1
 2 files changed, 6 insertions(+)

KEY_PRESS_ENTER
STATE: "Tutorial.Level.LoadNext"
ROUTE: "Tutorial.Level.LoadNext": Completed level 552, step 552.1
EDITOR_SYNC_POSITION
EDITOR_LEVEL_ENTER
EDITOR_STEP_ENTER
STATE: "Tutorial.Level.Load"
ROUTE: "Tutorial.Level.Load": On level 554, step 554.1
STATE: "Tutorial.Level.Normal"
ROUTE: "Tutorial.Level.Normal": On level 554, step 554.1
Calling command: git log -n 1 --pretty=format:%s d4f02b901417c94206bcb71fa80fb102bb4246bb
Calling command: git log -g --grep='554.1'
Calling command: git cherry-pick -X theirs d4f02b901417c94206bcb71fa80fb102bb4246bb
