2025-03-16 10:32:10.661 [warning] /home/gitpod/.ssh/config: ENOENT: no such file or directory, open '/home/gitpod/.ssh/config'
2025-03-16 10:32:10.661 [info] [Activation] Extension version: 0.106.0
2025-03-16 10:32:12.799 [info] [Activation] Looking for git repository
2025-03-16 10:32:12.799 [info] [Activation] Found 0 repositories during activation
2025-03-16 10:32:12.799 [info] [Activation] Git repository found, initializing review manager and pr tree view.
2025-03-16 10:32:12.803 [info] [GitAPI] Registering git provider
2025-03-16 10:32:12.803 [info] [Review+0] Validate state in progress
2025-03-16 10:32:12.803 [info] [Review+0] Validating state...
2025-03-16 10:32:12.981 [info] [FolderRepositoryManager+0] Found GitHub remote for folder /workspace/project
2025-03-16 10:32:12.983 [info] [FolderRepositoryManager+0] Trying to use globalState for assignableUsers.
2025-03-16 10:32:12.992 [info] [Review+0] No matching pull request metadata found locally for current branch main
2025-03-16 10:32:12.992 [info] [Review+0] No matching pull request metadata found on GitHub for current branch main
2025-03-16 10:32:13.166 [info] [FolderRepositoryManager+0] GlobalState does not exist for assignableUsers.
2025-03-16 10:35:40.095 [info] [Activation] Repo state for file:///workspace/project changed.
2025-03-16 10:35:40.095 [info] [Activation] Repo file:///workspace/project has already been setup.
2025-03-16 10:36:01.963 [info] [Review+0] Validate state in progress
2025-03-16 10:36:01.964 [info] [Review+0] Validating state...
2025-03-16 10:36:02.139 [info] [FolderRepositoryManager+0] Found GitHub remote for folder /workspace/project
2025-03-16 10:36:02.140 [info] [FolderRepositoryManager+0] Using in-memory cached assignable users.
2025-03-16 10:36:02.150 [info] [Review+0] No matching pull request metadata found locally for current branch main
2025-03-16 10:36:02.151 [info] [Review+0] No matching pull request metadata found on GitHub for current branch main
2025-03-16 10:36:07.015 [info] [Review+0] Validate state in progress
2025-03-16 10:36:07.015 [info] [Review+0] Validating state...
2025-03-16 10:36:07.184 [info] [FolderRepositoryManager+0] Found GitHub remote for folder /workspace/project
2025-03-16 10:36:07.185 [info] [FolderRepositoryManager+0] Using in-memory cached assignable users.
2025-03-16 10:36:07.192 [info] [Review+0] No matching pull request metadata found locally for current branch main
2025-03-16 10:36:07.192 [info] [Review+0] No matching pull request metadata found on GitHub for current branch main
2025-03-16 10:36:17.698 [info] [Review+0] Validate state in progress
2025-03-16 10:36:17.698 [info] [Review+0] Validating state...
2025-03-16 10:36:17.870 [info] [FolderRepositoryManager+0] Found GitHub remote for folder /workspace/project
2025-03-16 10:36:17.871 [info] [FolderRepositoryManager+0] Using in-memory cached assignable users.
2025-03-16 10:36:17.878 [info] [Review+0] No matching pull request metadata found locally for current branch main
2025-03-16 10:36:17.878 [info] [Review+0] No matching pull request metadata found on GitHub for current branch main
2025-03-16 10:36:22.754 [info] [Review+0] Validate state in progress
2025-03-16 10:36:22.754 [info] [Review+0] Validating state...
2025-03-16 10:36:22.928 [info] [FolderRepositoryManager+0] Found GitHub remote for folder /workspace/project
2025-03-16 10:36:22.928 [info] [FolderRepositoryManager+0] Using in-memory cached assignable users.
2025-03-16 10:36:22.937 [info] [Review+0] No matching pull request metadata found locally for current branch main
2025-03-16 10:36:22.937 [info] [Review+0] No matching pull request metadata found on GitHub for current branch main
2025-03-16 10:36:35.087 [info] [Review+0] Validate state in progress
2025-03-16 10:36:35.087 [info] [Review+0] Validating state...
2025-03-16 10:36:35.269 [info] [FolderRepositoryManager+0] Found GitHub remote for folder /workspace/project
2025-03-16 10:36:35.269 [info] [FolderRepositoryManager+0] Using in-memory cached assignable users.
2025-03-16 10:36:35.277 [info] [Review+0] No matching pull request metadata found locally for current branch main
2025-03-16 10:36:35.277 [info] [Review+0] No matching pull request metadata found on GitHub for current branch main
2025-03-16 10:36:53.643 [info] [Review+0] Validate state in progress
2025-03-16 10:36:53.643 [info] [Review+0] Validating state...
2025-03-16 10:36:53.812 [info] [FolderRepositoryManager+0] Found GitHub remote for folder /workspace/project
2025-03-16 10:36:53.813 [info] [FolderRepositoryManager+0] Using in-memory cached assignable users.
2025-03-16 10:36:53.819 [info] [Review+0] No matching pull request metadata found locally for current branch main
2025-03-16 10:36:53.819 [info] [Review+0] No matching pull request metadata found on GitHub for current branch main
2025-03-16 10:39:02.010 [info] [Review+0] Validate state in progress
2025-03-16 10:39:02.010 [info] [Review+0] Validating state...
2025-03-16 10:39:02.177 [info] [FolderRepositoryManager+0] Found GitHub remote for folder /workspace/project
2025-03-16 10:39:02.178 [info] [FolderRepositoryManager+0] Using in-memory cached assignable users.
2025-03-16 10:39:02.186 [info] [Review+0] No matching pull request metadata found locally for current branch main
2025-03-16 10:39:02.186 [info] [Review+0] No matching pull request metadata found on GitHub for current branch main
2025-03-16 10:39:07.066 [info] [Review+0] Validate state in progress
2025-03-16 10:39:07.066 [info] [Review+0] Validating state...
2025-03-16 10:39:07.297 [info] [FolderRepositoryManager+0] Found GitHub remote for folder /workspace/project
2025-03-16 10:39:07.298 [info] [FolderRepositoryManager+0] Using in-memory cached assignable users.
2025-03-16 10:39:07.304 [info] [Review+0] No matching pull request metadata found locally for current branch main
2025-03-16 10:39:07.304 [info] [Review+0] No matching pull request metadata found on GitHub for current branch main
2025-03-16 10:39:50.466 [info] [Review+0] Validate state in progress
2025-03-16 10:39:50.466 [info] [Review+0] Validating state...
2025-03-16 10:39:50.635 [info] [FolderRepositoryManager+0] Found GitHub remote for folder /workspace/project
2025-03-16 10:39:50.636 [info] [FolderRepositoryManager+0] Using in-memory cached assignable users.
2025-03-16 10:39:50.645 [info] [Review+0] No matching pull request metadata found locally for current branch main
2025-03-16 10:39:50.645 [info] [Review+0] No matching pull request metadata found on GitHub for current branch main
2025-03-16 10:40:13.800 [info] [Review+0] Validate state in progress
2025-03-16 10:40:13.800 [info] [Review+0] Validating state...
2025-03-16 10:40:13.977 [info] [FolderRepositoryManager+0] Found GitHub remote for folder /workspace/project
2025-03-16 10:40:13.977 [info] [FolderRepositoryManager+0] Using in-memory cached assignable users.
2025-03-16 10:40:13.984 [info] [Review+0] No matching pull request metadata found locally for current branch main
2025-03-16 10:40:13.984 [info] [Review+0] No matching pull request metadata found on GitHub for current branch main
2025-03-16 10:42:13.802 [info] [Review+0] Validate state in progress
2025-03-16 10:42:13.802 [info] [Review+0] Validating state...
2025-03-16 10:42:13.976 [info] [FolderRepositoryManager+0] Found GitHub remote for folder /workspace/project
2025-03-16 10:42:13.977 [info] [FolderRepositoryManager+0] Using in-memory cached assignable users.
2025-03-16 10:42:13.983 [info] [Review+0] No matching pull request metadata found locally for current branch main
2025-03-16 10:42:13.983 [info] [Review+0] No matching pull request metadata found on GitHub for current branch main
2025-03-16 10:42:23.888 [info] [Review+0] Validate state in progress
2025-03-16 10:42:23.888 [info] [Review+0] Validating state...
2025-03-16 10:42:24.073 [info] [FolderRepositoryManager+0] Found GitHub remote for folder /workspace/project
2025-03-16 10:42:24.075 [info] [FolderRepositoryManager+0] Using in-memory cached assignable users.
2025-03-16 10:42:24.083 [info] [Review+0] No matching pull request metadata found locally for current branch main
2025-03-16 10:42:24.083 [info] [Review+0] No matching pull request metadata found on GitHub for current branch main
2025-03-16 10:43:08.275 [info] [Review+0] Validate state in progress
2025-03-16 10:43:08.275 [info] [Review+0] Validating state...
2025-03-16 10:43:08.455 [info] [FolderRepositoryManager+0] Found GitHub remote for folder /workspace/project
2025-03-16 10:43:08.455 [info] [FolderRepositoryManager+0] Using in-memory cached assignable users.
2025-03-16 10:43:08.463 [info] [Review+0] No matching pull request metadata found locally for current branch main
2025-03-16 10:43:08.463 [info] [Review+0] No matching pull request metadata found on GitHub for current branch main
2025-03-16 10:43:20.120 [info] [Review+0] Validate state in progress
2025-03-16 10:43:20.120 [info] [Review+0] Validating state...
2025-03-16 10:43:20.295 [info] [FolderRepositoryManager+0] Found GitHub remote for folder /workspace/project
2025-03-16 10:43:20.295 [info] [FolderRepositoryManager+0] Using in-memory cached assignable users.
2025-03-16 10:43:20.303 [info] [Review+0] No matching pull request metadata found locally for current branch main
2025-03-16 10:43:20.303 [info] [Review+0] No matching pull request metadata found on GitHub for current branch main
2025-03-16 10:45:20.702 [info] [Review+0] Validate state in progress
2025-03-16 10:45:20.702 [info] [Review+0] Validating state...
2025-03-16 10:45:20.870 [info] [FolderRepositoryManager+0] Found GitHub remote for folder /workspace/project
2025-03-16 10:45:20.871 [info] [FolderRepositoryManager+0] Using in-memory cached assignable users.
2025-03-16 10:45:20.878 [info] [Review+0] No matching pull request metadata found locally for current branch main
2025-03-16 10:45:20.878 [info] [Review+0] No matching pull request metadata found on GitHub for current branch main
2025-03-16 10:45:25.753 [info] [Review+0] Validate state in progress
2025-03-16 10:45:25.753 [info] [Review+0] Validating state...
2025-03-16 10:45:25.924 [info] [FolderRepositoryManager+0] Found GitHub remote for folder /workspace/project
2025-03-16 10:45:25.925 [info] [FolderRepositoryManager+0] Using in-memory cached assignable users.
2025-03-16 10:45:25.934 [info] [Review+0] No matching pull request metadata found locally for current branch main
2025-03-16 10:45:25.934 [info] [Review+0] No matching pull request metadata found on GitHub for current branch main
2025-03-16 10:46:11.327 [info] [Review+0] Validate state in progress
2025-03-16 10:46:11.327 [info] [Review+0] Validating state...
2025-03-16 10:46:11.494 [info] [FolderRepositoryManager+0] Found GitHub remote for folder /workspace/project
2025-03-16 10:46:11.495 [info] [FolderRepositoryManager+0] Using in-memory cached assignable users.
2025-03-16 10:46:11.502 [info] [Review+0] No matching pull request metadata found locally for current branch main
2025-03-16 10:46:11.502 [info] [Review+0] No matching pull request metadata found on GitHub for current branch main
2025-03-16 10:46:16.384 [info] [Review+0] Validate state in progress
2025-03-16 10:46:16.384 [info] [Review+0] Validating state...
2025-03-16 10:46:16.554 [info] [FolderRepositoryManager+0] Found GitHub remote for folder /workspace/project
2025-03-16 10:46:16.554 [info] [FolderRepositoryManager+0] Using in-memory cached assignable users.
2025-03-16 10:46:16.561 [info] [Review+0] No matching pull request metadata found locally for current branch main
2025-03-16 10:46:16.562 [info] [Review+0] No matching pull request metadata found on GitHub for current branch main
2025-03-16 10:46:38.302 [info] [Review+0] Validate state in progress
2025-03-16 10:46:38.302 [info] [Review+0] Validating state...
2025-03-16 10:46:38.494 [info] [FolderRepositoryManager+0] Found GitHub remote for folder /workspace/project
2025-03-16 10:46:38.494 [info] [FolderRepositoryManager+0] Using in-memory cached assignable users.
2025-03-16 10:46:38.501 [info] [Review+0] No matching pull request metadata found locally for current branch main
2025-03-16 10:46:38.502 [info] [Review+0] No matching pull request metadata found on GitHub for current branch main
2025-03-16 10:46:48.397 [info] [Review+0] Validate state in progress
2025-03-16 10:46:48.397 [info] [Review+0] Validating state...
2025-03-16 10:46:48.656 [info] [FolderRepositoryManager+0] Found GitHub remote for folder /workspace/project
2025-03-16 10:46:48.657 [info] [FolderRepositoryManager+0] Using in-memory cached assignable users.
2025-03-16 10:46:48.665 [info] [Review+0] No matching pull request metadata found locally for current branch main
2025-03-16 10:46:48.665 [info] [Review+0] No matching pull request metadata found on GitHub for current branch main
2025-03-16 10:47:51.782 [info] [Review+0] Validate state in progress
2025-03-16 10:47:51.782 [info] [Review+0] Validating state...
2025-03-16 10:47:51.994 [info] [FolderRepositoryManager+0] Found GitHub remote for folder /workspace/project
2025-03-16 10:47:51.994 [info] [FolderRepositoryManager+0] Using in-memory cached assignable users.
2025-03-16 10:47:52.003 [info] [Review+0] No matching pull request metadata found locally for current branch main
2025-03-16 10:47:52.003 [info] [Review+0] No matching pull request metadata found on GitHub for current branch main
2025-03-16 10:47:56.833 [info] [Review+0] Validate state in progress
2025-03-16 10:47:56.833 [info] [Review+0] Validating state...
2025-03-16 10:47:57.005 [info] [FolderRepositoryManager+0] Found GitHub remote for folder /workspace/project
2025-03-16 10:47:57.006 [info] [FolderRepositoryManager+0] Using in-memory cached assignable users.
2025-03-16 10:47:57.014 [info] [Review+0] No matching pull request metadata found locally for current branch main
2025-03-16 10:47:57.014 [info] [Review+0] No matching pull request metadata found on GitHub for current branch main
2025-03-16 10:48:38.204 [info] [Review+0] Validate state in progress
2025-03-16 10:48:38.204 [info] [Review+0] Validating state...
2025-03-16 10:48:38.376 [info] [FolderRepositoryManager+0] Found GitHub remote for folder /workspace/project
2025-03-16 10:48:38.377 [info] [FolderRepositoryManager+0] Using in-memory cached assignable users.
2025-03-16 10:48:38.386 [info] [Review+0] No matching pull request metadata found locally for current branch main
2025-03-16 10:48:38.386 [info] [Review+0] No matching pull request metadata found on GitHub for current branch main
2025-03-16 10:48:43.252 [info] [Review+0] Validate state in progress
2025-03-16 10:48:43.253 [info] [Review+0] Validating state...
2025-03-16 10:48:43.419 [info] [FolderRepositoryManager+0] Found GitHub remote for folder /workspace/project
2025-03-16 10:48:43.420 [info] [FolderRepositoryManager+0] Using in-memory cached assignable users.
2025-03-16 10:48:43.427 [info] [Review+0] No matching pull request metadata found locally for current branch main
2025-03-16 10:48:43.427 [info] [Review+0] No matching pull request metadata found on GitHub for current branch main
2025-03-16 10:49:08.429 [info] [Review+0] Validate state in progress
2025-03-16 10:49:08.429 [info] [Review+0] Validating state...
2025-03-16 10:49:08.624 [info] [FolderRepositoryManager+0] Found GitHub remote for folder /workspace/project
2025-03-16 10:49:08.624 [info] [FolderRepositoryManager+0] Using in-memory cached assignable users.
2025-03-16 10:49:08.631 [info] [Review+0] No matching pull request metadata found locally for current branch main
2025-03-16 10:49:08.631 [info] [Review+0] No matching pull request metadata found on GitHub for current branch main
2025-03-16 10:51:11.232 [info] [Review+0] Validate state in progress
2025-03-16 10:51:11.232 [info] [Review+0] Validating state...
2025-03-16 10:51:11.401 [info] [FolderRepositoryManager+0] Found GitHub remote for folder /workspace/project
2025-03-16 10:51:11.402 [info] [FolderRepositoryManager+0] Using in-memory cached assignable users.
2025-03-16 10:51:11.410 [info] [Review+0] No matching pull request metadata found locally for current branch main
2025-03-16 10:51:11.410 [info] [Review+0] No matching pull request metadata found on GitHub for current branch main
2025-03-16 10:51:26.470 [info] [Review+0] Validate state in progress
2025-03-16 10:51:26.470 [info] [Review+0] Validating state...
2025-03-16 10:51:26.637 [info] [FolderRepositoryManager+0] Found GitHub remote for folder /workspace/project
2025-03-16 10:51:26.638 [info] [FolderRepositoryManager+0] Using in-memory cached assignable users.
2025-03-16 10:51:26.646 [info] [Review+0] No matching pull request metadata found locally for current branch main
2025-03-16 10:51:26.646 [info] [Review+0] No matching pull request metadata found on GitHub for current branch main
2025-03-16 10:52:05.077 [info] [Review+0] Validate state in progress
2025-03-16 10:52:05.077 [info] [Review+0] Validating state...
2025-03-16 10:52:05.247 [info] [FolderRepositoryManager+0] Found GitHub remote for folder /workspace/project
2025-03-16 10:52:05.248 [info] [FolderRepositoryManager+0] Using in-memory cached assignable users.
2025-03-16 10:52:05.257 [info] [Review+0] No matching pull request metadata found locally for current branch main
2025-03-16 10:52:05.257 [info] [Review+0] No matching pull request metadata found on GitHub for current branch main
2025-03-16 10:52:53.367 [info] [Review+0] Validate state in progress
2025-03-16 10:52:53.367 [info] [Review+0] Validating state...
2025-03-16 10:52:53.540 [info] [FolderRepositoryManager+0] Found GitHub remote for folder /workspace/project
2025-03-16 10:52:53.541 [info] [FolderRepositoryManager+0] Using in-memory cached assignable users.
2025-03-16 10:52:53.550 [info] [Review+0] No matching pull request metadata found locally for current branch main
2025-03-16 10:52:53.550 [info] [Review+0] No matching pull request metadata found on GitHub for current branch main
2025-03-16 10:53:37.562 [info] [Review+0] Validate state in progress
2025-03-16 10:53:37.562 [info] [Review+0] Validating state...
2025-03-16 10:53:37.732 [info] [FolderRepositoryManager+0] Found GitHub remote for folder /workspace/project
2025-03-16 10:53:37.733 [info] [FolderRepositoryManager+0] Using in-memory cached assignable users.
2025-03-16 10:53:37.740 [info] [Review+0] No matching pull request metadata found locally for current branch main
2025-03-16 10:53:37.740 [info] [Review+0] No matching pull request metadata found on GitHub for current branch main
2025-03-16 10:54:03.670 [info] [Review+0] Validate state in progress
2025-03-16 10:54:03.670 [info] [Review+0] Validating state...
2025-03-16 10:54:03.837 [info] [FolderRepositoryManager+0] Found GitHub remote for folder /workspace/project
2025-03-16 10:54:03.837 [info] [FolderRepositoryManager+0] Using in-memory cached assignable users.
2025-03-16 10:54:03.844 [info] [Review+0] No matching pull request metadata found locally for current branch main
2025-03-16 10:54:03.845 [info] [Review+0] No matching pull request metadata found on GitHub for current branch main
2025-03-16 10:54:15.069 [info] [Review+0] Validate state in progress
2025-03-16 10:54:15.069 [info] [Review+0] Validating state...
2025-03-16 10:54:15.242 [info] [FolderRepositoryManager+0] Found GitHub remote for folder /workspace/project
2025-03-16 10:54:15.242 [info] [FolderRepositoryManager+0] Using in-memory cached assignable users.
2025-03-16 10:54:15.249 [info] [Review+0] No matching pull request metadata found locally for current branch main
2025-03-16 10:54:15.249 [info] [Review+0] No matching pull request metadata found on GitHub for current branch main
2025-03-16 10:54:59.543 [info] [Review+0] Validate state in progress
2025-03-16 10:54:59.543 [info] [Review+0] Validating state...
2025-03-16 10:54:59.715 [info] [FolderRepositoryManager+0] Found GitHub remote for folder /workspace/project
2025-03-16 10:54:59.715 [info] [FolderRepositoryManager+0] Using in-memory cached assignable users.
2025-03-16 10:54:59.724 [info] [Review+0] No matching pull request metadata found locally for current branch main
2025-03-16 10:54:59.724 [info] [Review+0] No matching pull request metadata found on GitHub for current branch main
2025-03-16 10:55:04.588 [info] [Review+0] Validate state in progress
2025-03-16 10:55:04.588 [info] [Review+0] Validating state...
2025-03-16 10:55:04.766 [info] [FolderRepositoryManager+0] Found GitHub remote for folder /workspace/project
2025-03-16 10:55:04.767 [info] [FolderRepositoryManager+0] Using in-memory cached assignable users.
2025-03-16 10:55:04.774 [info] [Review+0] No matching pull request metadata found locally for current branch main
2025-03-16 10:55:04.774 [info] [Review+0] No matching pull request metadata found on GitHub for current branch main
2025-03-16 10:55:42.438 [info] [Review+0] Validate state in progress
2025-03-16 10:55:42.438 [info] [Review+0] Validating state...
2025-03-16 10:55:42.607 [info] [FolderRepositoryManager+0] Found GitHub remote for folder /workspace/project
2025-03-16 10:55:42.608 [info] [FolderRepositoryManager+0] Using in-memory cached assignable users.
2025-03-16 10:55:42.616 [info] [Review+0] No matching pull request metadata found locally for current branch main
2025-03-16 10:55:42.616 [info] [Review+0] No matching pull request metadata found on GitHub for current branch main
2025-03-16 11:11:12.709 [info] [Review+0] Validate state in progress
2025-03-16 11:11:12.710 [info] [Review+0] Validating state...
2025-03-16 11:11:12.878 [info] [FolderRepositoryManager+0] Found GitHub remote for folder /workspace/project
2025-03-16 11:11:12.879 [info] [FolderRepositoryManager+0] Using in-memory cached assignable users.
2025-03-16 11:11:12.889 [info] [Review+0] No matching pull request metadata found locally for current branch main
2025-03-16 11:11:12.889 [info] [Review+0] No matching pull request metadata found on GitHub for current branch main
2025-03-16 11:13:15.080 [info] [Review+0] Validate state in progress
2025-03-16 11:13:15.080 [info] [Review+0] Validating state...
2025-03-16 11:13:15.252 [info] [FolderRepositoryManager+0] Found GitHub remote for folder /workspace/project
2025-03-16 11:13:15.253 [info] [FolderRepositoryManager+0] Using in-memory cached assignable users.
2025-03-16 11:13:15.263 [info] [Review+0] No matching pull request metadata found locally for current branch main
2025-03-16 11:13:15.263 [info] [Review+0] No matching pull request metadata found on GitHub for current branch main
2025-03-16 11:14:16.358 [info] [Review+0] Validate state in progress
2025-03-16 11:14:16.358 [info] [Review+0] Validating state...
2025-03-16 11:14:16.540 [info] [FolderRepositoryManager+0] Found GitHub remote for folder /workspace/project
2025-03-16 11:14:16.540 [info] [FolderRepositoryManager+0] Using in-memory cached assignable users.
2025-03-16 11:14:16.556 [info] [Review+0] No matching pull request metadata found locally for current branch main
2025-03-16 11:14:16.556 [info] [Review+0] No matching pull request metadata found on GitHub for current branch main
2025-03-16 11:14:47.222 [info] [Review+0] Validate state in progress
2025-03-16 11:14:47.222 [info] [Review+0] Validating state...
2025-03-16 11:14:47.392 [info] [FolderRepositoryManager+0] Found GitHub remote for folder /workspace/project
2025-03-16 11:14:47.392 [info] [FolderRepositoryManager+0] Using in-memory cached assignable users.
2025-03-16 11:14:47.401 [info] [Review+0] No matching pull request metadata found locally for current branch main
2025-03-16 11:14:47.401 [info] [Review+0] No matching pull request metadata found on GitHub for current branch main
2025-03-16 11:15:25.557 [info] [Review+0] Validate state in progress
2025-03-16 11:15:25.557 [info] [Review+0] Validating state...
2025-03-16 11:15:25.852 [info] [FolderRepositoryManager+0] Found GitHub remote for folder /workspace/project
2025-03-16 11:15:25.852 [info] [FolderRepositoryManager+0] Using in-memory cached assignable users.
2025-03-16 11:15:25.862 [info] [Review+0] No matching pull request metadata found locally for current branch main
2025-03-16 11:15:25.862 [info] [Review+0] No matching pull request metadata found on GitHub for current branch main
2025-03-16 11:15:43.826 [info] [Review+0] Validate state in progress
2025-03-16 11:15:43.826 [info] [Review+0] Validating state...
2025-03-16 11:15:43.998 [info] [FolderRepositoryManager+0] Found GitHub remote for folder /workspace/project
2025-03-16 11:15:43.998 [info] [FolderRepositoryManager+0] Using in-memory cached assignable users.
2025-03-16 11:15:44.007 [info] [Review+0] No matching pull request metadata found locally for current branch main
2025-03-16 11:15:44.007 [info] [Review+0] No matching pull request metadata found on GitHub for current branch main
2025-03-16 11:15:48.886 [info] [Review+0] Validate state in progress
2025-03-16 11:15:48.886 [info] [Review+0] Validating state...
2025-03-16 11:15:49.055 [info] [FolderRepositoryManager+0] Found GitHub remote for folder /workspace/project
2025-03-16 11:15:49.056 [info] [FolderRepositoryManager+0] Using in-memory cached assignable users.
2025-03-16 11:15:49.064 [info] [Review+0] No matching pull request metadata found locally for current branch main
2025-03-16 11:15:49.064 [info] [Review+0] No matching pull request metadata found on GitHub for current branch main
2025-03-16 11:19:15.226 [info] [Review+0] Validate state in progress
2025-03-16 11:19:15.226 [info] [Review+0] Validating state...
2025-03-16 11:19:15.393 [info] [FolderRepositoryManager+0] Found GitHub remote for folder /workspace/project
2025-03-16 11:19:15.393 [info] [FolderRepositoryManager+0] Using in-memory cached assignable users.
2025-03-16 11:19:15.402 [info] [Review+0] No matching pull request metadata found locally for current branch main
2025-03-16 11:19:15.402 [info] [Review+0] No matching pull request metadata found on GitHub for current branch main
2025-03-16 11:19:25.473 [info] [Review+0] Validate state in progress
2025-03-16 11:19:25.473 [info] [Review+0] Validating state...
2025-03-16 11:19:25.644 [info] [FolderRepositoryManager+0] Found GitHub remote for folder /workspace/project
2025-03-16 11:19:25.645 [info] [FolderRepositoryManager+0] Using in-memory cached assignable users.
2025-03-16 11:19:25.652 [info] [Review+0] No matching pull request metadata found locally for current branch main
2025-03-16 11:19:25.652 [info] [Review+0] No matching pull request metadata found on GitHub for current branch main
2025-03-16 11:19:35.569 [info] [Review+0] Validate state in progress
2025-03-16 11:19:35.569 [info] [Review+0] Validating state...
2025-03-16 11:19:35.736 [info] [FolderRepositoryManager+0] Found GitHub remote for folder /workspace/project
2025-03-16 11:19:35.737 [info] [FolderRepositoryManager+0] Using in-memory cached assignable users.
2025-03-16 11:19:35.744 [info] [Review+0] No matching pull request metadata found locally for current branch main
2025-03-16 11:19:35.745 [info] [Review+0] No matching pull request metadata found on GitHub for current branch main
2025-03-16 11:19:42.355 [info] [Review+0] Validate state in progress
2025-03-16 11:19:42.355 [info] [Review+0] Validating state...
2025-03-16 11:19:42.524 [info] [FolderRepositoryManager+0] Found GitHub remote for folder /workspace/project
2025-03-16 11:19:42.525 [info] [FolderRepositoryManager+0] Using in-memory cached assignable users.
2025-03-16 11:19:42.531 [info] [Review+0] No matching pull request metadata found locally for current branch main
2025-03-16 11:19:42.531 [info] [Review+0] No matching pull request metadata found on GitHub for current branch main
2025-03-16 11:20:14.022 [info] [Review+0] Validate state in progress
2025-03-16 11:20:14.022 [info] [Review+0] Validating state...
2025-03-16 11:20:14.206 [info] [FolderRepositoryManager+0] Found GitHub remote for folder /workspace/project
2025-03-16 11:20:14.206 [info] [FolderRepositoryManager+0] Using in-memory cached assignable users.
2025-03-16 11:20:14.212 [info] [Review+0] No matching pull request metadata found locally for current branch main
2025-03-16 11:20:14.212 [info] [Review+0] No matching pull request metadata found on GitHub for current branch main
2025-03-16 11:20:19.064 [info] [Review+0] Validate state in progress
2025-03-16 11:20:19.064 [info] [Review+0] Validating state...
2025-03-16 11:20:19.230 [info] [FolderRepositoryManager+0] Found GitHub remote for folder /workspace/project
2025-03-16 11:20:19.230 [info] [FolderRepositoryManager+0] Using in-memory cached assignable users.
2025-03-16 11:20:19.237 [info] [Review+0] No matching pull request metadata found locally for current branch main
2025-03-16 11:20:19.237 [info] [Review+0] No matching pull request metadata found on GitHub for current branch main
2025-03-16 11:21:45.982 [info] [Review+0] Validate state in progress
2025-03-16 11:21:45.982 [info] [Review+0] Validating state...
2025-03-16 11:21:46.155 [info] [FolderRepositoryManager+0] Found GitHub remote for folder /workspace/project
2025-03-16 11:21:46.155 [info] [FolderRepositoryManager+0] Using in-memory cached assignable users.
2025-03-16 11:21:46.163 [info] [Review+0] No matching pull request metadata found locally for current branch main
2025-03-16 11:21:46.163 [info] [Review+0] No matching pull request metadata found on GitHub for current branch main
2025-03-16 11:22:41.002 [info] [Review+0] Validate state in progress
2025-03-16 11:22:41.002 [info] [Review+0] Validating state...
2025-03-16 11:22:41.170 [info] [FolderRepositoryManager+0] Found GitHub remote for folder /workspace/project
2025-03-16 11:22:41.171 [info] [FolderRepositoryManager+0] Using in-memory cached assignable users.
2025-03-16 11:22:41.179 [info] [Review+0] No matching pull request metadata found locally for current branch main
2025-03-16 11:22:41.179 [info] [Review+0] No matching pull request metadata found on GitHub for current branch main
2025-03-16 11:27:13.783 [info] [Review+0] Validate state in progress
2025-03-16 11:27:13.783 [info] [Review+0] Validating state...
2025-03-16 11:27:13.967 [info] [FolderRepositoryManager+0] Found GitHub remote for folder /workspace/project
2025-03-16 11:27:13.967 [info] [FolderRepositoryManager+0] Using in-memory cached assignable users.
2025-03-16 11:27:13.973 [info] [Review+0] No matching pull request metadata found locally for current branch main
2025-03-16 11:27:13.973 [info] [Review+0] No matching pull request metadata found on GitHub for current branch main
2025-03-16 11:27:33.976 [info] [Review+0] Validate state in progress
2025-03-16 11:27:33.976 [info] [Review+0] Validating state...
2025-03-16 11:27:34.142 [info] [FolderRepositoryManager+0] Found GitHub remote for folder /workspace/project
2025-03-16 11:27:34.143 [info] [FolderRepositoryManager+0] Using in-memory cached assignable users.
2025-03-16 11:27:34.152 [info] [Review+0] No matching pull request metadata found locally for current branch main
2025-03-16 11:27:34.152 [info] [Review+0] No matching pull request metadata found on GitHub for current branch main
2025-03-16 11:27:39.023 [info] [Review+0] Validate state in progress
2025-03-16 11:27:39.023 [info] [Review+0] Validating state...
2025-03-16 11:27:39.221 [info] [FolderRepositoryManager+0] Found GitHub remote for folder /workspace/project
2025-03-16 11:27:39.222 [info] [FolderRepositoryManager+0] Using in-memory cached assignable users.
2025-03-16 11:27:39.228 [info] [Review+0] No matching pull request metadata found locally for current branch main
2025-03-16 11:27:39.228 [info] [Review+0] No matching pull request metadata found on GitHub for current branch main
2025-03-16 11:29:00.089 [info] [Review+0] Validate state in progress
2025-03-16 11:29:00.089 [info] [Review+0] Validating state...
2025-03-16 11:29:00.255 [info] [FolderRepositoryManager+0] Found GitHub remote for folder /workspace/project
2025-03-16 11:29:00.256 [info] [FolderRepositoryManager+0] Using in-memory cached assignable users.
2025-03-16 11:29:00.265 [info] [Review+0] No matching pull request metadata found locally for current branch main
2025-03-16 11:29:00.265 [info] [Review+0] No matching pull request metadata found on GitHub for current branch main
2025-03-16 11:29:46.774 [info] [Review+0] Validate state in progress
2025-03-16 11:29:46.774 [info] [Review+0] Validating state...
2025-03-16 11:29:46.994 [info] [FolderRepositoryManager+0] Found GitHub remote for folder /workspace/project
2025-03-16 11:29:46.994 [info] [FolderRepositoryManager+0] Using in-memory cached assignable users.
2025-03-16 11:29:47.002 [info] [Review+0] No matching pull request metadata found locally for current branch main
2025-03-16 11:29:47.002 [info] [Review+0] No matching pull request metadata found on GitHub for current branch main
2025-03-16 11:32:47.679 [info] [Review+0] Validate state in progress
2025-03-16 11:32:47.679 [info] [Review+0] Validating state...
2025-03-16 11:32:47.852 [info] [FolderRepositoryManager+0] Found GitHub remote for folder /workspace/project
2025-03-16 11:32:47.852 [info] [FolderRepositoryManager+0] Using in-memory cached assignable users.
2025-03-16 11:32:47.860 [info] [Review+0] No matching pull request metadata found locally for current branch main
2025-03-16 11:32:47.860 [info] [Review+0] No matching pull request metadata found on GitHub for current branch main
