2025-03-03 12:23:01.414 [warning] /home/gitpod/.ssh/config: ENOENT: no such file or directory, open '/home/gitpod/.ssh/config'
2025-03-03 12:23:01.414 [info] Activation> Extension version: 0.104.1
2025-03-03 12:23:03.430 [info] Looking for git repository
2025-03-03 12:23:03.430 [info] Found 0 repositories during activation
2025-03-03 12:23:03.430 [info] Git repository found, initializing review manager and pr tree view.
2025-03-03 12:23:03.440 [info] Registering git provider
2025-03-03 12:23:03.440 [info] Review+0> Validate state in progress
2025-03-03 12:23:03.440 [info] Review+0> Validating state...
2025-03-03 12:23:03.614 [info] Found GitHub remote for folder /workspace/project
2025-03-03 12:23:03.616 [info] FolderRepositoryManager+0> Trying to use globalState for assignableUsers.
2025-03-03 12:23:03.627 [info] Review+0> No matching pull request metadata found locally for current branch main
2025-03-03 12:23:03.627 [info] Review+0> No matching pull request metadata found on GitHub for current branch main
2025-03-03 12:23:03.796 [info] FolderRepositoryManager+0> GlobalState does not exist for assignableUsers.
2025-03-03 12:23:12.674 [info] Repo state for file:///workspace/project changed.
2025-03-03 12:23:12.674 [info] Repo file:///workspace/project has already been setup.
2025-03-03 12:23:48.500 [info] Review+0> Validate state in progress
2025-03-03 12:23:48.500 [info] Review+0> Validating state...
2025-03-03 12:23:48.692 [info] Found GitHub remote for folder /workspace/project
2025-03-03 12:23:48.693 [info] Using in-memory cached assignable users.
2025-03-03 12:23:48.699 [info] Review+0> No matching pull request metadata found locally for current branch main
2025-03-03 12:23:48.699 [info] Review+0> No matching pull request metadata found on GitHub for current branch main
2025-03-03 12:23:53.540 [info] Review+0> Validate state in progress
2025-03-03 12:23:53.540 [info] Review+0> Validating state...
2025-03-03 12:23:53.800 [info] Found GitHub remote for folder /workspace/project
2025-03-03 12:23:53.800 [info] Using in-memory cached assignable users.
2025-03-03 12:23:53.807 [info] Review+0> No matching pull request metadata found locally for current branch main
2025-03-03 12:23:53.807 [info] Review+0> No matching pull request metadata found on GitHub for current branch main
2025-03-03 12:25:55.441 [info] Review+0> Validate state in progress
2025-03-03 12:25:55.441 [info] Review+0> Validating state...
2025-03-03 12:25:55.684 [info] Found GitHub remote for folder /workspace/project
2025-03-03 12:25:55.685 [info] Using in-memory cached assignable users.
2025-03-03 12:25:55.695 [info] Review+0> No matching pull request metadata found locally for current branch main
2025-03-03 12:25:55.695 [info] Review+0> No matching pull request metadata found on GitHub for current branch main
2025-03-03 13:01:36.957 [info] Review+0> Validate state in progress
2025-03-03 13:01:36.957 [info] Review+0> Validating state...
2025-03-03 13:01:37.127 [info] Found GitHub remote for folder /workspace/project
2025-03-03 13:01:37.128 [info] Using in-memory cached assignable users.
2025-03-03 13:01:37.136 [info] Review+0> No matching pull request metadata found locally for current branch main
2025-03-03 13:01:37.137 [info] Review+0> No matching pull request metadata found on GitHub for current branch main
2025-03-03 13:01:41.999 [info] Review+0> Validate state in progress
2025-03-03 13:01:41.999 [info] Review+0> Validating state...
2025-03-03 13:01:42.166 [info] Found GitHub remote for folder /workspace/project
2025-03-03 13:01:42.166 [info] Using in-memory cached assignable users.
2025-03-03 13:01:42.173 [info] Review+0> No matching pull request metadata found locally for current branch main
2025-03-03 13:01:42.173 [info] Review+0> No matching pull request metadata found on GitHub for current branch main
2025-03-03 13:01:47.044 [info] Review+0> Validate state in progress
2025-03-03 13:01:47.044 [info] Review+0> Validating state...
2025-03-03 13:01:47.215 [info] Found GitHub remote for folder /workspace/project
2025-03-03 13:01:47.216 [info] Using in-memory cached assignable users.
2025-03-03 13:01:47.222 [info] Review+0> No matching pull request metadata found locally for current branch main
2025-03-03 13:01:47.222 [info] Review+0> No matching pull request metadata found on GitHub for current branch main
2025-03-03 13:02:06.674 [info] Review+0> Validate state in progress
2025-03-03 13:02:06.674 [info] Review+0> Validating state...
2025-03-03 13:02:06.839 [info] Found GitHub remote for folder /workspace/project
2025-03-03 13:02:06.840 [info] Using in-memory cached assignable users.
2025-03-03 13:02:06.847 [info] Review+0> No matching pull request metadata found locally for current branch main
2025-03-03 13:02:06.847 [info] Review+0> No matching pull request metadata found on GitHub for current branch main
2025-03-03 13:03:59.062 [info] Review+0> Validate state in progress
2025-03-03 13:03:59.062 [info] Review+0> Validating state...
2025-03-03 13:03:59.233 [info] Found GitHub remote for folder /workspace/project
2025-03-03 13:03:59.234 [info] Using in-memory cached assignable users.
2025-03-03 13:03:59.241 [info] Review+0> No matching pull request metadata found locally for current branch main
2025-03-03 13:03:59.241 [info] Review+0> No matching pull request metadata found on GitHub for current branch main
2025-03-03 13:05:56.459 [info] Review+0> Validate state in progress
2025-03-03 13:05:56.459 [info] Review+0> Validating state...
2025-03-03 13:05:56.629 [info] Found GitHub remote for folder /workspace/project
2025-03-03 13:05:56.630 [info] Using in-memory cached assignable users.
2025-03-03 13:05:56.636 [info] Review+0> No matching pull request metadata found locally for current branch main
2025-03-03 13:05:56.637 [info] Review+0> No matching pull request metadata found on GitHub for current branch main
2025-03-03 13:06:01.495 [info] Review+0> Validate state in progress
2025-03-03 13:06:01.495 [info] Review+0> Validating state...
2025-03-03 13:06:01.660 [info] Found GitHub remote for folder /workspace/project
2025-03-03 13:06:01.660 [info] Using in-memory cached assignable users.
2025-03-03 13:06:01.666 [info] Review+0> No matching pull request metadata found locally for current branch main
2025-03-03 13:06:01.666 [info] Review+0> No matching pull request metadata found on GitHub for current branch main
2025-03-03 13:06:14.360 [info] Review+0> Validate state in progress
2025-03-03 13:06:14.360 [info] Review+0> Validating state...
2025-03-03 13:06:14.525 [info] Found GitHub remote for folder /workspace/project
2025-03-03 13:06:14.525 [info] Using in-memory cached assignable users.
2025-03-03 13:06:14.533 [info] Review+0> No matching pull request metadata found locally for current branch main
2025-03-03 13:06:14.534 [info] Review+0> No matching pull request metadata found on GitHub for current branch main
2025-03-03 13:06:19.399 [info] Review+0> Validate state in progress
2025-03-03 13:06:19.399 [info] Review+0> Validating state...
2025-03-03 13:06:19.563 [info] Found GitHub remote for folder /workspace/project
2025-03-03 13:06:19.564 [info] Using in-memory cached assignable users.
2025-03-03 13:06:19.570 [info] Review+0> No matching pull request metadata found locally for current branch main
2025-03-03 13:06:19.570 [info] Review+0> No matching pull request metadata found on GitHub for current branch main
2025-03-03 13:22:12.901 [info] Review+0> Validate state in progress
2025-03-03 13:22:12.901 [info] Review+0> Validating state...
2025-03-03 13:22:13.136 [info] Found GitHub remote for folder /workspace/project
2025-03-03 13:22:13.137 [info] Using in-memory cached assignable users.
2025-03-03 13:22:13.143 [info] Review+0> No matching pull request metadata found locally for current branch main
2025-03-03 13:22:13.143 [info] Review+0> No matching pull request metadata found on GitHub for current branch main
2025-03-03 13:29:37.422 [info] Review+0> Validate state in progress
2025-03-03 13:29:37.422 [info] Review+0> Validating state...
2025-03-03 13:29:37.594 [info] Found GitHub remote for folder /workspace/project
2025-03-03 13:29:37.594 [info] Using in-memory cached assignable users.
2025-03-03 13:29:37.600 [info] Review+0> No matching pull request metadata found locally for current branch main
2025-03-03 13:29:37.600 [info] Review+0> No matching pull request metadata found on GitHub for current branch main
2025-03-03 13:30:07.314 [info] Review+0> Validate state in progress
2025-03-03 13:30:07.314 [info] Review+0> Validating state...
2025-03-03 13:30:07.482 [info] Found GitHub remote for folder /workspace/project
2025-03-03 13:30:07.482 [info] Using in-memory cached assignable users.
2025-03-03 13:30:07.489 [info] Review+0> No matching pull request metadata found locally for current branch main
2025-03-03 13:30:07.489 [info] Review+0> No matching pull request metadata found on GitHub for current branch main
2025-03-03 13:30:32.833 [info] Review+0> Validate state in progress
2025-03-03 13:30:32.833 [info] Review+0> Validating state...
2025-03-03 13:30:33.003 [info] Found GitHub remote for folder /workspace/project
2025-03-03 13:30:33.003 [info] Using in-memory cached assignable users.
2025-03-03 13:30:33.010 [info] Review+0> No matching pull request metadata found locally for current branch main
2025-03-03 13:30:33.010 [info] Review+0> No matching pull request metadata found on GitHub for current branch main
2025-03-03 13:30:37.875 [info] Review+0> Validate state in progress
2025-03-03 13:30:37.875 [info] Review+0> Validating state...
2025-03-03 13:30:38.118 [info] Found GitHub remote for folder /workspace/project
2025-03-03 13:30:38.118 [info] Using in-memory cached assignable users.
2025-03-03 13:30:38.126 [info] Review+0> No matching pull request metadata found locally for current branch main
2025-03-03 13:30:38.126 [info] Review+0> No matching pull request metadata found on GitHub for current branch main
2025-03-03 13:31:05.171 [info] Review+0> Validate state in progress
2025-03-03 13:31:05.171 [info] Review+0> Validating state...
2025-03-03 13:31:05.341 [info] Found GitHub remote for folder /workspace/project
2025-03-03 13:31:05.342 [info] Using in-memory cached assignable users.
2025-03-03 13:31:05.351 [info] Review+0> No matching pull request metadata found locally for current branch main
2025-03-03 13:31:05.351 [info] Review+0> No matching pull request metadata found on GitHub for current branch main
2025-03-03 13:32:51.788 [info] Review+0> Validate state in progress
2025-03-03 13:32:51.788 [info] Review+0> Validating state...
2025-03-03 13:32:51.989 [info] Found GitHub remote for folder /workspace/project
2025-03-03 13:32:51.989 [info] Using in-memory cached assignable users.
2025-03-03 13:32:51.996 [info] Review+0> No matching pull request metadata found locally for current branch main
2025-03-03 13:32:51.996 [info] Review+0> No matching pull request metadata found on GitHub for current branch main
2025-03-03 13:33:53.437 [info] Review+0> Validate state in progress
2025-03-03 13:33:53.437 [info] Review+0> Validating state...
2025-03-03 13:33:53.644 [info] Found GitHub remote for folder /workspace/project
2025-03-03 13:33:53.644 [info] Using in-memory cached assignable users.
2025-03-03 13:33:53.653 [info] Review+0> No matching pull request metadata found locally for current branch main
2025-03-03 13:33:53.653 [info] Review+0> No matching pull request metadata found on GitHub for current branch main
2025-03-03 13:34:15.512 [info] Review+0> Validate state in progress
2025-03-03 13:34:15.512 [info] Review+0> Validating state...
2025-03-03 13:34:15.711 [info] Found GitHub remote for folder /workspace/project
2025-03-03 13:34:15.711 [info] Using in-memory cached assignable users.
2025-03-03 13:34:15.720 [info] Review+0> No matching pull request metadata found locally for current branch main
2025-03-03 13:34:15.720 [info] Review+0> No matching pull request metadata found on GitHub for current branch main
2025-03-03 13:34:50.735 [info] Review+0> Validate state in progress
2025-03-03 13:34:50.735 [info] Review+0> Validating state...
2025-03-03 13:34:50.921 [info] Found GitHub remote for folder /workspace/project
2025-03-03 13:34:50.921 [info] Using in-memory cached assignable users.
2025-03-03 13:34:50.928 [info] Review+0> No matching pull request metadata found locally for current branch main
2025-03-03 13:34:50.928 [info] Review+0> No matching pull request metadata found on GitHub for current branch main
2025-03-03 13:35:56.812 [info] Review+0> Validate state in progress
2025-03-03 13:35:56.812 [info] Review+0> Validating state...
2025-03-03 13:35:57.107 [info] Found GitHub remote for folder /workspace/project
2025-03-03 13:35:57.108 [info] Using in-memory cached assignable users.
2025-03-03 13:35:57.115 [info] Review+0> No matching pull request metadata found locally for current branch main
2025-03-03 13:35:57.115 [info] Review+0> No matching pull request metadata found on GitHub for current branch main
2025-03-03 13:38:53.586 [info] Review+0> Validate state in progress
2025-03-03 13:38:53.586 [info] Review+0> Validating state...
2025-03-03 13:38:53.844 [info] Found GitHub remote for folder /workspace/project
2025-03-03 13:38:53.845 [info] Using in-memory cached assignable users.
2025-03-03 13:38:53.852 [info] Review+0> No matching pull request metadata found locally for current branch main
2025-03-03 13:38:53.852 [info] Review+0> No matching pull request metadata found on GitHub for current branch main
2025-03-03 13:39:31.477 [info] Review+0> Validate state in progress
2025-03-03 13:39:31.477 [info] Review+0> Validating state...
2025-03-03 13:39:31.650 [info] Found GitHub remote for folder /workspace/project
2025-03-03 13:39:31.651 [info] Using in-memory cached assignable users.
2025-03-03 13:39:31.658 [info] Review+0> No matching pull request metadata found locally for current branch main
2025-03-03 13:39:31.658 [info] Review+0> No matching pull request metadata found on GitHub for current branch main
2025-03-03 13:39:36.517 [info] Review+0> Validate state in progress
2025-03-03 13:39:36.517 [info] Review+0> Validating state...
2025-03-03 13:39:36.730 [info] Found GitHub remote for folder /workspace/project
2025-03-03 13:39:36.730 [info] Using in-memory cached assignable users.
2025-03-03 13:39:36.738 [info] Review+0> No matching pull request metadata found locally for current branch main
2025-03-03 13:39:36.738 [info] Review+0> No matching pull request metadata found on GitHub for current branch main
2025-03-03 13:39:41.562 [info] Review+0> Validate state in progress
2025-03-03 13:39:41.562 [info] Review+0> Validating state...
2025-03-03 13:39:41.880 [info] Found GitHub remote for folder /workspace/project
2025-03-03 13:39:41.880 [info] Using in-memory cached assignable users.
2025-03-03 13:39:41.888 [info] Review+0> No matching pull request metadata found locally for current branch main
2025-03-03 13:39:41.888 [info] Review+0> No matching pull request metadata found on GitHub for current branch main
2025-03-03 13:40:06.657 [info] Review+0> Validate state in progress
2025-03-03 13:40:06.657 [info] Review+0> Validating state...
2025-03-03 13:40:06.855 [info] Found GitHub remote for folder /workspace/project
2025-03-03 13:40:06.855 [info] Using in-memory cached assignable users.
2025-03-03 13:40:06.862 [info] Review+0> No matching pull request metadata found locally for current branch main
2025-03-03 13:40:06.862 [info] Review+0> No matching pull request metadata found on GitHub for current branch main
2025-03-03 13:40:22.663 [info] Review+0> Validate state in progress
2025-03-03 13:40:22.663 [info] Review+0> Validating state...
2025-03-03 13:40:22.850 [info] Found GitHub remote for folder /workspace/project
2025-03-03 13:40:22.851 [info] Using in-memory cached assignable users.
2025-03-03 13:40:22.858 [info] Review+0> No matching pull request metadata found locally for current branch main
2025-03-03 13:40:22.858 [info] Review+0> No matching pull request metadata found on GitHub for current branch main
2025-03-03 13:40:40.390 [info] Review+0> Validate state in progress
2025-03-03 13:40:40.390 [info] Review+0> Validating state...
2025-03-03 13:40:40.585 [info] Found GitHub remote for folder /workspace/project
2025-03-03 13:40:40.585 [info] Using in-memory cached assignable users.
2025-03-03 13:40:40.591 [info] Review+0> No matching pull request metadata found locally for current branch main
2025-03-03 13:40:40.591 [info] Review+0> No matching pull request metadata found on GitHub for current branch main
2025-03-03 13:40:45.439 [info] Review+0> Validate state in progress
2025-03-03 13:40:45.439 [info] Review+0> Validating state...
2025-03-03 13:40:45.624 [info] Found GitHub remote for folder /workspace/project
2025-03-03 13:40:45.624 [info] Using in-memory cached assignable users.
2025-03-03 13:40:45.631 [info] Review+0> No matching pull request metadata found locally for current branch main
2025-03-03 13:40:45.631 [info] Review+0> No matching pull request metadata found on GitHub for current branch main
2025-03-03 13:44:05.320 [info] Review+0> Validate state in progress
2025-03-03 13:44:05.321 [info] Review+0> Validating state...
2025-03-03 13:44:05.491 [info] Found GitHub remote for folder /workspace/project
2025-03-03 13:44:05.492 [info] Using in-memory cached assignable users.
2025-03-03 13:44:05.499 [info] Review+0> No matching pull request metadata found locally for current branch main
2025-03-03 13:44:05.499 [info] Review+0> No matching pull request metadata found on GitHub for current branch main
2025-03-03 13:44:21.709 [info] Review+0> Validate state in progress
2025-03-03 13:44:21.709 [info] Review+0> Validating state...
2025-03-03 13:44:21.908 [info] Found GitHub remote for folder /workspace/project
2025-03-03 13:44:21.909 [info] Using in-memory cached assignable users.
2025-03-03 13:44:21.917 [info] Review+0> No matching pull request metadata found locally for current branch main
2025-03-03 13:44:21.917 [info] Review+0> No matching pull request metadata found on GitHub for current branch main
2025-03-03 13:44:44.880 [info] Review+0> Validate state in progress
2025-03-03 13:44:44.880 [info] Review+0> Validating state...
2025-03-03 13:44:45.202 [info] Found GitHub remote for folder /workspace/project
2025-03-03 13:44:45.202 [info] Using in-memory cached assignable users.
2025-03-03 13:44:45.208 [info] Review+0> No matching pull request metadata found locally for current branch main
2025-03-03 13:44:45.209 [info] Review+0> No matching pull request metadata found on GitHub for current branch main
2025-03-03 13:44:54.967 [info] Review+0> Validate state in progress
2025-03-03 13:44:54.967 [info] Review+0> Validating state...
2025-03-03 13:44:55.139 [info] Found GitHub remote for folder /workspace/project
2025-03-03 13:44:55.140 [info] Using in-memory cached assignable users.
2025-03-03 13:44:55.147 [info] Review+0> No matching pull request metadata found locally for current branch main
2025-03-03 13:44:55.148 [info] Review+0> No matching pull request metadata found on GitHub for current branch main
2025-03-03 13:45:02.564 [info] Review+0> Validate state in progress
2025-03-03 13:45:02.564 [info] Review+0> Validating state...
2025-03-03 13:45:02.767 [info] Found GitHub remote for folder /workspace/project
2025-03-03 13:45:02.767 [info] Using in-memory cached assignable users.
2025-03-03 13:45:02.774 [info] Review+0> No matching pull request metadata found locally for current branch main
2025-03-03 13:45:02.774 [info] Review+0> No matching pull request metadata found on GitHub for current branch main
2025-03-03 13:45:15.828 [info] Review+0> Validate state in progress
2025-03-03 13:45:15.828 [info] Review+0> Validating state...
2025-03-03 13:45:16.042 [info] Found GitHub remote for folder /workspace/project
2025-03-03 13:45:16.043 [info] Using in-memory cached assignable users.
2025-03-03 13:45:16.050 [info] Review+0> No matching pull request metadata found locally for current branch main
2025-03-03 13:45:16.050 [info] Review+0> No matching pull request metadata found on GitHub for current branch main
2025-03-03 13:45:20.876 [info] Review+0> Validate state in progress
2025-03-03 13:45:20.876 [info] Review+0> Validating state...
2025-03-03 13:45:21.074 [info] Found GitHub remote for folder /workspace/project
2025-03-03 13:45:21.074 [info] Using in-memory cached assignable users.
2025-03-03 13:45:21.081 [info] Review+0> No matching pull request metadata found locally for current branch main
2025-03-03 13:45:21.081 [info] Review+0> No matching pull request metadata found on GitHub for current branch main
2025-03-03 13:45:58.445 [info] Review+0> Validate state in progress
2025-03-03 13:45:58.445 [info] Review+0> Validating state...
2025-03-03 13:45:58.645 [info] Found GitHub remote for folder /workspace/project
2025-03-03 13:45:58.645 [info] Using in-memory cached assignable users.
2025-03-03 13:45:58.653 [info] Review+0> No matching pull request metadata found locally for current branch main
2025-03-03 13:45:58.653 [info] Review+0> No matching pull request metadata found on GitHub for current branch main
2025-03-03 13:46:06.282 [info] Review+0> Validate state in progress
2025-03-03 13:46:06.282 [info] Review+0> Validating state...
2025-03-03 13:46:06.479 [info] Found GitHub remote for folder /workspace/project
2025-03-03 13:46:06.480 [info] Using in-memory cached assignable users.
2025-03-03 13:46:06.487 [info] Review+0> No matching pull request metadata found locally for current branch main
2025-03-03 13:46:06.487 [info] Review+0> No matching pull request metadata found on GitHub for current branch main
2025-03-03 13:46:38.955 [info] Review+0> Validate state in progress
2025-03-03 13:46:38.955 [info] Review+0> Validating state...
2025-03-03 13:46:39.188 [info] Found GitHub remote for folder /workspace/project
2025-03-03 13:46:39.188 [info] Using in-memory cached assignable users.
2025-03-03 13:46:39.194 [info] Review+0> No matching pull request metadata found locally for current branch main
2025-03-03 13:46:39.194 [info] Review+0> No matching pull request metadata found on GitHub for current branch main
2025-03-03 13:46:43.996 [info] Review+0> Validate state in progress
2025-03-03 13:46:43.996 [info] Review+0> Validating state...
2025-03-03 13:46:44.165 [info] Found GitHub remote for folder /workspace/project
2025-03-03 13:46:44.166 [info] Using in-memory cached assignable users.
2025-03-03 13:46:44.172 [info] Review+0> No matching pull request metadata found locally for current branch main
2025-03-03 13:46:44.172 [info] Review+0> No matching pull request metadata found on GitHub for current branch main
2025-03-03 13:46:59.107 [info] Review+0> Validate state in progress
2025-03-03 13:46:59.107 [info] Review+0> Validating state...
2025-03-03 13:46:59.283 [info] Found GitHub remote for folder /workspace/project
2025-03-03 13:46:59.283 [info] Using in-memory cached assignable users.
2025-03-03 13:46:59.289 [info] Review+0> No matching pull request metadata found locally for current branch main
2025-03-03 13:46:59.289 [info] Review+0> No matching pull request metadata found on GitHub for current branch main
2025-03-03 13:47:09.184 [info] Review+0> Validate state in progress
2025-03-03 13:47:09.184 [info] Review+0> Validating state...
2025-03-03 13:47:09.483 [info] Found GitHub remote for folder /workspace/project
2025-03-03 13:47:09.484 [info] Using in-memory cached assignable users.
2025-03-03 13:47:09.492 [info] Review+0> No matching pull request metadata found locally for current branch main
2025-03-03 13:47:09.492 [info] Review+0> No matching pull request metadata found on GitHub for current branch main
2025-03-03 13:47:19.259 [info] Review+0> Validate state in progress
2025-03-03 13:47:19.259 [info] Review+0> Validating state...
2025-03-03 13:47:19.521 [info] Found GitHub remote for folder /workspace/project
2025-03-03 13:47:19.521 [info] Using in-memory cached assignable users.
2025-03-03 13:47:19.528 [info] Review+0> No matching pull request metadata found locally for current branch main
2025-03-03 13:47:19.528 [info] Review+0> No matching pull request metadata found on GitHub for current branch main
2025-03-03 13:47:24.299 [info] Review+0> Validate state in progress
2025-03-03 13:47:24.299 [info] Review+0> Validating state...
2025-03-03 13:47:24.476 [info] Found GitHub remote for folder /workspace/project
2025-03-03 13:47:24.476 [info] Using in-memory cached assignable users.
2025-03-03 13:47:24.483 [info] Review+0> No matching pull request metadata found locally for current branch main
2025-03-03 13:47:24.483 [info] Review+0> No matching pull request metadata found on GitHub for current branch main
2025-03-03 13:48:02.351 [info] Review+0> Validate state in progress
2025-03-03 13:48:02.351 [info] Review+0> Validating state...
2025-03-03 13:48:02.546 [info] Found GitHub remote for folder /workspace/project
2025-03-03 13:48:02.547 [info] Using in-memory cached assignable users.
2025-03-03 13:48:02.554 [info] Review+0> No matching pull request metadata found locally for current branch main
2025-03-03 13:48:02.554 [info] Review+0> No matching pull request metadata found on GitHub for current branch main
2025-03-03 13:48:12.427 [info] Review+0> Validate state in progress
2025-03-03 13:48:12.427 [info] Review+0> Validating state...
2025-03-03 13:48:12.607 [info] Found GitHub remote for folder /workspace/project
2025-03-03 13:48:12.608 [info] Using in-memory cached assignable users.
2025-03-03 13:48:12.614 [info] Review+0> No matching pull request metadata found locally for current branch main
2025-03-03 13:48:12.614 [info] Review+0> No matching pull request metadata found on GitHub for current branch main
2025-03-03 13:49:50.303 [info] Review+0> Validate state in progress
2025-03-03 13:49:50.303 [info] Review+0> Validating state...
2025-03-03 13:49:50.488 [info] Found GitHub remote for folder /workspace/project
2025-03-03 13:49:50.489 [info] Using in-memory cached assignable users.
2025-03-03 13:49:50.496 [info] Review+0> No matching pull request metadata found locally for current branch main
2025-03-03 13:49:50.496 [info] Review+0> No matching pull request metadata found on GitHub for current branch main
2025-03-03 13:49:55.348 [info] Review+0> Validate state in progress
2025-03-03 13:49:55.348 [info] Review+0> Validating state...
2025-03-03 13:49:55.634 [info] Found GitHub remote for folder /workspace/project
2025-03-03 13:49:55.634 [info] Using in-memory cached assignable users.
2025-03-03 13:49:55.642 [info] Review+0> No matching pull request metadata found locally for current branch main
2025-03-03 13:49:55.642 [info] Review+0> No matching pull request metadata found on GitHub for current branch main
2025-03-03 13:50:41.886 [info] Review+0> Validate state in progress
2025-03-03 13:50:41.886 [info] Review+0> Validating state...
2025-03-03 13:50:42.058 [info] Found GitHub remote for folder /workspace/project
2025-03-03 13:50:42.058 [info] Using in-memory cached assignable users.
2025-03-03 13:50:42.064 [info] Review+0> No matching pull request metadata found locally for current branch main
2025-03-03 13:50:42.065 [info] Review+0> No matching pull request metadata found on GitHub for current branch main
2025-03-03 13:50:57.001 [info] Review+0> Validate state in progress
2025-03-03 13:50:57.001 [info] Review+0> Validating state...
2025-03-03 13:50:57.250 [info] Found GitHub remote for folder /workspace/project
2025-03-03 13:50:57.250 [info] Using in-memory cached assignable users.
2025-03-03 13:50:57.257 [info] Review+0> No matching pull request metadata found locally for current branch main
2025-03-03 13:50:57.257 [info] Review+0> No matching pull request metadata found on GitHub for current branch main
