2025-03-16 05:15:28.621 [info] Extension host with pid 124 started
2025-03-16 05:15:28.627 [info] Lock '/workspace/.vscode-remote/data/User/workspaceStorage/-1fc36c54/vscode.lock': Lock acquired.
2025-03-16 05:15:28.938 [info] ExtensionService#_doActivateExtension vscode.emmet, startup: false, activationEvent: 'onLanguage'
2025-03-16 05:15:28.939 [info] ExtensionService#_doActivateExtension gitpod.gitpod-web, startup: false, activationEvent: 'onAuthenticationRequest:gitpod'
2025-03-16 05:15:29.524 [info] ExtensionService#_doActivateExtension vscode.git-base, startup: true, activationEvent: '*', root cause: vscode.git
2025-03-16 05:15:29.710 [info] ExtensionService#_doActivateExtension vscode.git, startup: true, activationEvent: '*'
2025-03-16 05:15:29.710 [info] ExtensionService#_doActivateExtension vscode.github, startup: true, activationEvent: '*'
2025-03-16 05:15:30.104 [info] ExtensionService#_doActivateExtension redhat.vscode-yaml, startup: false, activationEvent: 'onLanguage:yaml'
2025-03-16 05:15:30.223 [info] Eager extensions activated
2025-03-16 05:15:30.223 [info] ExtensionService#_doActivateExtension vscode.debug-auto-launch, startup: false, activationEvent: 'onStartupFinished'
2025-03-16 05:15:30.223 [info] ExtensionService#_doActivateExtension vscode.merge-conflict, startup: false, activationEvent: 'onStartupFinished'
2025-03-16 05:15:30.224 [info] ExtensionService#_doActivateExtension vscode.github-authentication, startup: false, activationEvent: 'onStartupFinished', root cause: GitHub.vscode-pull-request-github
2025-03-16 05:15:30.438 [info] ExtensionService#_doActivateExtension GitHub.vscode-pull-request-github, startup: false, activationEvent: 'onStartupFinished'
2025-03-16 05:15:30.838 [warning] [redhat.vscode-yaml] Accessing a resource scoped configuration without providing a resource is not expected. To get the effective value for '[yaml]', provide the URI of a resource or 'null' for any resource.
2025-03-16 05:15:30.840 [warning] [redhat.vscode-yaml] Accessing a resource scoped configuration without providing a resource is not expected. To get the effective value for '[yaml]', provide the URI of a resource or 'null' for any resource.
2025-03-16 05:15:31.089 [warning] [redhat.vscode-yaml] Accessing a resource scoped configuration without providing a resource is not expected. To get the effective value for '[yaml]', provide the URI of a resource or 'null' for any resource.
2025-03-16 05:15:31.133 [info] ExtensionService#_doActivateExtension vscode.configuration-editing, startup: false, activationEvent: 'onLanguage:jsonc'
2025-03-16 05:15:31.133 [info] ExtensionService#_doActivateExtension vscode.json-language-features, startup: false, activationEvent: 'onLanguage:jsonc'
2025-03-16 05:15:31.133 [info] ExtensionService#_doActivateExtension vscode.typescript-language-features, startup: false, activationEvent: 'onLanguage:jsonc'
2025-03-16 05:46:13.261 [info] Extension host terminating: received terminate message from renderer
2025-03-16 05:46:13.262 [info] Lock '/workspace/.vscode-remote/data/User/workspaceStorage/-1fc36c54/vscode.lock': Marking the lockfile as scheduled to be released in 6000 ms.
2025-03-16 05:46:13.309 [error] Canceled: Canceled
	at new YT (file:///ide/out/vs/workbench/api/node/extensionHostProcess.js:29:128073)
	at jy.U (file:///ide/out/vs/workbench/api/node/extensionHostProcess.js:29:132683)
	at s.<computed>.n.charCodeAt.s.<computed> (file:///ide/out/vs/workbench/api/node/extensionHostProcess.js:29:130177)
	at vw.g (file:///ide/out/vs/workbench/api/node/extensionHostProcess.js:112:32371)
	at vw.executeCommand (file:///ide/out/vs/workbench/api/node/extensionHostProcess.js:112:31875)
	at r.registerCommand.description (file:///ide/out/vs/workbench/api/node/extensionHostProcess.js:112:31205)
	at vw.h (file:///ide/out/vs/workbench/api/node/extensionHostProcess.js:112:32891)
	at vw.g (file:///ide/out/vs/workbench/api/node/extensionHostProcess.js:112:31968)
	at vw.executeCommand (file:///ide/out/vs/workbench/api/node/extensionHostProcess.js:112:31875)
	at Object.executeCommand (file:///ide/out/vs/workbench/api/node/extensionHostProcess.js:172:37256)
	at Th.L [as value] (/ide/extensions/git/dist/main.js:2:997602)
	at D.B (file:///ide/out/vs/workbench/api/node/extensionHostProcess.js:27:2373)
	at D.C (file:///ide/out/vs/workbench/api/node/extensionHostProcess.js:27:2443)
	at D.fire (file:///ide/out/vs/workbench/api/node/extensionHostProcess.js:27:2660)
	at Object.p [as dispose] (/ide/extensions/git/dist/main.js:2:1020242)
	at /ide/extensions/git/dist/main.js:2:1026621
	at Array.forEach (<anonymous>)
	at b.dispose (/ide/extensions/git/dist/main.js:2:1026607)
	at lv.<anonymous> (file:///ide/out/vs/workbench/api/node/extensionHostProcess.js:106:20084)
	at lv.dispose (file:///ide/out/vs/workbench/api/node/extensionHostProcess.js:106:20180)
	at lv.<anonymous> (/ide/extensions/git/dist/main.js:2:1000086)
	at lv.dispose (file:///ide/out/vs/workbench/api/node/extensionHostProcess.js:106:20180)
	at ui (file:///ide/out/vs/workbench/api/node/extensionHostProcess.js:25:699)
	at file:///ide/out/vs/workbench/api/node/extensionHostProcess.js:116:14992
	at file:///ide/out/vs/workbench/api/node/extensionHostProcess.js:25:1009
	at Object.dispose (file:///ide/out/vs/workbench/api/node/extensionHostProcess.js:8:705)
	at AW.eb (file:///ide/out/vs/workbench/api/node/extensionHostProcess.js:116:11919)
	at file:///ide/out/vs/workbench/api/node/extensionHostProcess.js:116:9874
	at Array.map (<anonymous>)
	at AW.$ (file:///ide/out/vs/workbench/api/node/extensionHostProcess.js:116:9862)
	at AW.terminate (file:///ide/out/vs/workbench/api/node/extensionHostProcess.js:116:10105)
	at bC.terminate (file:///ide/out/vs/workbench/api/node/extensionHostProcess.js:117:1434)
	at ts (file:///ide/out/vs/workbench/api/node/extensionHostProcess.js:190:15080)
	at Th.value (file:///ide/out/vs/workbench/api/node/extensionHostProcess.js:190:13241)
	at D.B (file:///ide/out/vs/workbench/api/node/extensionHostProcess.js:27:2373)
	at D.fire (file:///ide/out/vs/workbench/api/node/extensionHostProcess.js:27:2591)
	at Xn.fire (file:///ide/out/vs/workbench/api/node/extensionHostProcess.js:29:9458)
	at Jm.A (file:///ide/out/vs/workbench/api/node/extensionHostProcess.js:29:12574)
	at Th.value (file:///ide/out/vs/workbench/api/node/extensionHostProcess.js:29:10994)
	at D.B (file:///ide/out/vs/workbench/api/node/extensionHostProcess.js:27:2373)
	at D.fire (file:///ide/out/vs/workbench/api/node/extensionHostProcess.js:27:2591)
	at v6.acceptChunk (file:///ide/out/vs/workbench/api/node/extensionHostProcess.js:29:7941)
	at Th.value (file:///ide/out/vs/workbench/api/node/extensionHostProcess.js:29:7227)
	at D.B (file:///ide/out/vs/workbench/api/node/extensionHostProcess.js:27:2373)
	at D.fire (file:///ide/out/vs/workbench/api/node/extensionHostProcess.js:27:2591)
	at HA.z (file:///ide/out/vs/workbench/api/node/extensionHostProcess.js:29:21925) setContext undefined
2025-03-16 05:46:13.309 [error] Canceled: Canceled
	at new YT (file:///ide/out/vs/workbench/api/node/extensionHostProcess.js:29:128073)
	at jy.U (file:///ide/out/vs/workbench/api/node/extensionHostProcess.js:29:132683)
	at s.<computed>.n.charCodeAt.s.<computed> (file:///ide/out/vs/workbench/api/node/extensionHostProcess.js:29:130177)
	at vw.g (file:///ide/out/vs/workbench/api/node/extensionHostProcess.js:112:32371)
	at vw.executeCommand (file:///ide/out/vs/workbench/api/node/extensionHostProcess.js:112:31875)
	at r.registerCommand.description (file:///ide/out/vs/workbench/api/node/extensionHostProcess.js:112:31205)
	at vw.h (file:///ide/out/vs/workbench/api/node/extensionHostProcess.js:112:32891)
	at vw.g (file:///ide/out/vs/workbench/api/node/extensionHostProcess.js:112:31968)
	at vw.executeCommand (file:///ide/out/vs/workbench/api/node/extensionHostProcess.js:112:31875)
	at Object.executeCommand (file:///ide/out/vs/workbench/api/node/extensionHostProcess.js:172:37256)
	at set hasGitHubRepositories [as hasGitHubRepositories] (/ide/extensions/github/dist/extension.js:2:344164)
	at /ide/extensions/github/dist/extension.js:2:345123
	at Th.value (/ide/extensions/git/dist/main.js:2:1117802)
	at D.B (file:///ide/out/vs/workbench/api/node/extensionHostProcess.js:27:2373)
	at D.C (file:///ide/out/vs/workbench/api/node/extensionHostProcess.js:27:2443)
	at D.fire (file:///ide/out/vs/workbench/api/node/extensionHostProcess.js:27:2660)
	at Object.p [as dispose] (/ide/extensions/git/dist/main.js:2:1020242)
	at /ide/extensions/git/dist/main.js:2:1026621
	at Array.forEach (<anonymous>)
	at b.dispose (/ide/extensions/git/dist/main.js:2:1026607)
	at lv.<anonymous> (file:///ide/out/vs/workbench/api/node/extensionHostProcess.js:106:20084)
	at lv.dispose (file:///ide/out/vs/workbench/api/node/extensionHostProcess.js:106:20180)
	at lv.<anonymous> (/ide/extensions/git/dist/main.js:2:1000086)
	at lv.dispose (file:///ide/out/vs/workbench/api/node/extensionHostProcess.js:106:20180)
	at ui (file:///ide/out/vs/workbench/api/node/extensionHostProcess.js:25:699)
	at file:///ide/out/vs/workbench/api/node/extensionHostProcess.js:116:14992
	at file:///ide/out/vs/workbench/api/node/extensionHostProcess.js:25:1009
	at Object.dispose (file:///ide/out/vs/workbench/api/node/extensionHostProcess.js:8:705)
	at AW.eb (file:///ide/out/vs/workbench/api/node/extensionHostProcess.js:116:11919)
	at file:///ide/out/vs/workbench/api/node/extensionHostProcess.js:116:9874
	at Array.map (<anonymous>)
	at AW.$ (file:///ide/out/vs/workbench/api/node/extensionHostProcess.js:116:9862)
	at AW.terminate (file:///ide/out/vs/workbench/api/node/extensionHostProcess.js:116:10105)
	at bC.terminate (file:///ide/out/vs/workbench/api/node/extensionHostProcess.js:117:1434)
	at ts (file:///ide/out/vs/workbench/api/node/extensionHostProcess.js:190:15080)
	at Th.value (file:///ide/out/vs/workbench/api/node/extensionHostProcess.js:190:13241)
	at D.B (file:///ide/out/vs/workbench/api/node/extensionHostProcess.js:27:2373)
	at D.fire (file:///ide/out/vs/workbench/api/node/extensionHostProcess.js:27:2591)
	at Xn.fire (file:///ide/out/vs/workbench/api/node/extensionHostProcess.js:29:9458)
	at Jm.A (file:///ide/out/vs/workbench/api/node/extensionHostProcess.js:29:12574)
	at Th.value (file:///ide/out/vs/workbench/api/node/extensionHostProcess.js:29:10994)
	at D.B (file:///ide/out/vs/workbench/api/node/extensionHostProcess.js:27:2373)
	at D.fire (file:///ide/out/vs/workbench/api/node/extensionHostProcess.js:27:2591)
	at v6.acceptChunk (file:///ide/out/vs/workbench/api/node/extensionHostProcess.js:29:7941)
	at Th.value (file:///ide/out/vs/workbench/api/node/extensionHostProcess.js:29:7227)
	at D.B (file:///ide/out/vs/workbench/api/node/extensionHostProcess.js:27:2373)
	at D.fire (file:///ide/out/vs/workbench/api/node/extensionHostProcess.js:27:2591)
	at HA.z (file:///ide/out/vs/workbench/api/node/extensionHostProcess.js:29:21925) setContext undefined
2025-03-16 05:46:13.312 [error] Canceled: Canceled
	at new YT (file:///ide/out/vs/workbench/api/node/extensionHostProcess.js:29:128073)
	at jy.U (file:///ide/out/vs/workbench/api/node/extensionHostProcess.js:29:132683)
	at s.<computed>.n.charCodeAt.s.<computed> (file:///ide/out/vs/workbench/api/node/extensionHostProcess.js:29:130177)
	at vw.g (file:///ide/out/vs/workbench/api/node/extensionHostProcess.js:112:32371)
	at vw.executeCommand (file:///ide/out/vs/workbench/api/node/extensionHostProcess.js:112:31875)
	at r.registerCommand.description (file:///ide/out/vs/workbench/api/node/extensionHostProcess.js:112:31205)
	at vw.h (file:///ide/out/vs/workbench/api/node/extensionHostProcess.js:112:32891)
	at vw.g (file:///ide/out/vs/workbench/api/node/extensionHostProcess.js:112:31968)
	at vw.executeCommand (file:///ide/out/vs/workbench/api/node/extensionHostProcess.js:112:31875)
	at Object.executeCommand (file:///ide/out/vs/workbench/api/node/extensionHostProcess.js:172:37256)
	at e (/workspace/.vscode-remote/extensions/github.vscode-pull-request-github-0.106.0-universal/dist/extension.js:2081:447845)
	at Object.i [as setContext] (/workspace/.vscode-remote/extensions/github.vscode-pull-request-github-0.106.0-universal/dist/extension.js:2081:447960)
	at Mf.updateActiveReviewCount (/workspace/.vscode-remote/extensions/github.vscode-pull-request-github-0.106.0-universal/dist/extension.js:2190:21287)
	at Mf.removeRepo (/workspace/.vscode-remote/extensions/github.vscode-pull-request-github-0.106.0-universal/dist/extension.js:2190:22472)
	at Th.value (/workspace/.vscode-remote/extensions/github.vscode-pull-request-github-0.106.0-universal/dist/extension.js:2526:4265)
	at D.B (file:///ide/out/vs/workbench/api/node/extensionHostProcess.js:27:2373)
	at D.C (file:///ide/out/vs/workbench/api/node/extensionHostProcess.js:27:2443)
	at D.fire (file:///ide/out/vs/workbench/api/node/extensionHostProcess.js:27:2660)
	at Th.value (/workspace/.vscode-remote/extensions/github.vscode-pull-request-github-0.106.0-universal/dist/extension.js:2081:444625)
	at D.B (file:///ide/out/vs/workbench/api/node/extensionHostProcess.js:27:2373)
	at D.fire (file:///ide/out/vs/workbench/api/node/extensionHostProcess.js:27:2591)
	at /workspace/.vscode-remote/extensions/github.vscode-pull-request-github-0.106.0-universal/dist/extension.js:2190:26488
	at Th.value (/ide/extensions/git/dist/main.js:2:1117802)
	at D.B (file:///ide/out/vs/workbench/api/node/extensionHostProcess.js:27:2373)
	at D.C (file:///ide/out/vs/workbench/api/node/extensionHostProcess.js:27:2443)
	at D.fire (file:///ide/out/vs/workbench/api/node/extensionHostProcess.js:27:2660)
	at Object.p [as dispose] (/ide/extensions/git/dist/main.js:2:1020242)
	at /ide/extensions/git/dist/main.js:2:1026621
	at Array.forEach (<anonymous>)
	at b.dispose (/ide/extensions/git/dist/main.js:2:1026607)
	at lv.<anonymous> (file:///ide/out/vs/workbench/api/node/extensionHostProcess.js:106:20084)
	at lv.dispose (file:///ide/out/vs/workbench/api/node/extensionHostProcess.js:106:20180)
	at lv.<anonymous> (/ide/extensions/git/dist/main.js:2:1000086)
	at lv.dispose (file:///ide/out/vs/workbench/api/node/extensionHostProcess.js:106:20180)
	at ui (file:///ide/out/vs/workbench/api/node/extensionHostProcess.js:25:699)
	at file:///ide/out/vs/workbench/api/node/extensionHostProcess.js:116:14992
	at file:///ide/out/vs/workbench/api/node/extensionHostProcess.js:25:1009
	at Object.dispose (file:///ide/out/vs/workbench/api/node/extensionHostProcess.js:8:705)
	at AW.eb (file:///ide/out/vs/workbench/api/node/extensionHostProcess.js:116:11919)
	at file:///ide/out/vs/workbench/api/node/extensionHostProcess.js:116:9874
	at Array.map (<anonymous>)
	at AW.$ (file:///ide/out/vs/workbench/api/node/extensionHostProcess.js:116:9862)
	at AW.terminate (file:///ide/out/vs/workbench/api/node/extensionHostProcess.js:116:10105)
	at bC.terminate (file:///ide/out/vs/workbench/api/node/extensionHostProcess.js:117:1434)
	at ts (file:///ide/out/vs/workbench/api/node/extensionHostProcess.js:190:15080)
	at Th.value (file:///ide/out/vs/workbench/api/node/extensionHostProcess.js:190:13241)
	at D.B (file:///ide/out/vs/workbench/api/node/extensionHostProcess.js:27:2373)
	at D.fire (file:///ide/out/vs/workbench/api/node/extensionHostProcess.js:27:2591)
	at Xn.fire (file:///ide/out/vs/workbench/api/node/extensionHostProcess.js:29:9458)
	at Jm.A (file:///ide/out/vs/workbench/api/node/extensionHostProcess.js:29:12574)
	at Th.value (file:///ide/out/vs/workbench/api/node/extensionHostProcess.js:29:10994)
	at D.B (file:///ide/out/vs/workbench/api/node/extensionHostProcess.js:27:2373)
	at D.fire (file:///ide/out/vs/workbench/api/node/extensionHostProcess.js:27:2591)
	at v6.acceptChunk (file:///ide/out/vs/workbench/api/node/extensionHostProcess.js:29:7941)
	at Th.value (file:///ide/out/vs/workbench/api/node/extensionHostProcess.js:29:7227)
	at D.B (file:///ide/out/vs/workbench/api/node/extensionHostProcess.js:27:2373)
	at D.fire (file:///ide/out/vs/workbench/api/node/extensionHostProcess.js:27:2591)
	at HA.z (file:///ide/out/vs/workbench/api/node/extensionHostProcess.js:29:21925) setContext undefined
2025-03-16 05:46:13.312 [error] Canceled: Canceled
	at new YT (file:///ide/out/vs/workbench/api/node/extensionHostProcess.js:29:128073)
	at jy.U (file:///ide/out/vs/workbench/api/node/extensionHostProcess.js:29:132683)
	at s.<computed>.n.charCodeAt.s.<computed> (file:///ide/out/vs/workbench/api/node/extensionHostProcess.js:29:130177)
	at vw.g (file:///ide/out/vs/workbench/api/node/extensionHostProcess.js:112:32371)
	at vw.executeCommand (file:///ide/out/vs/workbench/api/node/extensionHostProcess.js:112:31875)
	at r.registerCommand.description (file:///ide/out/vs/workbench/api/node/extensionHostProcess.js:112:31205)
	at vw.h (file:///ide/out/vs/workbench/api/node/extensionHostProcess.js:112:32891)
	at vw.g (file:///ide/out/vs/workbench/api/node/extensionHostProcess.js:112:31968)
	at vw.executeCommand (file:///ide/out/vs/workbench/api/node/extensionHostProcess.js:112:31875)
	at Object.executeCommand (file:///ide/out/vs/workbench/api/node/extensionHostProcess.js:172:37256)
	at e (/workspace/.vscode-remote/extensions/github.vscode-pull-request-github-0.106.0-universal/dist/extension.js:2081:447845)
	at Object.i [as setContext] (/workspace/.vscode-remote/extensions/github.vscode-pull-request-github-0.106.0-universal/dist/extension.js:2081:447960)
	at hf.setReviewModeContexts (/workspace/.vscode-remote/extensions/github.vscode-pull-request-github-0.106.0-universal/dist/extension.js:2513:19366)
	at hf.removePrFromView (/workspace/.vscode-remote/extensions/github.vscode-pull-request-github-0.106.0-universal/dist/extension.js:2513:19993)
	at Of.clear (/workspace/.vscode-remote/extensions/github.vscode-pull-request-github-0.106.0-universal/dist/extension.js:2171:8134)
	at Of.dispose (/workspace/.vscode-remote/extensions/github.vscode-pull-request-github-0.106.0-universal/dist/extension.js:2173:188)
	at Ef.removeReviewManager (/workspace/.vscode-remote/extensions/github.vscode-pull-request-github-0.106.0-universal/dist/extension.js:2513:51034)
	at Th.value (/workspace/.vscode-remote/extensions/github.vscode-pull-request-github-0.106.0-universal/dist/extension.js:2526:4283)
	at D.B (file:///ide/out/vs/workbench/api/node/extensionHostProcess.js:27:2373)
	at D.C (file:///ide/out/vs/workbench/api/node/extensionHostProcess.js:27:2443)
	at D.fire (file:///ide/out/vs/workbench/api/node/extensionHostProcess.js:27:2660)
	at Th.value (/workspace/.vscode-remote/extensions/github.vscode-pull-request-github-0.106.0-universal/dist/extension.js:2081:444625)
	at D.B (file:///ide/out/vs/workbench/api/node/extensionHostProcess.js:27:2373)
	at D.fire (file:///ide/out/vs/workbench/api/node/extensionHostProcess.js:27:2591)
	at /workspace/.vscode-remote/extensions/github.vscode-pull-request-github-0.106.0-universal/dist/extension.js:2190:26488
	at Th.value (/ide/extensions/git/dist/main.js:2:1117802)
	at D.B (file:///ide/out/vs/workbench/api/node/extensionHostProcess.js:27:2373)
	at D.C (file:///ide/out/vs/workbench/api/node/extensionHostProcess.js:27:2443)
	at D.fire (file:///ide/out/vs/workbench/api/node/extensionHostProcess.js:27:2660)
	at Object.p [as dispose] (/ide/extensions/git/dist/main.js:2:1020242)
	at /ide/extensions/git/dist/main.js:2:1026621
	at Array.forEach (<anonymous>)
	at b.dispose (/ide/extensions/git/dist/main.js:2:1026607)
	at lv.<anonymous> (file:///ide/out/vs/workbench/api/node/extensionHostProcess.js:106:20084)
	at lv.dispose (file:///ide/out/vs/workbench/api/node/extensionHostProcess.js:106:20180)
	at lv.<anonymous> (/ide/extensions/git/dist/main.js:2:1000086)
	at lv.dispose (file:///ide/out/vs/workbench/api/node/extensionHostProcess.js:106:20180)
	at ui (file:///ide/out/vs/workbench/api/node/extensionHostProcess.js:25:699)
	at file:///ide/out/vs/workbench/api/node/extensionHostProcess.js:116:14992
	at file:///ide/out/vs/workbench/api/node/extensionHostProcess.js:25:1009
	at Object.dispose (file:///ide/out/vs/workbench/api/node/extensionHostProcess.js:8:705)
	at AW.eb (file:///ide/out/vs/workbench/api/node/extensionHostProcess.js:116:11919)
	at file:///ide/out/vs/workbench/api/node/extensionHostProcess.js:116:9874
	at Array.map (<anonymous>)
	at AW.$ (file:///ide/out/vs/workbench/api/node/extensionHostProcess.js:116:9862)
	at AW.terminate (file:///ide/out/vs/workbench/api/node/extensionHostProcess.js:116:10105)
	at bC.terminate (file:///ide/out/vs/workbench/api/node/extensionHostProcess.js:117:1434)
	at ts (file:///ide/out/vs/workbench/api/node/extensionHostProcess.js:190:15080)
	at Th.value (file:///ide/out/vs/workbench/api/node/extensionHostProcess.js:190:13241)
	at D.B (file:///ide/out/vs/workbench/api/node/extensionHostProcess.js:27:2373)
	at D.fire (file:///ide/out/vs/workbench/api/node/extensionHostProcess.js:27:2591)
	at Xn.fire (file:///ide/out/vs/workbench/api/node/extensionHostProcess.js:29:9458)
	at Jm.A (file:///ide/out/vs/workbench/api/node/extensionHostProcess.js:29:12574)
	at Th.value (file:///ide/out/vs/workbench/api/node/extensionHostProcess.js:29:10994)
	at D.B (file:///ide/out/vs/workbench/api/node/extensionHostProcess.js:27:2373)
	at D.fire (file:///ide/out/vs/workbench/api/node/extensionHostProcess.js:27:2591)
	at v6.acceptChunk (file:///ide/out/vs/workbench/api/node/extensionHostProcess.js:29:7941)
	at Th.value (file:///ide/out/vs/workbench/api/node/extensionHostProcess.js:29:7227)
	at D.B (file:///ide/out/vs/workbench/api/node/extensionHostProcess.js:27:2373)
	at D.fire (file:///ide/out/vs/workbench/api/node/extensionHostProcess.js:27:2591)
	at HA.z (file:///ide/out/vs/workbench/api/node/extensionHostProcess.js:29:21925) setContext undefined
2025-03-16 05:46:13.316 [info] Extension host with pid 124 exiting with code 0
