2025-02-26 12:28:29.288 [info] Log level: Info
2025-02-26 12:28:29.288 [info] VSCODE_MACHINE_ID: 7566096d-b1e3-437c-91c2-645dbb8525af
2025-02-26 12:28:29.288 [info] VSCODE_SESSION_ID: 96d086bf-a1f5-4320-ac2e-1a4c452aa24f1740572903141
2025-02-26 12:28:29.288 [info] VSCODE_VERSION: 1.96.3
2025-02-26 12:28:29.288 [info] VSCODE_APP_NAME: Gitpod Code
2025-02-26 12:28:29.288 [info] VSCODE_APP_HOST: Gitpod
2025-02-26 12:28:29.288 [info] VSCODE_UI_KIND: web
2025-02-26 12:28:29.288 [info] GITPOD_WORKSPACE_CONTEXT_URL: https://github.com/freeCodeCamp/learn-bash-scripting-by-building-five-programs
2025-02-26 12:28:29.288 [info] GITPOD_INSTANCE_ID: d3948b3e-f2b7-4cf0-b2d7-0bea1070b2f4
2025-02-26 12:28:29.288 [info] GITPOD_WORKSPACE_URL: https://freecodecam-learnbashsc-c6iao5vqmq4.ws-us118.gitpod.io
2025-02-26 12:28:29.288 [info] Gitpod Web 3953e81
2025-02-26 12:28:29.288 [info] Reading sessions from keychain...
2025-02-26 12:28:29.450 [info] Getting sessions for all scopes...
2025-02-26 12:28:29.450 [info] Getting sessions for all scopes...
2025-02-26 12:28:29.450 [info] Getting GitHub sessions for all scopes...
2025-02-26 12:28:29.451 [info] Getting sessions for function:accessCodeSyncStorage...
2025-02-26 12:28:29.451 [info] Got stored sessions!
2025-02-26 12:28:29.451 [info] Verified session with the following scopes: function:accessCodeSyncStorage function:closePort function:controlAdmission function:deleteEnvVar function:generateNewGitpodToken function:getDefaultWorkspaceImage function:getGitpodTokenScopes function:getIDToken function:getLoggedInUser function:getOpenPorts function:getSupportedWorkspaceClasses function:getTeams function:getToken function:getWorkspace function:getWorkspaceEnvVars function:getWorkspaceOwner function:getWorkspaceTimeout function:getWorkspaceUsers function:guessGitTokenScopes function:isWorkspaceOwner function:openPort function:sendHeartBeat function:setEnvVar function:setWorkspaceTimeout function:stopWorkspace function:takeSnapshot function:trackEvent function:updateGitStatus function:waitForSnapshot resource:contentBlob::*::create/get resource:envVar::*/**::update resource:envVar::*/*::update resource:envVar::freeCodeCamp/learn-bash-scripting-by-building-five-programs::create/get/update/delete resource:gitpodToken::*::create resource:snapshot::ws-freecodecam-learnbashsc-c6iao5vqmq4::create resource:token::*::get resource:userStorage::*::create/get/update resource:workspace::freecodecam-learnbashsc-c6iao5vqmq4::get/update resource:workspaceInstance::d3948b3e-f2b7-4cf0-b2d7-0bea1070b2f4::get/update/delete
2025-02-26 12:28:29.451 [info] Got 1 verified sessions.
2025-02-26 12:28:29.451 [info] Got 1 sessions for all scopes...
2025-02-26 12:28:29.451 [info] Got 1 sessions for all scopes...
2025-02-26 12:28:29.451 [info] Got 1 sessions for function:accessCodeSyncStorage...
2025-02-26 12:28:29.543 [info] Got 1 GitHub sessions for all scopes...
2025-02-26 12:28:29.750 [info] Getting GitHub sessions for all scopes...
2025-02-26 12:28:29.750 [info] Getting sessions for all scopes...
2025-02-26 12:28:29.750 [info] Got 1 GitHub sessions for all scopes...
2025-02-26 12:28:29.750 [info] Got 1 sessions for all scopes...
2025-02-26 12:28:29.784 [info] Getting GitHub sessions for all scopes...
2025-02-26 12:28:29.785 [info] Got 1 GitHub sessions for all scopes...
2025-02-26 12:28:30.447 [info] Getting GitHub sessions for read:user,repo,user:email,workflow...
2025-02-26 12:28:30.447 [info] Got 0 GitHub sessions for read:user,repo,user:email,workflow...
2025-02-26 12:28:31.024 [info] Getting GitHub sessions for project,read:org,read:user,repo,user:email,workflow...
2025-02-26 12:28:31.024 [info] Got 0 GitHub sessions for project,read:org,read:user,repo,user:email,workflow...
2025-02-26 12:28:31.517 [info] Getting GitHub sessions for read:user,repo,user:email,workflow...
2025-02-26 12:28:31.517 [info] Got 0 GitHub sessions for read:user,repo,user:email,workflow...
2025-02-26 12:28:32.006 [info] Getting GitHub sessions for read:user,repo,user:email...
2025-02-26 12:28:32.006 [info] Got 0 GitHub sessions for read:user,repo,user:email...
2025-02-26 12:28:32.500 [info] Getting GitHub sessions for read:user,repo,user:email,workflow...
2025-02-26 12:28:32.500 [info] Got 0 GitHub sessions for read:user,repo,user:email,workflow...
